#
# A fatal error has been detected by the Java Runtime Environment:
#
#  EXCEPTION_ACCESS_VIOLATION (0xc0000005) at pc=0x00007ffce056e0a9, pid=8616, tid=13748
#
# JRE version: OpenJDK Runtime Environment Microsoft-8035246 (17.0.8+7) (build 17.0.8+7-LTS)
# Java VM: OpenJDK 64-Bit Server VM Microsoft-8035246 (17.0.8+7-LTS, mixed mode, sharing, tiered, compressed oops, compressed class ptrs, g1 gc, windows-amd64)
# Problematic frame:
# V  [jvm.dll+0x2be0a9]
#
# No core dump will be written. Minidumps are not enabled by default on client versions of Windows
#
# If you would like to submit a bug report, please visit:
#   https://github.com/microsoft/openjdk/issues
#

---------------  S U M M A R Y ------------

Command Line: -XX:MaxMetaspaceSize=512m --add-opens=java.base/java.util=ALL-UNNAMED --add-opens=java.base/java.lang=ALL-UNNAMED --add-opens=java.base/java.lang.invoke=ALL-UNNAMED --add-opens=java.prefs/java.util.prefs=ALL-UNNAMED --add-opens=java.base/java.nio.charset=ALL-UNNAMED --add-opens=java.base/java.net=ALL-UNNAMED --add-opens=java.base/java.util.concurrent.atomic=ALL-UNNAMED -Xmx2048m -Dfile.encoding=windows-1252 -Duser.country=IN -Duser.language=en -Duser.variant -javaagent:C:\Users\shrey\.gradle\wrapper\dists\gradle-8.3-all\6en3ugtfdg5xnpx44z4qbwgas\gradle-8.3\lib\agents\gradle-instrumentation-agent-8.3.jar org.gradle.launcher.daemon.bootstrap.GradleDaemon 8.3

Host: Intel(R) Celeron(R) N4020 CPU @ 1.10GHz, 2 cores, 7G,  Windows 11 , 64 bit Build 22621 (10.0.22621.2506)
Time: Tue Jan 23 12:33:39 2024 India Standard Time elapsed time: 134.397232 seconds (0d 0h 2m 14s)

---------------  T H R E A D  ---------------

Current thread (0x00000209627dbae0):  JavaThread "C2 CompilerThread0" daemon [_thread_in_native, id=13748, stack(0x000000c1dc300000,0x000000c1dc400000)]


Current CompileTask:
C2: 134397 16008       4       org.gradle.cache.internal.ExclusiveCacheAccessingWorker$1::call (10 bytes)

Stack: [0x000000c1dc300000,0x000000c1dc400000],  sp=0x000000c1dc3fb480,  free space=1005k
Native frames: (J=compiled Java code, j=interpreted, Vv=VM code, C=native code)
V  [jvm.dll+0x2be0a9]
V  [jvm.dll+0x21ba8b]
V  [jvm.dll+0x21944b]
V  [jvm.dll+0x1a56b6]
V  [jvm.dll+0x2291ea]
V  [jvm.dll+0x22724c]
V  [jvm.dll+0x7efd0c]
V  [jvm.dll+0x7ea13a]
V  [jvm.dll+0x67ad85]
C  [ucrtbase.dll+0x29363]
C  [KERNEL32.DLL+0x1257d]
C  [ntdll.dll+0x5aa58]


siginfo: EXCEPTION_ACCESS_VIOLATION (0xc0000005), reading address 0x0000000000000028


Register to memory mapping:

RIP=0x00007ffce056e0a9 jvm.dll
RAX=0x000002090c85c8c0 points into unknown readable memory: 0x0000000000000000 | 00 00 00 00 00 00 00 00
RBX=0x000000000000198c is an unknown value
RCX=0x0 is NULL
RDX=0x0 is NULL
RSP=0x000000c1dc3fb480 is pointing into the stack for thread: 0x00000209627dbae0
RBP=0x000000c1dc3fb4f0 is pointing into the stack for thread: 0x00000209627dbae0
RSI=0x0 is NULL
RDI=0x0000000000000051 is an unknown value
R8 =0x000000000000ffe0 is an unknown value
R9 =0x0 is NULL
R10=0x00007ffd44eb0000 VCRUNTIME140.dll
R11=0x000002090c85c8e0 points into unknown readable memory: 0x0000000000000000 | 00 00 00 00 00 00 00 00
R12=0x0000000000000050 is an unknown value
R13=0x0 is NULL
R14=0x0 is NULL
R15=0x000000c1dc3fe6a0 is pointing into the stack for thread: 0x00000209627dbae0


Registers:
RAX=0x000002090c85c8c0, RBX=0x000000000000198c, RCX=0x0000000000000000, RDX=0x0000000000000000
RSP=0x000000c1dc3fb480, RBP=0x000000c1dc3fb4f0, RSI=0x0000000000000000, RDI=0x0000000000000051
R8 =0x000000000000ffe0, R9 =0x0000000000000000, R10=0x00007ffd44eb0000, R11=0x000002090c85c8e0
R12=0x0000000000000050, R13=0x0000000000000000, R14=0x0000000000000000, R15=0x000000c1dc3fe6a0
RIP=0x00007ffce056e0a9, EFLAGS=0x0000000000010202

Top of Stack: (sp=0x000000c1dc3fb480)
0x000000c1dc3fb480:   000000000000198c 0000000000000000
0x000000c1dc3fb490:   000000c1dc3fe6a0 00007ffce04d38d1
0x000000c1dc3fb4a0:   00000209627d3d60 00007ffc00002000
0x000000c1dc3fb4b0:   000002090c85c8c0 0000000000000000
0x000000c1dc3fb4c0:   0000000000000002 000002090c9cdd20
0x000000c1dc3fb4d0:   0000000000000002 00000209627d3d60
0x000000c1dc3fb4e0:   0000000000000000 0000000000000000
0x000000c1dc3fb4f0:   00000209627abc40 00000209451396d0
0x000000c1dc3fb500:   0000000000000051 00007ffce0bf4c08
0x000000c1dc3fb510:   000000c1dc3fb620 00007ffce04cba8b
0x000000c1dc3fb520:   000000c1dc3fe6a0 00007ffce0bf4c08
0x000000c1dc3fb530:   000000c1dc3fe6a0 000000c1dc3fb620
0x000000c1dc3fb540:   000000c100000000 000000c1dc3ff200
0x000000c1dc3fb550:   000000c10000000f 000000c1dc3fe6a0
0x000000c1dc3fb560:   000000c1dc3fb6d0 00007ffc00000000
0x000000c1dc3fb570:   0000020900000100 00007ffce0bf4c08 

Instructions: (pc=0x00007ffce056e0a9)
0x00007ffce056dfa9:   3b d0 75 0b ff c1 41 3b c9 7c dc 48 8b c2 c3 33
0x00007ffce056dfb9:   c0 c3 cc cc cc cc cc 48 89 5c 24 18 55 56 57 41
0x00007ffce056dfc9:   55 41 57 48 8b ec 48 83 ec 70 65 48 8b 04 25 58
0x00007ffce056dfd9:   00 00 00 48 8b f2 44 8b 05 d2 8b 90 00 4c 8b f9
0x00007ffce056dfe9:   4a 8b 1c c0 b8 50 00 00 00 80 3c 18 00 75 05 e8
0x00007ffce056dff9:   8b 6f 5d 00 b8 20 00 00 00 48 8b 04 18 48 8b 98
0x00007ffce056e009:   38 02 00 00 48 89 5d b0 c7 45 b8 04 00 00 00 48
0x00007ffce056e019:   8b 43 18 48 83 f8 df 76 18 4c 8d 05 37 a9 65 00
0x00007ffce056e029:   ba 20 00 00 00 48 8b cb e8 5a eb de ff 48 8b 43
0x00007ffce056e039:   18 48 8d 48 20 48 3b 4b 20 76 11 45 33 c0 48 8b
0x00007ffce056e049:   cb 41 8d 50 20 e8 fd e8 de ff eb 04 48 89 4b 18
0x00007ffce056e059:   44 8b 45 b8 33 d2 49 c1 e0 03 48 8b c8 48 89 45
0x00007ffce056e069:   c0 e8 e3 80 5d 00 45 33 ed 48 8d 4d d0 44 89 6d
0x00007ffce056e079:   c8 e8 01 59 56 00 41 8b 9f 40 02 00 00 41 2b 9f
0x00007ffce056e089:   68 02 00 00 44 89 6d f0 3b 5d b8 72 0b 8b d3 48
0x00007ffce056e099:   8d 4d b0 e8 6f b3 39 00 48 8b 45 c0 4c 89 2c d8
0x00007ffce056e0a9:   8b 7e 28 8b df c1 eb 05 3b 5d d0 72 0b 8b d3 48
0x00007ffce056e0b9:   8d 4d d0 e8 1f 59 56 00 48 8b 45 d8 83 e7 1f 48
0x00007ffce056e0c9:   8d 14 98 40 0f b6 cf 41 b8 01 00 00 00 41 d3 e0
0x00007ffce056e0d9:   8b 0a 8b c1 41 0b c0 89 02 41 85 c8 75 21 8b 5d
0x00007ffce056e0e9:   c8 8d 43 01 89 45 c8 3b 5d b8 72 0b 8b d3 48 8d
0x00007ffce056e0f9:   4d b0 e8 10 b3 39 00 48 8b 45 c0 48 89 34 d8 44
0x00007ffce056e109:   39 6d c8 0f 86 77 01 00 00 4c 89 a4 24 a0 00 00
0x00007ffce056e119:   00 4c 89 b4 24 a8 00 00 00 48 8b 45 c0 41 8b cd
0x00007ffce056e129:   48 8b 34 c8 8b 46 2c 25 ff 1f 00 00 3d 04 10 00
0x00007ffce056e139:   00 0f 85 a7 00 00 00 bb 01 00 00 00 39 5e 18 76
0x00007ffce056e149:   39 66 0f 1f 44 00 00 48 8b 46 08 8b cb 48 8b 14
0x00007ffce056e159:   c8 48 85 d2 74 1d 48 83 7a 10 00 74 16 80 7a 2c
0x00007ffce056e169:   84 74 10 e8 7f 7e ee ff 48 8b d0 49 8b cf e8 a4
0x00007ffce056e179:   61 f6 ff ff c3 3b 5e 18 72 cd 48 8b 5e 10 8b 46
0x00007ffce056e189:   20 4c 8d 34 c3 49 3b de 73 54 48 8b 3b 8b 47 2c
0x00007ffce056e199:   83 e0 03 3c 03 75 2e 48 8b 07 48 8b cf ff 90 88 


Stack slot to memory mapping:
stack at sp + 0 slots: 0x000000000000198c is an unknown value
stack at sp + 1 slots: 0x0 is NULL
stack at sp + 2 slots: 0x000000c1dc3fe6a0 is pointing into the stack for thread: 0x00000209627dbae0
stack at sp + 3 slots: 0x00007ffce04d38d1 jvm.dll
stack at sp + 4 slots: 0x00000209627d3d60 points into unknown readable memory: 0x0000000000000006 | 06 00 00 00 00 00 00 00
stack at sp + 5 slots: 0x00007ffc00002000 is an unknown value
stack at sp + 6 slots: 0x000002090c85c8c0 points into unknown readable memory: 0x0000000000000000 | 00 00 00 00 00 00 00 00
stack at sp + 7 slots: 0x0 is NULL


---------------  P R O C E S S  ---------------

Threads class SMR info:
_java_thread_list=0x0000020907c957b0, length=67, elements={
0x0000020945122750, 0x00000209627b6030, 0x00000209627b6dc0, 0x00000209627ce310,
0x00000209627cf4f0, 0x00000209627d1dd0, 0x00000209627d2e40, 0x00000209627dbae0,
0x00000209627ea0c0, 0x0000020962948070, 0x00000209627a5500, 0x0000020962a558d0,
0x000002097f5a92a0, 0x000002097f0729b0, 0x000002097f60ce30, 0x00000209048ca610,
0x0000020962ae6030, 0x000002097f1175f0, 0x000002097f116bd0, 0x000002097f1166c0,
0x000002097f117b00, 0x000002097f1170e0, 0x00000209048789b0, 0x0000020904876b50,
0x000002090487a810, 0x0000020904875710, 0x0000020904876130, 0x0000020904877060,
0x0000020904877570, 0x0000020904876640, 0x0000020904875c20, 0x000002090487ad20,
0x0000020904873dc0, 0x0000020904874cf0, 0x0000020904877f90, 0x00000209048784a0,
0x00000209048798e0, 0x0000020904875200, 0x0000020904879df0, 0x000002090487a300,
0x000002090487b230, 0x00000209048747e0, 0x000002090415cfd0, 0x0000020904159820,
0x0000020904159d30, 0x0000020904157ed0, 0x00000209041583e0, 0x000002090415ac60,
0x000002090415a750, 0x0000020904159310, 0x00000209041574b0, 0x0000020904156580,
0x000002090415b170, 0x00000209041579c0, 0x000002090415bb90, 0x000002090415c5b0,
0x000002090c031ef0, 0x000002090c032e20, 0x000002090c0356a0, 0x000002090c033330,
0x000002090c035bb0, 0x000002090c032400, 0x000002090c034260, 0x000002090c033840,
0x000002090c0360c0, 0x000002090c034c80, 0x000002090c0365d0
}

Java Threads: ( => current thread )
  0x0000020945122750 JavaThread "main" [_thread_blocked, id=2552, stack(0x000000c1db500000,0x000000c1db600000)]
  0x00000209627b6030 JavaThread "Reference Handler" daemon [_thread_blocked, id=5024, stack(0x000000c1dbd00000,0x000000c1dbe00000)]
  0x00000209627b6dc0 JavaThread "Finalizer" daemon [_thread_blocked, id=11056, stack(0x000000c1dbe00000,0x000000c1dbf00000)]
  0x00000209627ce310 JavaThread "Signal Dispatcher" daemon [_thread_blocked, id=500, stack(0x000000c1dbf00000,0x000000c1dc000000)]
  0x00000209627cf4f0 JavaThread "Attach Listener" daemon [_thread_blocked, id=8168, stack(0x000000c1dc000000,0x000000c1dc100000)]
  0x00000209627d1dd0 JavaThread "Service Thread" daemon [_thread_blocked, id=18352, stack(0x000000c1dc100000,0x000000c1dc200000)]
  0x00000209627d2e40 JavaThread "Monitor Deflation Thread" daemon [_thread_blocked, id=12292, stack(0x000000c1dc200000,0x000000c1dc300000)]
=>0x00000209627dbae0 JavaThread "C2 CompilerThread0" daemon [_thread_in_native, id=13748, stack(0x000000c1dc300000,0x000000c1dc400000)]
  0x00000209627ea0c0 JavaThread "C1 CompilerThread0" daemon [_thread_blocked, id=14116, stack(0x000000c1dc400000,0x000000c1dc500000)]
  0x0000020962948070 JavaThread "Sweeper thread" daemon [_thread_blocked, id=13172, stack(0x000000c1dc500000,0x000000c1dc600000)]
  0x00000209627a5500 JavaThread "Common-Cleaner" daemon [_thread_blocked, id=15840, stack(0x000000c1dc600000,0x000000c1dc700000)]
  0x0000020962a558d0 JavaThread "Notification Thread" daemon [_thread_blocked, id=4008, stack(0x000000c1dc700000,0x000000c1dc800000)]
  0x000002097f5a92a0 JavaThread "Daemon health stats" [_thread_blocked, id=10152, stack(0x000000c1dca00000,0x000000c1dcb00000)]
  0x000002097f0729b0 JavaThread "Incoming local TCP Connector on port 57917" [_thread_in_native, id=10464, stack(0x000000c1dcb00000,0x000000c1dcc00000)]
  0x000002097f60ce30 JavaThread "Daemon periodic checks" [_thread_blocked, id=944, stack(0x000000c1dcc00000,0x000000c1dcd00000)]
  0x00000209048ca610 JavaThread "Daemon" [_thread_blocked, id=14760, stack(0x000000c1dcd00000,0x000000c1dce00000)]
  0x0000020962ae6030 JavaThread "Handler for socket connection from /127.0.0.1:57917 to /127.0.0.1:57918" [_thread_in_native, id=10244, stack(0x000000c1dce00000,0x000000c1dcf00000)]
  0x000002097f1175f0 JavaThread "Cancel handler" [_thread_blocked, id=1092, stack(0x000000c1dcf00000,0x000000c1dd000000)]
  0x000002097f116bd0 JavaThread "Daemon worker" [_thread_blocked, id=17320, stack(0x000000c1dd000000,0x000000c1dd100000)]
  0x000002097f1166c0 JavaThread "Asynchronous log dispatcher for DefaultDaemonConnection: socket connection from /127.0.0.1:57917 to /127.0.0.1:57918" [_thread_blocked, id=3944, stack(0x000000c1dd100000,0x000000c1dd200000)]
  0x000002097f117b00 JavaThread "Stdin handler" [_thread_blocked, id=13844, stack(0x000000c1dd200000,0x000000c1dd300000)]
  0x000002097f1170e0 JavaThread "Daemon client event forwarder" [_thread_blocked, id=996, stack(0x000000c1dd300000,0x000000c1dd400000)]
  0x00000209048789b0 JavaThread "Cache worker for journal cache (C:\Users\shrey\.gradle\caches\journal-1)" [_thread_blocked, id=4688, stack(0x000000c1dd400000,0x000000c1dd500000)]
  0x0000020904876b50 JavaThread "File lock request listener" [_thread_in_native, id=11444, stack(0x000000c1dd500000,0x000000c1dd600000)]
  0x000002090487a810 JavaThread "Cache worker for file hash cache (C:\Users\shrey\.gradle\caches\8.3\fileHashes)" [_thread_blocked, id=5664, stack(0x000000c1dd600000,0x000000c1dd700000)]
  0x0000020904875710 JavaThread "File watcher server" daemon [_thread_in_native, id=9528, stack(0x000000c1dd700000,0x000000c1dd800000)]
  0x0000020904876130 JavaThread "File watcher consumer" daemon [_thread_blocked, id=7248, stack(0x000000c1dd800000,0x000000c1dd900000)]
  0x0000020904877060 JavaThread "Cache worker for checksums cache (C:\Users\shrey\Desktop\washir-main\android\.gradle\8.3\checksums)" [_thread_blocked, id=17904, stack(0x000000c1dd900000,0x000000c1dda00000)]
  0x0000020904877570 JavaThread "Cache worker for file hash cache (C:\Users\shrey\Desktop\washir-main\android\.gradle\8.3\fileHashes)" [_thread_blocked, id=3428, stack(0x000000c1dda00000,0x000000c1ddb00000)]
  0x0000020904876640 JavaThread "Cache worker for cache directory md-supplier (C:\Users\shrey\.gradle\caches\8.3\md-supplier)" [_thread_blocked, id=18284, stack(0x000000c1ddb00000,0x000000c1ddc00000)]
  0x0000020904875c20 JavaThread "Cache worker for file content cache (C:\Users\shrey\.gradle\caches\8.3\fileContent)" [_thread_blocked, id=10732, stack(0x000000c1ddc00000,0x000000c1ddd00000)]
  0x000002090487ad20 JavaThread "Cache worker for cache directory md-rule (C:\Users\shrey\.gradle\caches\8.3\md-rule)" [_thread_blocked, id=10304, stack(0x000000c1dde00000,0x000000c1ddf00000)]
  0x0000020904873dc0 JavaThread "Cache worker for execution history cache (C:\Users\shrey\.gradle\caches\8.3\executionHistory)" [_thread_blocked, id=14556, stack(0x000000c1ddf00000,0x000000c1de000000)]
  0x0000020904874cf0 JavaThread "jar transforms" [_thread_blocked, id=14676, stack(0x000000c1de000000,0x000000c1de100000)]
  0x0000020904877f90 JavaThread "jar transforms Thread 2" [_thread_blocked, id=14540, stack(0x000000c1de100000,0x000000c1de200000)]
  0x00000209048784a0 JavaThread "Cache worker for kotlin-dsl (C:\Users\shrey\.gradle\caches\8.3\kotlin-dsl)" [_thread_blocked, id=9692, stack(0x000000c1de200000,0x000000c1de300000)]
  0x00000209048798e0 JavaThread "Unconstrained build operations" [_thread_blocked, id=10024, stack(0x000000c1de600000,0x000000c1de700000)]
  0x0000020904875200 JavaThread "Cache worker for dependencies-accessors (C:\Users\shrey\Desktop\washir-main\android\.gradle\8.3\dependencies-accessors)" [_thread_blocked, id=8564, stack(0x000000c1de700000,0x000000c1de800000)]
  0x0000020904879df0 JavaThread "Cache worker for Build Output Cleanup Cache (C:\Users\shrey\Desktop\washir-main\node_modules\@react-native\gradle-plugin\.gradle\buildOutputCleanup)" [_thread_blocked, id=11924, stack(0x000000c1de800000,0x000000c1de900000)]
  0x000002090487a300 JavaThread "Unconstrained build operations Thread 2" [_thread_blocked, id=6004, stack(0x000000c1de900000,0x000000c1dea00000)]
  0x000002090487b230 JavaThread "Memory manager" [_thread_blocked, id=1104, stack(0x000000c1dea00000,0x000000c1deb00000)]
  0x00000209048747e0 JavaThread "Cache worker for Build Output Cleanup Cache (C:\Users\shrey\Desktop\washir-main\android\.gradle\buildOutputCleanup)" [_thread_blocked, id=9600, stack(0x000000c1deb00000,0x000000c1dec00000)]
  0x000002090415cfd0 JavaThread "ForkJoinPool.commonPool-worker-1" daemon [_thread_blocked, id=12280, stack(0x000000c1db400000,0x000000c1db500000)]
  0x0000020904159820 JavaThread "Execution worker" [_thread_blocked, id=6300, stack(0x000000c1dec00000,0x000000c1ded00000)]
  0x0000020904159d30 JavaThread "Cache worker for execution history cache (C:\Users\shrey\Desktop\washir-main\node_modules\@react-native\gradle-plugin\.gradle\8.3\executionHistory)" [_thread_blocked, id=4552, stack(0x000000c1ded00000,0x000000c1dee00000)]
  0x0000020904157ed0 JavaThread "Unconstrained build operations Thread 3" [_thread_blocked, id=13120, stack(0x000000c1dee00000,0x000000c1def00000)]
  0x00000209041583e0 JavaThread "Unconstrained build operations Thread 4" [_thread_blocked, id=11884, stack(0x000000c1def00000,0x000000c1df000000)]
  0x000002090415ac60 JavaThread "Unconstrained build operations Thread 5" [_thread_blocked, id=3832, stack(0x000000c1df000000,0x000000c1df100000)]
  0x000002090415a750 JavaThread "Unconstrained build operations Thread 6" [_thread_blocked, id=11140, stack(0x000000c1df100000,0x000000c1df200000)]
  0x0000020904159310 JavaThread "Unconstrained build operations Thread 7" [_thread_blocked, id=16628, stack(0x000000c1df200000,0x000000c1df300000)]
  0x00000209041574b0 JavaThread "Unconstrained build operations Thread 8" [_thread_blocked, id=16880, stack(0x000000c1df300000,0x000000c1df400000)]
  0x0000020904156580 JavaThread "Unconstrained build operations Thread 9" [_thread_blocked, id=13576, stack(0x000000c1df400000,0x000000c1df500000)]
  0x000002090415b170 JavaThread "pool-3-thread-1" [_thread_blocked, id=1740, stack(0x000000c1db600000,0x000000c1db700000)]
  0x00000209041579c0 JavaThread "build event listener" [_thread_blocked, id=16284, stack(0x000000c1df500000,0x000000c1df600000)]
  0x000002090415bb90 JavaThread "included builds Thread 2" [_thread_in_native, id=7748, stack(0x000000c1df600000,0x000000c1df700000)]
  0x000002090415c5b0 JavaThread "Unconstrained build operations Thread 10" [_thread_blocked, id=2188, stack(0x000000c1df700000,0x000000c1df800000)]
  0x000002090c031ef0 JavaThread "Unconstrained build operations Thread 11" [_thread_blocked, id=9540, stack(0x000000c1df800000,0x000000c1df900000)]
  0x000002090c032e20 JavaThread "Unconstrained build operations Thread 12" [_thread_blocked, id=11972, stack(0x000000c1df900000,0x000000c1dfa00000)]
  0x000002090c0356a0 JavaThread "Unconstrained build operations Thread 13" [_thread_blocked, id=9116, stack(0x000000c1dfa00000,0x000000c1dfb00000)]
  0x000002090c033330 JavaThread "Unconstrained build operations Thread 14" [_thread_blocked, id=4376, stack(0x000000c1dfb00000,0x000000c1dfc00000)]
  0x000002090c035bb0 JavaThread "Unconstrained build operations Thread 15" [_thread_blocked, id=12136, stack(0x000000c1dfc00000,0x000000c1dfd00000)]
  0x000002090c032400 JavaThread "Unconstrained build operations Thread 16" [_thread_blocked, id=6184, stack(0x000000c1dfd00000,0x000000c1dfe00000)]
  0x000002090c034260 JavaThread "Unconstrained build operations Thread 17" [_thread_blocked, id=13936, stack(0x000000c1dfe00000,0x000000c1dff00000)]
  0x000002090c033840 JavaThread "Unconstrained build operations Thread 18" [_thread_blocked, id=18016, stack(0x000000c1dff00000,0x000000c1e0000000)]
  0x000002090c0360c0 JavaThread "Unconstrained build operations Thread 19" [_thread_blocked, id=10576, stack(0x000000c1e0000000,0x000000c1e0100000)]
  0x000002090c034c80 JavaThread "Unconstrained build operations Thread 20" [_thread_blocked, id=16072, stack(0x000000c1e0100000,0x000000c1e0200000)]
  0x000002090c0365d0 JavaThread "Cache worker for execution history cache (C:\Users\shrey\Desktop\washir-main\android\.gradle\8.3\executionHistory)" [_thread_blocked, id=12336, stack(0x000000c1e0200000,0x000000c1e0300000)]

Other Threads:
  0x00000209627b21d0 VMThread "VM Thread" [stack: 0x000000c1dbc00000,0x000000c1dbd00000] [id=456]
  0x00000209451234e0 WatcherThread [stack: 0x000000c1dc800000,0x000000c1dc900000] [id=11100]
  0x000002094517b3c0 GCTaskThread "GC Thread#0" [stack: 0x000000c1db700000,0x000000c1db800000] [id=17776]
  0x0000020962b53220 GCTaskThread "GC Thread#1" [stack: 0x000000c1dc900000,0x000000c1dca00000] [id=8508]
  0x000002094518c220 ConcurrentGCThread "G1 Main Marker" [stack: 0x000000c1db800000,0x000000c1db900000] [id=11552]
  0x000002094518cb40 ConcurrentGCThread "G1 Conc#0" [stack: 0x000000c1db900000,0x000000c1dba00000] [id=18248]
  0x00000209626720c0 ConcurrentGCThread "G1 Refine#0" [stack: 0x000000c1dba00000,0x000000c1dbb00000] [id=5036]
  0x00000209053de550 ConcurrentGCThread "G1 Refine#1" [stack: 0x000000c1ddd00000,0x000000c1dde00000] [id=17428]
  0x0000020962672a00 ConcurrentGCThread "G1 Service" [stack: 0x000000c1dbb00000,0x000000c1dbc00000] [id=18268]

Threads with active compile tasks:
C2 CompilerThread0   134545 16008       4       org.gradle.cache.internal.ExclusiveCacheAccessingWorker$1::call (10 bytes)

VM state: not at safepoint (normal execution)

VM Mutex/Monitor currently owned by a thread: None

Heap address: 0x0000000080000000, size: 2048 MB, Compressed Oops mode: 32-bit

CDS archive(s) mapped at: [0x0000020963000000-0x0000020963bd0000-0x0000020963bd0000), size 12386304, SharedBaseAddress: 0x0000020963000000, ArchiveRelocationMode: 1.
Compressed class space mapped at: 0x0000020964000000-0x000002097e000000, reserved size: 436207616
Narrow klass base: 0x0000020963000000, Narrow klass shift: 0, Narrow klass range: 0x100000000

GC Precious Log:
 CPUs: 2 total, 2 available
 Memory: 8014M
 Large Page Support: Disabled
 NUMA Support: Disabled
 Compressed Oops: Enabled (32-bit)
 Heap Region Size: 1M
 Heap Min Capacity: 8M
 Heap Initial Capacity: 126M
 Heap Max Capacity: 2G
 Pre-touch: Disabled
 Parallel Workers: 2
 Concurrent Workers: 1
 Concurrent Refinement Workers: 2
 Periodic GC: Disabled

Heap:
 garbage-first heap   total 224256K, used 183558K [0x0000000080000000, 0x0000000100000000)
  region size 1024K, 8 young (8192K), 2 survivors (2048K)
 Metaspace       used 108977K, committed 110144K, reserved 557056K
  class space    used 14882K, committed 15424K, reserved 425984K

Heap Regions: E=young(eden), S=young(survivor), O=old, HS=humongous(starts), HC=humongous(continues), CS=collection set, F=free, OA=open archive, CA=closed archive, TAMS=top-at-mark-start (previous, next)
|   0|0x0000000080000000, 0x0000000080100000, 0x0000000080100000|100%| O|  |TAMS 0x0000000080100000, 0x0000000080000000| Untracked 
|   1|0x0000000080100000, 0x0000000080200000, 0x0000000080200000|100%| O|  |TAMS 0x0000000080200000, 0x0000000080100000| Untracked 
|   2|0x0000000080200000, 0x0000000080300000, 0x0000000080300000|100%|HS|  |TAMS 0x0000000080300000, 0x0000000080200000| Complete 
|   3|0x0000000080300000, 0x0000000080400000, 0x0000000080400000|100%|HC|  |TAMS 0x0000000080400000, 0x0000000080300000| Complete 
|   4|0x0000000080400000, 0x0000000080500000, 0x0000000080500000|100%|HC|  |TAMS 0x0000000080500000, 0x0000000080400000| Complete 
|   5|0x0000000080500000, 0x0000000080600000, 0x0000000080600000|100%|HC|  |TAMS 0x0000000080600000, 0x0000000080500000| Complete 
|   6|0x0000000080600000, 0x0000000080700000, 0x0000000080700000|100%| O|  |TAMS 0x0000000080700000, 0x0000000080600000| Untracked 
|   7|0x0000000080700000, 0x0000000080800000, 0x0000000080800000|100%| O|  |TAMS 0x0000000080800000, 0x0000000080700000| Untracked 
|   8|0x0000000080800000, 0x0000000080900000, 0x0000000080900000|100%| O|  |TAMS 0x0000000080900000, 0x0000000080800000| Untracked 
|   9|0x0000000080900000, 0x0000000080a00000, 0x0000000080a00000|100%| O|  |TAMS 0x0000000080a00000, 0x0000000080900000| Untracked 
|  10|0x0000000080a00000, 0x0000000080b00000, 0x0000000080b00000|100%| O|  |TAMS 0x0000000080b00000, 0x0000000080a00000| Untracked 
|  11|0x0000000080b00000, 0x0000000080c00000, 0x0000000080c00000|100%| O|  |TAMS 0x0000000080c00000, 0x0000000080b00000| Untracked 
|  12|0x0000000080c00000, 0x0000000080d00000, 0x0000000080d00000|100%| O|  |TAMS 0x0000000080d00000, 0x0000000080c00000| Untracked 
|  13|0x0000000080d00000, 0x0000000080e00000, 0x0000000080e00000|100%| O|  |TAMS 0x0000000080d00000, 0x0000000080d00000| Untracked 
|  14|0x0000000080e00000, 0x0000000080f00000, 0x0000000080f00000|100%| O|  |TAMS 0x0000000080f00000, 0x0000000080e00000| Untracked 
|  15|0x0000000080f00000, 0x0000000081000000, 0x0000000081000000|100%| O|  |TAMS 0x0000000081000000, 0x0000000080f00000| Untracked 
|  16|0x0000000081000000, 0x0000000081100000, 0x0000000081100000|100%| O|  |TAMS 0x0000000081100000, 0x0000000081000000| Untracked 
|  17|0x0000000081100000, 0x0000000081200000, 0x0000000081200000|100%| O|  |TAMS 0x0000000081200000, 0x0000000081100000| Untracked 
|  18|0x0000000081200000, 0x0000000081300000, 0x0000000081300000|100%| O|  |TAMS 0x0000000081300000, 0x0000000081200000| Untracked 
|  19|0x0000000081300000, 0x0000000081400000, 0x0000000081400000|100%| O|  |TAMS 0x0000000081400000, 0x0000000081300000| Untracked 
|  20|0x0000000081400000, 0x0000000081500000, 0x0000000081500000|100%| O|  |TAMS 0x0000000081500000, 0x0000000081400000| Untracked 
|  21|0x0000000081500000, 0x0000000081600000, 0x0000000081600000|100%| O|  |TAMS 0x0000000081600000, 0x0000000081500000| Untracked 
|  22|0x0000000081600000, 0x0000000081700000, 0x0000000081700000|100%| O|  |TAMS 0x0000000081600000, 0x0000000081600000| Untracked 
|  23|0x0000000081700000, 0x0000000081800000, 0x0000000081800000|100%| O|  |TAMS 0x0000000081800000, 0x0000000081700000| Untracked 
|  24|0x0000000081800000, 0x0000000081900000, 0x0000000081900000|100%| O|  |TAMS 0x0000000081900000, 0x0000000081800000| Untracked 
|  25|0x0000000081900000, 0x0000000081a00000, 0x0000000081a00000|100%| O|  |TAMS 0x0000000081a00000, 0x0000000081900000| Untracked 
|  26|0x0000000081a00000, 0x0000000081b00000, 0x0000000081b00000|100%| O|  |TAMS 0x0000000081b00000, 0x0000000081a00000| Untracked 
|  27|0x0000000081b00000, 0x0000000081c00000, 0x0000000081c00000|100%| O|  |TAMS 0x0000000081c00000, 0x0000000081b00000| Untracked 
|  28|0x0000000081c00000, 0x0000000081d00000, 0x0000000081d00000|100%| O|  |TAMS 0x0000000081d00000, 0x0000000081c00000| Untracked 
|  29|0x0000000081d00000, 0x0000000081e00000, 0x0000000081e00000|100%| O|  |TAMS 0x0000000081e00000, 0x0000000081d00000| Untracked 
|  30|0x0000000081e00000, 0x0000000081f00000, 0x0000000081f00000|100%| O|  |TAMS 0x0000000081f00000, 0x0000000081e00000| Untracked 
|  31|0x0000000081f00000, 0x0000000082000000, 0x0000000082000000|100%| O|  |TAMS 0x0000000082000000, 0x0000000081f00000| Untracked 
|  32|0x0000000082000000, 0x0000000082100000, 0x0000000082100000|100%| O|  |TAMS 0x0000000082100000, 0x0000000082000000| Untracked 
|  33|0x0000000082100000, 0x0000000082200000, 0x0000000082200000|100%| O|  |TAMS 0x0000000082200000, 0x0000000082100000| Untracked 
|  34|0x0000000082200000, 0x0000000082300000, 0x0000000082300000|100%| O|  |TAMS 0x0000000082300000, 0x0000000082200000| Untracked 
|  35|0x0000000082300000, 0x0000000082400000, 0x0000000082400000|100%| O|  |TAMS 0x0000000082400000, 0x0000000082300000| Untracked 
|  36|0x0000000082400000, 0x0000000082500000, 0x0000000082500000|100%| O|  |TAMS 0x0000000082500000, 0x0000000082400000| Untracked 
|  37|0x0000000082500000, 0x0000000082600000, 0x0000000082600000|100%| O|  |TAMS 0x0000000082600000, 0x0000000082500000| Untracked 
|  38|0x0000000082600000, 0x0000000082700000, 0x0000000082700000|100%| O|  |TAMS 0x0000000082700000, 0x0000000082600000| Untracked 
|  39|0x0000000082700000, 0x0000000082800000, 0x0000000082800000|100%| O|  |TAMS 0x0000000082800000, 0x0000000082700000| Untracked 
|  40|0x0000000082800000, 0x0000000082900000, 0x0000000082900000|100%|HS|  |TAMS 0x0000000082900000, 0x0000000082800000| Complete 
|  41|0x0000000082900000, 0x0000000082a00000, 0x0000000082a00000|100%|HC|  |TAMS 0x0000000082a00000, 0x0000000082900000| Complete 
|  42|0x0000000082a00000, 0x0000000082b00000, 0x0000000082b00000|100%|HS|  |TAMS 0x0000000082b00000, 0x0000000082a00000| Complete 
|  43|0x0000000082b00000, 0x0000000082c00000, 0x0000000082c00000|100%|HC|  |TAMS 0x0000000082c00000, 0x0000000082b00000| Complete 
|  44|0x0000000082c00000, 0x0000000082d00000, 0x0000000082d00000|100%| O|  |TAMS 0x0000000082d00000, 0x0000000082c00000| Untracked 
|  45|0x0000000082d00000, 0x0000000082e00000, 0x0000000082e00000|100%|HS|  |TAMS 0x0000000082e00000, 0x0000000082d00000| Complete 
|  46|0x0000000082e00000, 0x0000000082f00000, 0x0000000082f00000|100%|HC|  |TAMS 0x0000000082f00000, 0x0000000082e00000| Complete 
|  47|0x0000000082f00000, 0x0000000083000000, 0x0000000083000000|100%|HC|  |TAMS 0x0000000083000000, 0x0000000082f00000| Complete 
|  48|0x0000000083000000, 0x0000000083100000, 0x0000000083100000|100%|HC|  |TAMS 0x0000000083100000, 0x0000000083000000| Complete 
|  49|0x0000000083100000, 0x0000000083200000, 0x0000000083200000|100%| O|  |TAMS 0x0000000083200000, 0x0000000083100000| Untracked 
|  50|0x0000000083200000, 0x0000000083300000, 0x0000000083300000|100%| O|  |TAMS 0x0000000083300000, 0x0000000083200000| Untracked 
|  51|0x0000000083300000, 0x0000000083400000, 0x0000000083400000|100%| O|  |TAMS 0x0000000083400000, 0x0000000083300000| Untracked 
|  52|0x0000000083400000, 0x0000000083500000, 0x0000000083500000|100%| O|  |TAMS 0x0000000083500000, 0x0000000083400000| Untracked 
|  53|0x0000000083500000, 0x0000000083600000, 0x0000000083600000|100%| O|  |TAMS 0x0000000083600000, 0x0000000083500000| Untracked 
|  54|0x0000000083600000, 0x0000000083700000, 0x0000000083700000|100%|HS|  |TAMS 0x0000000083700000, 0x0000000083600000| Complete 
|  55|0x0000000083700000, 0x0000000083800000, 0x0000000083800000|100%|HC|  |TAMS 0x0000000083800000, 0x0000000083700000| Complete 
|  56|0x0000000083800000, 0x0000000083900000, 0x0000000083900000|100%|HC|  |TAMS 0x0000000083900000, 0x0000000083800000| Complete 
|  57|0x0000000083900000, 0x0000000083a00000, 0x0000000083a00000|100%|HC|  |TAMS 0x0000000083a00000, 0x0000000083900000| Complete 
|  58|0x0000000083a00000, 0x0000000083b00000, 0x0000000083b00000|100%| O|  |TAMS 0x0000000083b00000, 0x0000000083a00000| Untracked 
|  59|0x0000000083b00000, 0x0000000083c00000, 0x0000000083c00000|100%| O|  |TAMS 0x0000000083c00000, 0x0000000083b00000| Untracked 
|  60|0x0000000083c00000, 0x0000000083d00000, 0x0000000083d00000|100%| O|  |TAMS 0x0000000083d00000, 0x0000000083c00000| Untracked 
|  61|0x0000000083d00000, 0x0000000083e00000, 0x0000000083e00000|100%| O|  |TAMS 0x0000000083e00000, 0x0000000083d00000| Untracked 
|  62|0x0000000083e00000, 0x0000000083f00000, 0x0000000083f00000|100%| O|  |TAMS 0x0000000083f00000, 0x0000000083e00000| Untracked 
|  63|0x0000000083f00000, 0x0000000084000000, 0x0000000084000000|100%| O|  |TAMS 0x0000000084000000, 0x0000000083f00000| Untracked 
|  64|0x0000000084000000, 0x0000000084100000, 0x0000000084100000|100%| O|  |TAMS 0x0000000084100000, 0x0000000084000000| Untracked 
|  65|0x0000000084100000, 0x0000000084200000, 0x0000000084200000|100%| O|  |TAMS 0x0000000084200000, 0x0000000084100000| Untracked 
|  66|0x0000000084200000, 0x0000000084300000, 0x0000000084300000|100%| O|  |TAMS 0x0000000084300000, 0x0000000084200000| Untracked 
|  67|0x0000000084300000, 0x0000000084400000, 0x0000000084400000|100%| O|  |TAMS 0x0000000084400000, 0x0000000084300000| Untracked 
|  68|0x0000000084400000, 0x0000000084500000, 0x0000000084500000|100%|HS|  |TAMS 0x0000000084500000, 0x0000000084400000| Complete 
|  69|0x0000000084500000, 0x0000000084600000, 0x0000000084600000|100%|HS|  |TAMS 0x0000000084600000, 0x0000000084500000| Complete 
|  70|0x0000000084600000, 0x0000000084700000, 0x0000000084700000|100%|HS|  |TAMS 0x0000000084700000, 0x0000000084600000| Complete 
|  71|0x0000000084700000, 0x0000000084800000, 0x0000000084800000|100%|HS|  |TAMS 0x0000000084800000, 0x0000000084700000| Complete 
|  72|0x0000000084800000, 0x0000000084900000, 0x0000000084900000|100%| O|  |TAMS 0x0000000084900000, 0x0000000084800000| Untracked 
|  73|0x0000000084900000, 0x0000000084a00000, 0x0000000084a00000|100%| O|  |TAMS 0x0000000084a00000, 0x0000000084900000| Untracked 
|  74|0x0000000084a00000, 0x0000000084b00000, 0x0000000084b00000|100%| O|  |TAMS 0x0000000084b00000, 0x0000000084a00000| Untracked 
|  75|0x0000000084b00000, 0x0000000084c00000, 0x0000000084c00000|100%| O|  |TAMS 0x0000000084c00000, 0x0000000084b00000| Untracked 
|  76|0x0000000084c00000, 0x0000000084d00000, 0x0000000084d00000|100%| O|  |TAMS 0x0000000084d00000, 0x0000000084c00000| Untracked 
|  77|0x0000000084d00000, 0x0000000084e00000, 0x0000000084e00000|100%| O|  |TAMS 0x0000000084e00000, 0x0000000084d00000| Untracked 
|  78|0x0000000084e00000, 0x0000000084f00000, 0x0000000084f00000|100%| O|  |TAMS 0x0000000084f00000, 0x0000000084e00000| Untracked 
|  79|0x0000000084f00000, 0x0000000085000000, 0x0000000085000000|100%| O|  |TAMS 0x0000000085000000, 0x0000000084f00000| Untracked 
|  80|0x0000000085000000, 0x0000000085100000, 0x0000000085100000|100%| O|  |TAMS 0x0000000085100000, 0x0000000085000000| Untracked 
|  81|0x0000000085100000, 0x0000000085200000, 0x0000000085200000|100%| O|  |TAMS 0x0000000085155000, 0x0000000085100000| Untracked 
|  82|0x0000000085200000, 0x0000000085300000, 0x0000000085300000|100%| O|  |TAMS 0x0000000085200000, 0x0000000085200000| Untracked 
|  83|0x0000000085300000, 0x0000000085400000, 0x0000000085400000|100%| O|  |TAMS 0x0000000085300000, 0x0000000085300000| Untracked 
|  84|0x0000000085400000, 0x0000000085500000, 0x0000000085500000|100%| O|  |TAMS 0x0000000085400000, 0x0000000085400000| Untracked 
|  85|0x0000000085500000, 0x0000000085600000, 0x0000000085600000|100%| O|  |TAMS 0x0000000085500000, 0x0000000085500000| Untracked 
|  86|0x0000000085600000, 0x0000000085700000, 0x0000000085700000|100%| O|  |TAMS 0x0000000085600000, 0x0000000085600000| Untracked 
|  87|0x0000000085700000, 0x0000000085800000, 0x0000000085800000|100%| O|  |TAMS 0x0000000085700000, 0x0000000085700000| Untracked 
|  88|0x0000000085800000, 0x0000000085900000, 0x0000000085900000|100%| O|  |TAMS 0x0000000085800000, 0x0000000085800000| Untracked 
|  89|0x0000000085900000, 0x0000000085a00000, 0x0000000085a00000|100%| O|  |TAMS 0x0000000085900000, 0x0000000085900000| Untracked 
|  90|0x0000000085a00000, 0x0000000085b00000, 0x0000000085b00000|100%| O|  |TAMS 0x0000000085a00000, 0x0000000085a00000| Untracked 
|  91|0x0000000085b00000, 0x0000000085c00000, 0x0000000085c00000|100%| O|  |TAMS 0x0000000085b00000, 0x0000000085b00000| Untracked 
|  92|0x0000000085c00000, 0x0000000085d00000, 0x0000000085d00000|100%| O|  |TAMS 0x0000000085c00000, 0x0000000085c00000| Untracked 
|  93|0x0000000085d00000, 0x0000000085e00000, 0x0000000085e00000|100%| O|  |TAMS 0x0000000085d00000, 0x0000000085d00000| Untracked 
|  94|0x0000000085e00000, 0x0000000085f00000, 0x0000000085f00000|100%| O|  |TAMS 0x0000000085e00000, 0x0000000085e00000| Untracked 
|  95|0x0000000085f00000, 0x0000000086000000, 0x0000000086000000|100%| O|  |TAMS 0x0000000085f00000, 0x0000000085f00000| Untracked 
|  96|0x0000000086000000, 0x0000000086100000, 0x0000000086100000|100%| O|  |TAMS 0x0000000086000000, 0x0000000086000000| Untracked 
|  97|0x0000000086100000, 0x0000000086200000, 0x0000000086200000|100%| O|  |TAMS 0x0000000086100000, 0x0000000086100000| Untracked 
|  98|0x0000000086200000, 0x0000000086300000, 0x0000000086300000|100%| O|  |TAMS 0x0000000086200000, 0x0000000086200000| Untracked 
|  99|0x0000000086300000, 0x0000000086400000, 0x0000000086400000|100%| O|  |TAMS 0x0000000086300000, 0x0000000086300000| Untracked 
| 100|0x0000000086400000, 0x0000000086500000, 0x0000000086500000|100%|HS|  |TAMS 0x0000000086400000, 0x0000000086400000| Complete 
| 101|0x0000000086500000, 0x0000000086600000, 0x0000000086600000|100%|HS|  |TAMS 0x0000000086500000, 0x0000000086500000| Complete 
| 102|0x0000000086600000, 0x0000000086700000, 0x0000000086700000|100%|HS|  |TAMS 0x0000000086600000, 0x0000000086600000| Complete 
| 103|0x0000000086700000, 0x0000000086800000, 0x0000000086800000|100%| O|  |TAMS 0x0000000086700000, 0x0000000086700000| Untracked 
| 104|0x0000000086800000, 0x0000000086900000, 0x0000000086900000|100%| O|  |TAMS 0x0000000086800000, 0x0000000086800000| Untracked 
| 105|0x0000000086900000, 0x0000000086a00000, 0x0000000086a00000|100%| O|  |TAMS 0x0000000086900000, 0x0000000086900000| Untracked 
| 106|0x0000000086a00000, 0x0000000086b00000, 0x0000000086b00000|100%| O|  |TAMS 0x0000000086a00000, 0x0000000086a00000| Untracked 
| 107|0x0000000086b00000, 0x0000000086c00000, 0x0000000086c00000|100%| O|  |TAMS 0x0000000086b00000, 0x0000000086b00000| Untracked 
| 108|0x0000000086c00000, 0x0000000086d00000, 0x0000000086d00000|100%| O|  |TAMS 0x0000000086c00000, 0x0000000086c00000| Untracked 
| 109|0x0000000086d00000, 0x0000000086e00000, 0x0000000086e00000|100%| O|  |TAMS 0x0000000086d00000, 0x0000000086d00000| Untracked 
| 110|0x0000000086e00000, 0x0000000086f00000, 0x0000000086f00000|100%| O|  |TAMS 0x0000000086e00000, 0x0000000086e00000| Untracked 
| 111|0x0000000086f00000, 0x0000000087000000, 0x0000000087000000|100%| O|  |TAMS 0x0000000086f00000, 0x0000000086f00000| Untracked 
| 112|0x0000000087000000, 0x0000000087100000, 0x0000000087100000|100%|HS|  |TAMS 0x0000000087000000, 0x0000000087000000| Complete 
| 113|0x0000000087100000, 0x0000000087200000, 0x0000000087200000|100%|HC|  |TAMS 0x0000000087100000, 0x0000000087100000| Complete 
| 114|0x0000000087200000, 0x0000000087300000, 0x0000000087300000|100%| O|  |TAMS 0x0000000087200000, 0x0000000087200000| Untracked 
| 115|0x0000000087300000, 0x0000000087400000, 0x0000000087400000|100%| O|  |TAMS 0x0000000087300000, 0x0000000087300000| Untracked 
| 116|0x0000000087400000, 0x0000000087500000, 0x0000000087500000|100%| O|  |TAMS 0x0000000087400000, 0x0000000087400000| Untracked 
| 117|0x0000000087500000, 0x0000000087600000, 0x0000000087600000|100%| O|  |TAMS 0x0000000087500000, 0x0000000087500000| Untracked 
| 118|0x0000000087600000, 0x0000000087700000, 0x0000000087700000|100%| O|  |TAMS 0x0000000087600000, 0x0000000087600000| Untracked 
| 119|0x0000000087700000, 0x0000000087800000, 0x0000000087800000|100%| O|  |TAMS 0x0000000087700000, 0x0000000087700000| Untracked 
| 120|0x0000000087800000, 0x0000000087900000, 0x0000000087900000|100%| O|  |TAMS 0x0000000087800000, 0x0000000087800000| Untracked 
| 121|0x0000000087900000, 0x0000000087a00000, 0x0000000087a00000|100%| O|  |TAMS 0x0000000087900000, 0x0000000087900000| Untracked 
| 122|0x0000000087a00000, 0x0000000087b00000, 0x0000000087b00000|100%| O|  |TAMS 0x0000000087a00000, 0x0000000087a00000| Untracked 
| 123|0x0000000087b00000, 0x0000000087c00000, 0x0000000087c00000|100%| O|  |TAMS 0x0000000087b00000, 0x0000000087b00000| Untracked 
| 124|0x0000000087c00000, 0x0000000087d00000, 0x0000000087d00000|100%| O|  |TAMS 0x0000000087c00000, 0x0000000087c00000| Untracked 
| 125|0x0000000087d00000, 0x0000000087e00000, 0x0000000087e00000|100%| O|  |TAMS 0x0000000087d00000, 0x0000000087d00000| Untracked 
| 126|0x0000000087e00000, 0x0000000087f00000, 0x0000000087f00000|100%| O|  |TAMS 0x0000000087e00000, 0x0000000087e00000| Untracked 
| 127|0x0000000087f00000, 0x0000000088000000, 0x0000000088000000|100%| O|  |TAMS 0x0000000087f00000, 0x0000000087f00000| Untracked 
| 128|0x0000000088000000, 0x0000000088100000, 0x0000000088100000|100%| O|  |TAMS 0x0000000088000000, 0x0000000088000000| Untracked 
| 129|0x0000000088100000, 0x0000000088200000, 0x0000000088200000|100%| O|  |TAMS 0x0000000088100000, 0x0000000088100000| Untracked 
| 130|0x0000000088200000, 0x0000000088300000, 0x0000000088300000|100%|HS|  |TAMS 0x0000000088200000, 0x0000000088200000| Complete 
| 131|0x0000000088300000, 0x0000000088400000, 0x0000000088400000|100%|HS|  |TAMS 0x0000000088300000, 0x0000000088300000| Complete 
| 132|0x0000000088400000, 0x0000000088500000, 0x0000000088500000|100%| O|  |TAMS 0x0000000088400000, 0x0000000088400000| Untracked 
| 133|0x0000000088500000, 0x0000000088600000, 0x0000000088600000|100%| O|  |TAMS 0x0000000088500000, 0x0000000088500000| Untracked 
| 134|0x0000000088600000, 0x0000000088700000, 0x0000000088700000|100%| O|  |TAMS 0x0000000088600000, 0x0000000088600000| Untracked 
| 135|0x0000000088700000, 0x0000000088800000, 0x0000000088800000|100%| O|  |TAMS 0x0000000088700000, 0x0000000088700000| Untracked 
| 136|0x0000000088800000, 0x0000000088900000, 0x0000000088900000|100%| O|  |TAMS 0x0000000088800000, 0x0000000088800000| Untracked 
| 137|0x0000000088900000, 0x0000000088a00000, 0x0000000088a00000|100%| O|  |TAMS 0x0000000088900000, 0x0000000088900000| Untracked 
| 138|0x0000000088a00000, 0x0000000088b00000, 0x0000000088b00000|100%| O|  |TAMS 0x0000000088a00000, 0x0000000088a00000| Untracked 
| 139|0x0000000088b00000, 0x0000000088c00000, 0x0000000088c00000|100%| O|  |TAMS 0x0000000088b00000, 0x0000000088b00000| Untracked 
| 140|0x0000000088c00000, 0x0000000088d00000, 0x0000000088d00000|100%| O|  |TAMS 0x0000000088c00000, 0x0000000088c00000| Untracked 
| 141|0x0000000088d00000, 0x0000000088e00000, 0x0000000088e00000|100%| O|  |TAMS 0x0000000088d00000, 0x0000000088d00000| Untracked 
| 142|0x0000000088e00000, 0x0000000088f00000, 0x0000000088f00000|100%| O|  |TAMS 0x0000000088e00000, 0x0000000088e00000| Untracked 
| 143|0x0000000088f00000, 0x0000000089000000, 0x0000000089000000|100%| O|  |TAMS 0x0000000088f00000, 0x0000000088f00000| Untracked 
| 144|0x0000000089000000, 0x0000000089100000, 0x0000000089100000|100%| O|  |TAMS 0x0000000089000000, 0x0000000089000000| Untracked 
| 145|0x0000000089100000, 0x0000000089200000, 0x0000000089200000|100%| O|  |TAMS 0x0000000089100000, 0x0000000089100000| Untracked 
| 146|0x0000000089200000, 0x0000000089300000, 0x0000000089300000|100%| O|  |TAMS 0x0000000089200000, 0x0000000089200000| Untracked 
| 147|0x0000000089300000, 0x0000000089400000, 0x0000000089400000|100%| O|  |TAMS 0x0000000089300000, 0x0000000089300000| Untracked 
| 148|0x0000000089400000, 0x0000000089500000, 0x0000000089500000|100%| O|  |TAMS 0x0000000089400000, 0x0000000089400000| Untracked 
| 149|0x0000000089500000, 0x0000000089600000, 0x0000000089600000|100%| O|  |TAMS 0x0000000089500000, 0x0000000089500000| Untracked 
| 150|0x0000000089600000, 0x0000000089700000, 0x0000000089700000|100%| O|  |TAMS 0x0000000089600000, 0x0000000089600000| Untracked 
| 151|0x0000000089700000, 0x0000000089800000, 0x0000000089800000|100%| O|  |TAMS 0x0000000089700000, 0x0000000089700000| Untracked 
| 152|0x0000000089800000, 0x0000000089900000, 0x0000000089900000|100%| O|  |TAMS 0x0000000089800000, 0x0000000089800000| Untracked 
| 153|0x0000000089900000, 0x0000000089a00000, 0x0000000089a00000|100%| O|  |TAMS 0x0000000089900000, 0x0000000089900000| Untracked 
| 154|0x0000000089a00000, 0x0000000089b00000, 0x0000000089b00000|100%| O|  |TAMS 0x0000000089a00000, 0x0000000089a00000| Untracked 
| 155|0x0000000089b00000, 0x0000000089c00000, 0x0000000089c00000|100%| O|  |TAMS 0x0000000089b00000, 0x0000000089b00000| Untracked 
| 156|0x0000000089c00000, 0x0000000089d00000, 0x0000000089d00000|100%| O|  |TAMS 0x0000000089c00000, 0x0000000089c00000| Untracked 
| 157|0x0000000089d00000, 0x0000000089e00000, 0x0000000089e00000|100%| O|  |TAMS 0x0000000089d00000, 0x0000000089d00000| Untracked 
| 158|0x0000000089e00000, 0x0000000089f00000, 0x0000000089f00000|100%| O|  |TAMS 0x0000000089e00000, 0x0000000089e00000| Untracked 
| 159|0x0000000089f00000, 0x000000008a000000, 0x000000008a000000|100%| O|  |TAMS 0x0000000089f00000, 0x0000000089f00000| Untracked 
| 160|0x000000008a000000, 0x000000008a100000, 0x000000008a100000|100%| O|  |TAMS 0x000000008a000000, 0x000000008a000000| Untracked 
| 161|0x000000008a100000, 0x000000008a200000, 0x000000008a200000|100%| O|  |TAMS 0x000000008a100000, 0x000000008a100000| Untracked 
| 162|0x000000008a200000, 0x000000008a300000, 0x000000008a300000|100%| O|  |TAMS 0x000000008a200000, 0x000000008a200000| Untracked 
| 163|0x000000008a300000, 0x000000008a400000, 0x000000008a400000|100%| O|  |TAMS 0x000000008a300000, 0x000000008a300000| Untracked 
| 164|0x000000008a400000, 0x000000008a500000, 0x000000008a500000|100%| O|  |TAMS 0x000000008a400000, 0x000000008a400000| Untracked 
| 165|0x000000008a500000, 0x000000008a600000, 0x000000008a600000|100%| O|  |TAMS 0x000000008a500000, 0x000000008a500000| Untracked 
| 166|0x000000008a600000, 0x000000008a700000, 0x000000008a700000|100%| O|  |TAMS 0x000000008a600000, 0x000000008a600000| Untracked 
| 167|0x000000008a700000, 0x000000008a800000, 0x000000008a800000|100%| O|  |TAMS 0x000000008a700000, 0x000000008a700000| Untracked 
| 168|0x000000008a800000, 0x000000008a900000, 0x000000008a900000|100%| O|  |TAMS 0x000000008a800000, 0x000000008a800000| Untracked 
| 169|0x000000008a900000, 0x000000008aa00000, 0x000000008aa00000|100%| O|  |TAMS 0x000000008a900000, 0x000000008a900000| Untracked 
| 170|0x000000008aa00000, 0x000000008ab00000, 0x000000008ab00000|100%| O|  |TAMS 0x000000008aa00000, 0x000000008aa00000| Untracked 
| 171|0x000000008ab00000, 0x000000008ac00000, 0x000000008ac00000|100%| O|  |TAMS 0x000000008ab00000, 0x000000008ab00000| Untracked 
| 172|0x000000008ac00000, 0x000000008ad00000, 0x000000008ad00000|100%| O|  |TAMS 0x000000008ac00000, 0x000000008ac00000| Untracked 
| 173|0x000000008ad00000, 0x000000008ad00000, 0x000000008ae00000|  0%| F|  |TAMS 0x000000008ad00000, 0x000000008ad00000| Untracked 
| 174|0x000000008ae00000, 0x000000008ae00000, 0x000000008af00000|  0%| F|  |TAMS 0x000000008ae00000, 0x000000008ae00000| Untracked 
| 175|0x000000008af00000, 0x000000008af00000, 0x000000008b000000|  0%| F|  |TAMS 0x000000008af00000, 0x000000008af00000| Untracked 
| 176|0x000000008b000000, 0x000000008b000000, 0x000000008b100000|  0%| F|  |TAMS 0x000000008b000000, 0x000000008b000000| Untracked 
| 177|0x000000008b100000, 0x000000008b100000, 0x000000008b200000|  0%| F|  |TAMS 0x000000008b100000, 0x000000008b100000| Untracked 
| 178|0x000000008b200000, 0x000000008b200000, 0x000000008b300000|  0%| F|  |TAMS 0x000000008b200000, 0x000000008b200000| Untracked 
| 179|0x000000008b300000, 0x000000008b300000, 0x000000008b400000|  0%| F|  |TAMS 0x000000008b300000, 0x000000008b300000| Untracked 
| 180|0x000000008b400000, 0x000000008b400000, 0x000000008b500000|  0%| F|  |TAMS 0x000000008b400000, 0x000000008b400000| Untracked 
| 181|0x000000008b500000, 0x000000008b500000, 0x000000008b600000|  0%| F|  |TAMS 0x000000008b500000, 0x000000008b500000| Untracked 
| 182|0x000000008b600000, 0x000000008b600000, 0x000000008b700000|  0%| F|  |TAMS 0x000000008b600000, 0x000000008b600000| Untracked 
| 183|0x000000008b700000, 0x000000008b700000, 0x000000008b800000|  0%| F|  |TAMS 0x000000008b700000, 0x000000008b700000| Untracked 
| 184|0x000000008b800000, 0x000000008b800000, 0x000000008b900000|  0%| F|  |TAMS 0x000000008b800000, 0x000000008b800000| Untracked 
| 185|0x000000008b900000, 0x000000008b900000, 0x000000008ba00000|  0%| F|  |TAMS 0x000000008b900000, 0x000000008b900000| Untracked 
| 186|0x000000008ba00000, 0x000000008ba00000, 0x000000008bb00000|  0%| F|  |TAMS 0x000000008ba00000, 0x000000008ba00000| Untracked 
| 187|0x000000008bb00000, 0x000000008bb00000, 0x000000008bc00000|  0%| F|  |TAMS 0x000000008bb00000, 0x000000008bb00000| Untracked 
| 188|0x000000008bc00000, 0x000000008bc00000, 0x000000008bd00000|  0%| F|  |TAMS 0x000000008bc00000, 0x000000008bc00000| Untracked 
| 189|0x000000008bd00000, 0x000000008bd00000, 0x000000008be00000|  0%| F|  |TAMS 0x000000008bd00000, 0x000000008bd00000| Untracked 
| 190|0x000000008be00000, 0x000000008be00000, 0x000000008bf00000|  0%| F|  |TAMS 0x000000008be00000, 0x000000008be00000| Untracked 
| 191|0x000000008bf00000, 0x000000008bf00000, 0x000000008c000000|  0%| F|  |TAMS 0x000000008bf00000, 0x000000008bf00000| Untracked 
| 192|0x000000008c000000, 0x000000008c000000, 0x000000008c100000|  0%| F|  |TAMS 0x000000008c000000, 0x000000008c000000| Untracked 
| 193|0x000000008c100000, 0x000000008c100000, 0x000000008c200000|  0%| F|  |TAMS 0x000000008c100000, 0x000000008c100000| Untracked 
| 194|0x000000008c200000, 0x000000008c200000, 0x000000008c300000|  0%| F|  |TAMS 0x000000008c200000, 0x000000008c200000| Untracked 
| 195|0x000000008c300000, 0x000000008c300000, 0x000000008c400000|  0%| F|  |TAMS 0x000000008c300000, 0x000000008c300000| Untracked 
| 196|0x000000008c400000, 0x000000008c400000, 0x000000008c500000|  0%| F|  |TAMS 0x000000008c400000, 0x000000008c400000| Untracked 
| 197|0x000000008c500000, 0x000000008c500000, 0x000000008c600000|  0%| F|  |TAMS 0x000000008c500000, 0x000000008c500000| Untracked 
| 198|0x000000008c600000, 0x000000008c600000, 0x000000008c700000|  0%| F|  |TAMS 0x000000008c600000, 0x000000008c600000| Untracked 
| 199|0x000000008c700000, 0x000000008c741bf8, 0x000000008c800000| 25%| S|CS|TAMS 0x000000008c700000, 0x000000008c700000| Complete 
| 200|0x000000008c800000, 0x000000008c900000, 0x000000008c900000|100%| S|CS|TAMS 0x000000008c800000, 0x000000008c800000| Complete 
| 201|0x000000008c900000, 0x000000008c900000, 0x000000008ca00000|  0%| F|  |TAMS 0x000000008c900000, 0x000000008c900000| Untracked 
| 202|0x000000008ca00000, 0x000000008ca00000, 0x000000008cb00000|  0%| F|  |TAMS 0x000000008ca00000, 0x000000008ca00000| Untracked 
| 203|0x000000008cb00000, 0x000000008cb00000, 0x000000008cc00000|  0%| F|  |TAMS 0x000000008cb00000, 0x000000008cb00000| Untracked 
| 204|0x000000008cc00000, 0x000000008cc00000, 0x000000008cd00000|  0%| F|  |TAMS 0x000000008cc00000, 0x000000008cc00000| Untracked 
| 205|0x000000008cd00000, 0x000000008cd00000, 0x000000008ce00000|  0%| F|  |TAMS 0x000000008cd00000, 0x000000008cd00000| Untracked 
| 206|0x000000008ce00000, 0x000000008ce00000, 0x000000008cf00000|  0%| F|  |TAMS 0x000000008ce00000, 0x000000008ce00000| Untracked 
| 207|0x000000008cf00000, 0x000000008cf00000, 0x000000008d000000|  0%| F|  |TAMS 0x000000008cf00000, 0x000000008cf00000| Untracked 
| 208|0x000000008d000000, 0x000000008d000000, 0x000000008d100000|  0%| F|  |TAMS 0x000000008d000000, 0x000000008d000000| Untracked 
| 209|0x000000008d100000, 0x000000008d100000, 0x000000008d200000|  0%| F|  |TAMS 0x000000008d100000, 0x000000008d100000| Untracked 
| 210|0x000000008d200000, 0x000000008d200000, 0x000000008d300000|  0%| F|  |TAMS 0x000000008d200000, 0x000000008d200000| Untracked 
| 211|0x000000008d300000, 0x000000008d300000, 0x000000008d400000|  0%| F|  |TAMS 0x000000008d300000, 0x000000008d300000| Untracked 
| 212|0x000000008d400000, 0x000000008d4ca318, 0x000000008d500000| 78%| E|  |TAMS 0x000000008d400000, 0x000000008d400000| Complete 
| 213|0x000000008d500000, 0x000000008d600000, 0x000000008d600000|100%| E|CS|TAMS 0x000000008d500000, 0x000000008d500000| Complete 
| 214|0x000000008d600000, 0x000000008d700000, 0x000000008d700000|100%| E|CS|TAMS 0x000000008d600000, 0x000000008d600000| Complete 
| 215|0x000000008d700000, 0x000000008d800000, 0x000000008d800000|100%| E|CS|TAMS 0x000000008d700000, 0x000000008d700000| Complete 
| 216|0x000000008d800000, 0x000000008d900000, 0x000000008d900000|100%| E|CS|TAMS 0x000000008d800000, 0x000000008d800000| Complete 
| 217|0x000000008d900000, 0x000000008da00000, 0x000000008da00000|100%| E|CS|TAMS 0x000000008d900000, 0x000000008d900000| Complete 
| 218|0x000000008da00000, 0x000000008db00000, 0x000000008db00000|100%| E|CS|TAMS 0x000000008da00000, 0x000000008da00000| Complete 

Card table byte_map: [0x000002095bc10000,0x000002095c010000] _byte_map_base: 0x000002095b810000

Marking Bits (Prev, Next): (CMBitMap*) 0x000002094517b930, (CMBitMap*) 0x000002094517b8f0
 Prev Bits: [0x000002095e410000, 0x0000020960410000)
 Next Bits: [0x000002095c410000, 0x000002095e410000)

Polling page: 0x0000020943050000

Metaspace:

Usage:
  Non-class:     91.89 MB used.
      Class:     14.53 MB used.
       Both:    106.42 MB used.

Virtual space:
  Non-class space:      128.00 MB reserved,      92.50 MB ( 72%) committed,  2 nodes.
      Class space:      416.00 MB reserved,      15.06 MB (  4%) committed,  1 nodes.
             Both:      544.00 MB reserved,     107.56 MB ( 20%) committed. 

Chunk freelists:
   Non-Class:  2.70 MB
       Class:  907.00 KB
        Both:  3.59 MB

MaxMetaspaceSize: 512.00 MB
CompressedClassSpaceSize: 416.00 MB
Initial GC threshold: 21.00 MB
Current GC threshold: 127.62 MB
CDS: on
MetaspaceReclaimPolicy: balanced
 - commit_granule_bytes: 65536.
 - commit_granule_words: 8192.
 - virtual_space_node_default_size: 8388608.
 - enlarge_chunks_in_place: 1.
 - new_chunks_are_fully_committed: 0.
 - uncommit_free_chunks: 1.
 - use_allocation_guard: 0.
 - handle_deallocations: 1.


Internal statistics:

num_allocs_failed_limit: 9.
num_arena_births: 1400.
num_arena_deaths: 0.
num_vsnodes_births: 3.
num_vsnodes_deaths: 0.
num_space_committed: 1720.
num_space_uncommitted: 0.
num_chunks_returned_to_freelist: 9.
num_chunks_taken_from_freelist: 6064.
num_chunk_merges: 9.
num_chunk_splits: 3902.
num_chunks_enlarged: 2456.
num_inconsistent_stats: 0.

CodeHeap 'non-profiled nmethods': size=120064Kb used=9284Kb max_used=9284Kb free=110779Kb
 bounds [0x00000209546d0000, 0x0000020954ff0000, 0x000002095bc10000]
CodeHeap 'profiled nmethods': size=120000Kb used=27494Kb max_used=27517Kb free=92505Kb
 bounds [0x000002094cc10000, 0x000002094e6f0000, 0x0000020954140000]
CodeHeap 'non-nmethods': size=5696Kb used=2439Kb max_used=2497Kb free=3256Kb
 bounds [0x0000020954140000, 0x00000209543d0000, 0x00000209546d0000]
 total_blobs=14660 nmethods=13678 adapters=894
 compilation: enabled
              stopped_count=0, restarted_count=0
 full_count=0

Compilation events (20 events):
Event: 134.141 Thread 0x00000209627dbae0 nmethod 15998 0x0000020954fdc390 code [0x0000020954fdc500, 0x0000020954fdc5d8]
Event: 134.141 Thread 0x00000209627dbae0 15997       4       org.gradle.internal.io.StreamByteBuffer$StreamByteBufferInputStream::read (8 bytes)
Event: 134.142 Thread 0x00000209627dbae0 nmethod 15997 0x0000020954fdc690 code [0x0000020954fdc820, 0x0000020954fdc8c8]
Event: 134.176 Thread 0x00000209627dbae0 15999       4       org.gradle.internal.time.DefaultTimer::getElapsedMillis (29 bytes)
Event: 134.178 Thread 0x00000209627dbae0 nmethod 15999 0x0000020954fdc990 code [0x0000020954fdcb20, 0x0000020954fdccb8]
Event: 134.178 Thread 0x00000209627dbae0 16000       4       java.nio.file.Path::toFile (36 bytes)
Event: 134.187 Thread 0x00000209627dbae0 nmethod 16000 0x0000020954fdce10 code [0x0000020954fdcfe0, 0x0000020954fdd568]
Event: 134.189 Thread 0x00000209627dbae0 16001       4       org.gradle.internal.time.DefaultCountdownTimer::hasExpired (15 bytes)
Event: 134.191 Thread 0x00000209627dbae0 nmethod 16001 0x0000020954fdda90 code [0x0000020954fddc20, 0x0000020954fdddf8]
Event: 134.191 Thread 0x00000209627dbae0 16002       4       com.google.common.cache.LocalCache$Segment::evictEntries (106 bytes)
Event: 134.214 Thread 0x00000209627dbae0 nmethod 16002 0x0000020954fde010 code [0x0000020954fde1e0, 0x0000020954fdec38]
Event: 134.214 Thread 0x00000209627dbae0 16003       4       org.gradle.cache.internal.btree.FileBackedBlockStore$BlockImpl::<init> (8 bytes)
Event: 134.219 Thread 0x00000209627dbae0 nmethod 16003 0x0000020954fdf290 code [0x0000020954fdf400, 0x0000020954fdf7f8]
Event: 134.219 Thread 0x00000209627dbae0 16004       4       org.gradle.cache.internal.btree.FileBackedBlockStore$BlockImpl::setPos (34 bytes)
Event: 134.220 Thread 0x00000209627dbae0 nmethod 16004 0x0000020954fdf910 code [0x0000020954fdfa80, 0x0000020954fdfbb8]
Event: 134.223 Thread 0x00000209627dbae0 16005   !   4       java.util.concurrent.FutureTask::run (123 bytes)
Event: 134.232 Thread 0x00000209627dbae0 nmethod 16005 0x0000020954fdff10 code [0x0000020954fe00c0, 0x0000020954fe0668]
Event: 134.233 Thread 0x00000209627dbae0 16006       4       java.util.concurrent.FutureTask::finishCompletion (71 bytes)
Event: 134.236 Thread 0x00000209627dbae0 nmethod 16006 0x0000020954fe0a10 code [0x0000020954fe0ba0, 0x0000020954fe0dc8]
Event: 134.255 Thread 0x00000209627dbae0 16008       4       org.gradle.cache.internal.ExclusiveCacheAccessingWorker$1::call (10 bytes)

GC Heap History (20 events):
Event: 117.517 GC heap before
{Heap before GC invocations=66 (full 0):
 garbage-first heap   total 224256K, used 188132K [0x0000000080000000, 0x0000000100000000)
  region size 1024K, 40 young (40960K), 5 survivors (5120K)
 Metaspace       used 105034K, committed 106240K, reserved 557056K
  class space    used 14528K, committed 15104K, reserved 425984K
}
Event: 117.547 GC heap after
{Heap after GC invocations=67 (full 0):
 garbage-first heap   total 224256K, used 157040K [0x0000000080000000, 0x0000000100000000)
  region size 1024K, 5 young (5120K), 5 survivors (5120K)
 Metaspace       used 105034K, committed 106240K, reserved 557056K
  class space    used 14528K, committed 15104K, reserved 425984K
}
Event: 120.029 GC heap before
{Heap before GC invocations=67 (full 0):
 garbage-first heap   total 224256K, used 187760K [0x0000000080000000, 0x0000000100000000)
  region size 1024K, 35 young (35840K), 5 survivors (5120K)
 Metaspace       used 105231K, committed 106368K, reserved 557056K
  class space    used 14532K, committed 15104K, reserved 425984K
}
Event: 120.056 GC heap after
{Heap after GC invocations=68 (full 0):
 garbage-first heap   total 224256K, used 160948K [0x0000000080000000, 0x0000000100000000)
  region size 1024K, 4 young (4096K), 4 survivors (4096K)
 Metaspace       used 105231K, committed 106368K, reserved 557056K
  class space    used 14532K, committed 15104K, reserved 425984K
}
Event: 123.002 GC heap before
{Heap before GC invocations=68 (full 0):
 garbage-first heap   total 224256K, used 189620K [0x0000000080000000, 0x0000000100000000)
  region size 1024K, 32 young (32768K), 4 survivors (4096K)
 Metaspace       used 105599K, committed 106688K, reserved 557056K
  class space    used 14570K, committed 15104K, reserved 425984K
}
Event: 123.028 GC heap after
{Heap after GC invocations=69 (full 0):
 garbage-first heap   total 224256K, used 164416K [0x0000000080000000, 0x0000000100000000)
  region size 1024K, 4 young (4096K), 4 survivors (4096K)
 Metaspace       used 105599K, committed 106688K, reserved 557056K
  class space    used 14570K, committed 15104K, reserved 425984K
}
Event: 124.227 GC heap before
{Heap before GC invocations=69 (full 0):
 garbage-first heap   total 224256K, used 191040K [0x0000000080000000, 0x0000000100000000)
  region size 1024K, 31 young (31744K), 4 survivors (4096K)
 Metaspace       used 106271K, committed 107392K, reserved 557056K
  class space    used 14626K, committed 15168K, reserved 425984K
}
Event: 124.255 GC heap after
{Heap after GC invocations=70 (full 0):
 garbage-first heap   total 224256K, used 168182K [0x0000000080000000, 0x0000000100000000)
  region size 1024K, 4 young (4096K), 4 survivors (4096K)
 Metaspace       used 106271K, committed 107392K, reserved 557056K
  class space    used 14626K, committed 15168K, reserved 425984K
}
Event: 125.966 GC heap before
{Heap before GC invocations=70 (full 0):
 garbage-first heap   total 224256K, used 195830K [0x0000000080000000, 0x0000000100000000)
  region size 1024K, 27 young (27648K), 4 survivors (4096K)
 Metaspace       used 108013K, committed 109184K, reserved 557056K
  class space    used 14782K, committed 15360K, reserved 425984K
}
Event: 125.990 GC heap after
{Heap after GC invocations=71 (full 0):
 garbage-first heap   total 224256K, used 170635K [0x0000000080000000, 0x0000000100000000)
  region size 1024K, 3 young (3072K), 3 survivors (3072K)
 Metaspace       used 108013K, committed 109184K, reserved 557056K
  class space    used 14782K, committed 15360K, reserved 425984K
}
Event: 128.586 GC heap before
{Heap before GC invocations=71 (full 0):
 garbage-first heap   total 224256K, used 191115K [0x0000000080000000, 0x0000000100000000)
  region size 1024K, 24 young (24576K), 3 survivors (3072K)
 Metaspace       used 108236K, committed 109440K, reserved 557056K
  class space    used 14789K, committed 15360K, reserved 425984K
}
Event: 128.635 GC heap after
{Heap after GC invocations=72 (full 0):
 garbage-first heap   total 224256K, used 172275K [0x0000000080000000, 0x0000000100000000)
  region size 1024K, 2 young (2048K), 2 survivors (2048K)
 Metaspace       used 108236K, committed 109440K, reserved 557056K
  class space    used 14789K, committed 15360K, reserved 425984K
}
Event: 131.160 GC heap before
{Heap before GC invocations=72 (full 0):
 garbage-first heap   total 224256K, used 193779K [0x0000000080000000, 0x0000000100000000)
  region size 1024K, 23 young (23552K), 2 survivors (2048K)
 Metaspace       used 108379K, committed 109504K, reserved 557056K
  class space    used 14789K, committed 15360K, reserved 425984K
}
Event: 131.174 GC heap after
{Heap after GC invocations=73 (full 0):
 garbage-first heap   total 224256K, used 172670K [0x0000000080000000, 0x0000000100000000)
  region size 1024K, 2 young (2048K), 2 survivors (2048K)
 Metaspace       used 108379K, committed 109504K, reserved 557056K
  class space    used 14789K, committed 15360K, reserved 425984K
}
Event: 132.565 GC heap before
{Heap before GC invocations=73 (full 0):
 garbage-first heap   total 224256K, used 194174K [0x0000000080000000, 0x0000000100000000)
  region size 1024K, 24 young (24576K), 2 survivors (2048K)
 Metaspace       used 108976K, committed 110144K, reserved 557056K
  class space    used 14882K, committed 15424K, reserved 425984K
}
Event: 132.576 GC heap after
{Heap after GC invocations=74 (full 0):
 garbage-first heap   total 224256K, used 174461K [0x0000000080000000, 0x0000000100000000)
  region size 1024K, 3 young (3072K), 3 survivors (3072K)
 Metaspace       used 108976K, committed 110144K, reserved 557056K
  class space    used 14882K, committed 15424K, reserved 425984K
}
Event: 133.535 GC heap before
{Heap before GC invocations=74 (full 0):
 garbage-first heap   total 224256K, used 193917K [0x0000000080000000, 0x0000000100000000)
  region size 1024K, 23 young (23552K), 3 survivors (3072K)
 Metaspace       used 108976K, committed 110144K, reserved 557056K
  class space    used 14882K, committed 15424K, reserved 425984K
}
Event: 133.550 GC heap after
{Heap after GC invocations=75 (full 0):
 garbage-first heap   total 224256K, used 177076K [0x0000000080000000, 0x0000000100000000)
  region size 1024K, 3 young (3072K), 3 survivors (3072K)
 Metaspace       used 108976K, committed 110144K, reserved 557056K
  class space    used 14882K, committed 15424K, reserved 425984K
}
Event: 134.276 GC heap before
{Heap before GC invocations=75 (full 0):
 garbage-first heap   total 224256K, used 194484K [0x0000000080000000, 0x0000000100000000)
  region size 1024K, 21 young (21504K), 3 survivors (3072K)
 Metaspace       used 108977K, committed 110144K, reserved 557056K
  class space    used 14882K, committed 15424K, reserved 425984K
}
Event: 134.284 GC heap after
{Heap after GC invocations=76 (full 0):
 garbage-first heap   total 224256K, used 178438K [0x0000000080000000, 0x0000000100000000)
  region size 1024K, 2 young (2048K), 2 survivors (2048K)
 Metaspace       used 108977K, committed 110144K, reserved 557056K
  class space    used 14882K, committed 15424K, reserved 425984K
}

Dll operation events (14 events):
Event: 0.029 Loaded shared library C:\Program Files\Microsoft\jdk-17.0.8.7-hotspot\bin\java.dll
Event: 0.106 Loaded shared library C:\Program Files\Microsoft\jdk-17.0.8.7-hotspot\bin\jsvml.dll
Event: 0.274 Loaded shared library C:\Program Files\Microsoft\jdk-17.0.8.7-hotspot\bin\zip.dll
Event: 0.280 Loaded shared library C:\Program Files\Microsoft\jdk-17.0.8.7-hotspot\bin\instrument.dll
Event: 0.290 Loaded shared library C:\Program Files\Microsoft\jdk-17.0.8.7-hotspot\bin\net.dll
Event: 0.292 Loaded shared library C:\Program Files\Microsoft\jdk-17.0.8.7-hotspot\bin\nio.dll
Event: 0.304 Loaded shared library C:\Program Files\Microsoft\jdk-17.0.8.7-hotspot\bin\zip.dll
Event: 1.116 Loaded shared library C:\Program Files\Microsoft\jdk-17.0.8.7-hotspot\bin\jimage.dll
Event: 1.371 Loaded shared library C:\Program Files\Microsoft\jdk-17.0.8.7-hotspot\bin\verify.dll
Event: 1.996 Loaded shared library C:\Users\shrey\.gradle\native\68d5fa5c4cc2d200863cafc0d521ce42e7d3e7ee720ec0a83991735586a16f82\windows-amd64\native-platform.dll
Event: 2.019 Loaded shared library C:\Users\shrey\.gradle\native\e376f236ea51e6404a007f0833ffe2c6e607c4080706a723a18a27aeea778392\windows-amd64\native-platform-file-events.dll
Event: 5.428 Loaded shared library C:\Program Files\Microsoft\jdk-17.0.8.7-hotspot\bin\management.dll
Event: 5.438 Loaded shared library C:\Program Files\Microsoft\jdk-17.0.8.7-hotspot\bin\management_ext.dll
Event: 7.043 Loaded shared library C:\Program Files\Microsoft\jdk-17.0.8.7-hotspot\bin\sunmscapi.dll

Deoptimization events (20 events):
Event: 132.345 Thread 0x000002090415bb90 Uncommon trap: trap_request=0xffffffde fr.pc=0x0000020954f8e354 relative=0x00000000000000b4
Event: 132.345 Thread 0x000002090415bb90 Uncommon trap: reason=class_check action=maybe_recompile pc=0x0000020954f8e354 method=org.gradle.api.internal.artifacts.ivyservice.ResolvedFileCollectionVisitor.prepareForVisit(Lorg/gradle/api/internal/file/FileCollectionInternal$Source;)Lorg/gradle/api/i
Event: 132.345 Thread 0x000002090415bb90 DEOPT PACKING pc=0x0000020954f8e354 sp=0x000000c1df6faa50
Event: 132.345 Thread 0x000002090415bb90 DEOPT UNPACKING pc=0x000002095419699d sp=0x000000c1df6fa908 mode 2
Event: 132.560 Thread 0x000002090415bb90 Uncommon trap: trap_request=0xffffff45 fr.pc=0x0000020954f8d184 relative=0x0000000000000d84
Event: 132.560 Thread 0x000002090415bb90 Uncommon trap: reason=unstable_if action=reinterpret pc=0x0000020954f8d184 method=org.gradle.api.internal.artifacts.transform.TransformingAsyncArtifactListener$TransformedArtifact.finalizeValue()Lorg/gradle/internal/Try; @ 130 c2
Event: 132.560 Thread 0x000002090415bb90 DEOPT PACKING pc=0x0000020954f8d184 sp=0x000000c1df6fa370
Event: 132.560 Thread 0x000002090415bb90 DEOPT UNPACKING pc=0x000002095419699d sp=0x000000c1df6fa338 mode 2
Event: 132.651 Thread 0x0000020904157ed0 Uncommon trap: trap_request=0xffffffd6 fr.pc=0x0000020954fae058 relative=0x00000000000007b8
Event: 132.651 Thread 0x0000020904157ed0 Uncommon trap: reason=array_check action=maybe_recompile pc=0x0000020954fae058 method=java.util.TimSort.reverseRange([Ljava/lang/Object;II)V @ 27 c2
Event: 132.651 Thread 0x0000020904157ed0 DEOPT PACKING pc=0x0000020954fae058 sp=0x000000c1deefd3a0
Event: 132.651 Thread 0x0000020904157ed0 DEOPT UNPACKING pc=0x000002095419699d sp=0x000000c1deefd2e0 mode 2
Event: 133.919 Thread 0x000002090415bb90 Uncommon trap: trap_request=0xffffff45 fr.pc=0x0000020954fc9614 relative=0x00000000000006d4
Event: 133.919 Thread 0x000002090415bb90 Uncommon trap: reason=unstable_if action=reinterpret pc=0x0000020954fc9614 method=java.util.concurrent.ArrayBlockingQueue.enqueue(Ljava/lang/Object;)V @ 25 c2
Event: 133.920 Thread 0x000002090415bb90 DEOPT PACKING pc=0x0000020954fc9614 sp=0x000000c1df6f69c0
Event: 133.920 Thread 0x000002090415bb90 DEOPT UNPACKING pc=0x000002095419699d sp=0x000000c1df6f6990 mode 2
Event: 133.920 Thread 0x000002090487a810 Uncommon trap: trap_request=0xffffff45 fr.pc=0x0000020954fcbd48 relative=0x0000000000000c88
Event: 133.920 Thread 0x000002090487a810 Uncommon trap: reason=unstable_if action=reinterpret pc=0x0000020954fcbd48 method=java.util.concurrent.ArrayBlockingQueue.dequeue()Ljava/lang/Object; @ 32 c2
Event: 133.920 Thread 0x000002090487a810 DEOPT PACKING pc=0x0000020954fcbd48 sp=0x000000c1dd6fee70
Event: 133.920 Thread 0x000002090487a810 DEOPT UNPACKING pc=0x000002095419699d sp=0x000000c1dd6fede0 mode 2

Classes unloaded (0 events):
No events

Classes redefined (0 events):
No events

Internal exceptions (20 events):
Event: 111.518 Thread 0x00000209627b6dc0 Implicit null exception at 0x0000020954d0847d to 0x0000020954d08a88
Event: 116.885 Thread 0x000002097f116bd0 Exception <a 'java/lang/IncompatibleClassChangeError'{0x000000008c196620}: Found class java.lang.Object, but interface was expected> (0x000000008c196620) 
thrown [s\src\hotspot\share\interpreter\linkResolver.cpp, line 826]
Event: 117.648 Thread 0x000002097f116bd0 Exception <a 'sun/nio/fs/WindowsException'{0x000000008dac8870}> (0x000000008dac8870) 
thrown [s\src\hotspot\share\prims\jni.cpp, line 516]
Event: 117.648 Thread 0x000002097f116bd0 Exception <a 'sun/nio/fs/WindowsException'{0x000000008dac9eb0}> (0x000000008dac9eb0) 
thrown [s\src\hotspot\share\prims\jni.cpp, line 516]
Event: 117.648 Thread 0x000002097f116bd0 Exception <a 'sun/nio/fs/WindowsException'{0x000000008dacb540}> (0x000000008dacb540) 
thrown [s\src\hotspot\share\prims\jni.cpp, line 516]
Event: 117.648 Thread 0x000002097f116bd0 Exception <a 'sun/nio/fs/WindowsException'{0x000000008daccbd0}> (0x000000008daccbd0) 
thrown [s\src\hotspot\share\prims\jni.cpp, line 516]
Event: 124.539 Thread 0x000002097f116bd0 Exception <a 'java/lang/NoSuchMethodError'{0x000000008d683490}: static Lcom/android/build/gradle/internal/profile/ProjectData;.<clinit>()V> (0x000000008d683490) 
thrown [s\src\hotspot\share\prims\jni.cpp, line 1107]
Event: 124.638 Thread 0x000002097f116bd0 Exception <a 'java/lang/NoSuchMethodError'{0x000000008d50c860}: static Lcom/android/build/gradle/internal/profile/TaskMetadata;.<clinit>()V> (0x000000008d50c860) 
thrown [s\src\hotspot\share\prims\jni.cpp, line 1107]
Event: 125.018 Thread 0x000002097f116bd0 Exception <a 'sun/nio/fs/WindowsException'{0x000000008d1b7448}> (0x000000008d1b7448) 
thrown [s\src\hotspot\share\prims\jni.cpp, line 516]
Event: 125.187 Thread 0x0000020904159820 Exception <a 'java/lang/NoSuchMethodError'{0x000000008cd05278}: 'void java.lang.invoke.DirectMethodHandle$Holder.invokeStatic(java.lang.Object, java.lang.Object, java.lang.Object, java.lang.Object, int, java.lang.Object, java.lang.Object)'> (0x000000008cd05278) 
thrown [s\src\hotspot\share\interpreter\linkResolver.cpp, line 759]
Event: 125.375 Thread 0x0000020904159820 Exception <a 'java/lang/NoSuchMethodError'{0x000000008cb9e548}: 'java.lang.Object java.lang.invoke.DirectMethodHandle$Holder.invokeSpecialIFC(java.lang.Object, java.lang.Object, java.lang.Object)'> (0x000000008cb9e548) 
thrown [s\src\hotspot\share\interpreter\linkResolver.cpp, line 759]
Event: 127.027 Thread 0x000002090415c5b0 Exception <a 'java/lang/NoSuchMethodError'{0x000000008d3a76c0}: 'void java.lang.invoke.DirectMethodHandle$Holder.invokeVirtual(java.lang.Object, java.lang.Object)'> (0x000000008d3a76c0) 
thrown [s\src\hotspot\share\interpreter\linkResolver.cpp, line 759]
Event: 129.921 Thread 0x000002090c0356a0 Implicit null exception at 0x0000020954f5a75b to 0x0000020954f5a7ec
Event: 131.847 Thread 0x000002090415bb90 Exception <a 'java/lang/ClassNotFoundException'{0x000000008c95aa50}: groovy/util/FileTreeBuilderBeanInfo> (0x000000008c95aa50) 
thrown [s\src\hotspot\share\classfile\systemDictionary.cpp, line 256]
Event: 131.848 Thread 0x000002090415bb90 Exception <a 'java/lang/ClassNotFoundException'{0x000000008c9bd618}: groovy/util/FileTreeBuilderCustomizer> (0x000000008c9bd618) 
thrown [s\src\hotspot\share\classfile\systemDictionary.cpp, line 256]
Event: 131.891 Thread 0x000002090415bb90 Exception <a 'java/lang/ClassNotFoundException'{0x000000008c9f6ae0}: java/io/BufferedWriterBeanInfo> (0x000000008c9f6ae0) 
thrown [s\src\hotspot\share\classfile\systemDictionary.cpp, line 256]
Event: 131.892 Thread 0x000002090415bb90 Exception <a 'java/lang/ClassNotFoundException'{0x000000008c9fce68}: java/io/WriterBeanInfo> (0x000000008c9fce68) 
thrown [s\src\hotspot\share\classfile\systemDictionary.cpp, line 256]
Event: 131.894 Thread 0x000002090415bb90 Exception <a 'java/lang/ClassNotFoundException'{0x000000008c803500}: java/io/WriterCustomizer> (0x000000008c803500) 
thrown [s\src\hotspot\share\classfile\systemDictionary.cpp, line 256]
Event: 131.895 Thread 0x000002090415bb90 Exception <a 'java/lang/ClassNotFoundException'{0x000000008c812528}: java/io/BufferedWriterCustomizer> (0x000000008c812528) 
thrown [s\src\hotspot\share\classfile\systemDictionary.cpp, line 256]
Event: 132.001 Thread 0x0000020904159820 Exception <a 'java/lang/NoSuchMethodError'{0x000000008c8b3f20}: static Lcom/android/build/api/variant/BuildConfigField;.<clinit>()V> (0x000000008c8b3f20) 
thrown [s\src\hotspot\share\prims\jni.cpp, line 1107]

VM Operations (20 events):
Event: 129.830 Executing VM operation: Cleanup
Event: 129.830 Executing VM operation: Cleanup done
Event: 130.843 Executing VM operation: Cleanup
Event: 130.931 Executing VM operation: Cleanup done
Event: 131.160 Executing VM operation: G1CollectForAllocation
Event: 131.175 Executing VM operation: G1CollectForAllocation done
Event: 131.677 Executing VM operation: HandshakeAllThreads
Event: 131.689 Executing VM operation: HandshakeAllThreads done
Event: 132.009 Executing VM operation: ICBufferFull
Event: 132.009 Executing VM operation: ICBufferFull done
Event: 132.565 Executing VM operation: G1CollectForAllocation
Event: 132.577 Executing VM operation: G1CollectForAllocation done
Event: 133.535 Executing VM operation: G1CollectForAllocation
Event: 133.550 Executing VM operation: G1CollectForAllocation done
Event: 134.139 Executing VM operation: HandshakeAllThreads
Event: 134.140 Executing VM operation: HandshakeAllThreads done
Event: 134.166 Executing VM operation: ICBufferFull
Event: 134.166 Executing VM operation: ICBufferFull done
Event: 134.276 Executing VM operation: G1CollectForAllocation
Event: 134.284 Executing VM operation: G1CollectForAllocation done

Events (20 events):
Event: 131.892 loading class java/io/WriterBeanInfo
Event: 131.892 loading class java/io/WriterBeanInfo done
Event: 131.892 loading class java/io/WriterCustomizer
Event: 131.892 loading class java/io/WriterCustomizer done
Event: 131.894 loading class java/io/WriterCustomizer
Event: 131.894 loading class java/io/WriterCustomizer done
Event: 131.894 loading class java/io/BufferedWriterCustomizer
Event: 131.894 loading class java/io/BufferedWriterCustomizer done
Event: 131.895 loading class java/io/BufferedWriterCustomizer
Event: 131.895 loading class java/io/BufferedWriterCustomizer done
Event: 134.156 Thread 0x0000020962948070 flushing nmethod 0x000002094d881810
Event: 134.156 Thread 0x0000020962948070 flushing nmethod 0x000002094d8edd90
Event: 134.157 Thread 0x0000020962948070 flushing nmethod 0x000002094d9dbf90
Event: 134.157 Thread 0x0000020962948070 flushing nmethod 0x000002094d9f2b90
Event: 134.157 Thread 0x0000020962948070 flushing nmethod 0x000002094da2d390
Event: 134.157 Thread 0x0000020962948070 flushing nmethod 0x000002094da3f310
Event: 134.164 Thread 0x0000020962948070 flushing nmethod 0x000002094e2a6210
Event: 134.165 Thread 0x0000020962948070 flushing nmethod 0x000002094e332a90
Event: 134.166 Thread 0x0000020962948070 flushing nmethod 0x000002094e444a10
Event: 134.166 Thread 0x0000020962948070 flushing nmethod 0x000002094e478b90


Dynamic libraries:
0x00007ff7c92b0000 - 0x00007ff7c92be000 	C:\Program Files\Microsoft\jdk-17.0.8.7-hotspot\bin\java.exe
0x00007ffd705f0000 - 0x00007ffd70807000 	C:\Windows\SYSTEM32\ntdll.dll
0x00007ffd6f420000 - 0x00007ffd6f4e4000 	C:\Windows\System32\KERNEL32.DLL
0x00007ffd6da20000 - 0x00007ffd6ddc6000 	C:\Windows\System32\KERNELBASE.dll
0x00007ffd6df60000 - 0x00007ffd6e071000 	C:\Windows\System32\ucrtbase.dll
0x00007ffd5cac0000 - 0x00007ffd5cad7000 	C:\Program Files\Microsoft\jdk-17.0.8.7-hotspot\bin\jli.dll
0x00007ffd6e6d0000 - 0x00007ffd6e87e000 	C:\Windows\System32\USER32.dll
0x00007ffd6d930000 - 0x00007ffd6d956000 	C:\Windows\System32\win32u.dll
0x00007ffd6ef70000 - 0x00007ffd6ef99000 	C:\Windows\System32\GDI32.dll
0x00007ffd6e1f0000 - 0x00007ffd6e308000 	C:\Windows\System32\gdi32full.dll
0x00007ffd6de40000 - 0x00007ffd6deda000 	C:\Windows\System32\msvcp_win.dll
0x00007ffd44eb0000 - 0x00007ffd44ecb000 	C:\Program Files\Microsoft\jdk-17.0.8.7-hotspot\bin\VCRUNTIME140.dll
0x00007ffd56e40000 - 0x00007ffd570d3000 	C:\Windows\WinSxS\amd64_microsoft.windows.common-controls_6595b64144ccf1df_6.0.22621.2506_none_270c5ae97388e100\COMCTL32.dll
0x00007ffd6eec0000 - 0x00007ffd6ef67000 	C:\Windows\System32\msvcrt.dll
0x00007ffd6e340000 - 0x00007ffd6e371000 	C:\Windows\System32\IMM32.DLL
0x00007ffd68ba0000 - 0x00007ffd68bac000 	C:\Program Files\Microsoft\jdk-17.0.8.7-hotspot\bin\vcruntime140_1.dll
0x00007ffd27880000 - 0x00007ffd2790d000 	C:\Program Files\Microsoft\jdk-17.0.8.7-hotspot\bin\msvcp140.dll
0x00007ffce02b0000 - 0x00007ffce0f15000 	C:\Program Files\Microsoft\jdk-17.0.8.7-hotspot\bin\server\jvm.dll
0x00007ffd6ec70000 - 0x00007ffd6ed23000 	C:\Windows\System32\ADVAPI32.dll
0x00007ffd6e600000 - 0x00007ffd6e6a8000 	C:\Windows\System32\sechost.dll
0x00007ffd6e310000 - 0x00007ffd6e338000 	C:\Windows\System32\bcrypt.dll
0x00007ffd6faa0000 - 0x00007ffd6fbb7000 	C:\Windows\System32\RPCRT4.dll
0x00007ffd6d650000 - 0x00007ffd6d69d000 	C:\Windows\SYSTEM32\POWRPROF.dll
0x00007ffd684b0000 - 0x00007ffd684b9000 	C:\Windows\SYSTEM32\WSOCK32.dll
0x00007ffd6fc70000 - 0x00007ffd6fce1000 	C:\Windows\System32\WS2_32.dll
0x00007ffd678f0000 - 0x00007ffd67924000 	C:\Windows\SYSTEM32\WINMM.dll
0x00007ffd5f1b0000 - 0x00007ffd5f1ba000 	C:\Windows\SYSTEM32\VERSION.dll
0x00007ffd6d630000 - 0x00007ffd6d643000 	C:\Windows\SYSTEM32\UMPDC.dll
0x00007ffd6c920000 - 0x00007ffd6c938000 	C:\Windows\SYSTEM32\kernel.appcore.dll
0x00007ffd5cfa0000 - 0x00007ffd5cfaa000 	C:\Program Files\Microsoft\jdk-17.0.8.7-hotspot\bin\jimage.dll
0x00007ffd6b310000 - 0x00007ffd6b543000 	C:\Windows\SYSTEM32\DBGHELP.DLL
0x00007ffd6e8e0000 - 0x00007ffd6ec69000 	C:\Windows\System32\combase.dll
0x00007ffd6e380000 - 0x00007ffd6e457000 	C:\Windows\System32\OLEAUT32.dll
0x00007ffd5f4e0000 - 0x00007ffd5f512000 	C:\Windows\SYSTEM32\dbgcore.DLL
0x00007ffd6dee0000 - 0x00007ffd6df5a000 	C:\Windows\System32\bcryptPrimitives.dll
0x00007ffd57c20000 - 0x00007ffd57c2e000 	C:\Program Files\Microsoft\jdk-17.0.8.7-hotspot\bin\instrument.dll
0x00007ffd2f5d0000 - 0x00007ffd2f5f5000 	C:\Program Files\Microsoft\jdk-17.0.8.7-hotspot\bin\java.dll
0x00007ffd03080000 - 0x00007ffd03157000 	C:\Program Files\Microsoft\jdk-17.0.8.7-hotspot\bin\jsvml.dll
0x00007ffd6fcf0000 - 0x00007ffd7054a000 	C:\Windows\System32\SHELL32.dll
0x00007ffd6b830000 - 0x00007ffd6c126000 	C:\Windows\SYSTEM32\windows.storage.dll
0x00007ffd6b6f0000 - 0x00007ffd6b82e000 	C:\Windows\SYSTEM32\wintypes.dll
0x00007ffd6f9a0000 - 0x00007ffd6fa93000 	C:\Windows\System32\SHCORE.dll
0x00007ffd6e880000 - 0x00007ffd6e8de000 	C:\Windows\System32\shlwapi.dll
0x00007ffd6d860000 - 0x00007ffd6d886000 	C:\Windows\SYSTEM32\profapi.dll
0x00007ffd3bb90000 - 0x00007ffd3bba8000 	C:\Program Files\Microsoft\jdk-17.0.8.7-hotspot\bin\zip.dll
0x00007ffd44e90000 - 0x00007ffd44ea9000 	C:\Program Files\Microsoft\jdk-17.0.8.7-hotspot\bin\net.dll
0x00007ffd67d50000 - 0x00007ffd67e87000 	C:\Windows\SYSTEM32\WINHTTP.dll
0x00007ffd6cda0000 - 0x00007ffd6ce09000 	C:\Windows\system32\mswsock.dll
0x00007ffd42e70000 - 0x00007ffd42e86000 	C:\Program Files\Microsoft\jdk-17.0.8.7-hotspot\bin\nio.dll
0x00007ffd5cbc0000 - 0x00007ffd5cbd0000 	C:\Program Files\Microsoft\jdk-17.0.8.7-hotspot\bin\verify.dll
0x00007ffd27850000 - 0x00007ffd27877000 	C:\Users\shrey\.gradle\native\68d5fa5c4cc2d200863cafc0d521ce42e7d3e7ee720ec0a83991735586a16f82\windows-amd64\native-platform.dll
0x00007ffd1e730000 - 0x00007ffd1e874000 	C:\Users\shrey\.gradle\native\e376f236ea51e6404a007f0833ffe2c6e607c4080706a723a18a27aeea778392\windows-amd64\native-platform-file-events.dll
0x00007ffd5cb80000 - 0x00007ffd5cb89000 	C:\Program Files\Microsoft\jdk-17.0.8.7-hotspot\bin\management.dll
0x00007ffd5ca40000 - 0x00007ffd5ca4b000 	C:\Program Files\Microsoft\jdk-17.0.8.7-hotspot\bin\management_ext.dll
0x00007ffd6eea0000 - 0x00007ffd6eea8000 	C:\Windows\System32\PSAPI.DLL
0x00007ffd6d030000 - 0x00007ffd6d04b000 	C:\Windows\SYSTEM32\CRYPTSP.dll
0x00007ffd6c880000 - 0x00007ffd6c8b5000 	C:\Windows\system32\rsaenh.dll
0x00007ffd6ceb0000 - 0x00007ffd6cedc000 	C:\Windows\SYSTEM32\USERENV.dll
0x00007ffd6d050000 - 0x00007ffd6d05c000 	C:\Windows\SYSTEM32\CRYPTBASE.dll
0x00007ffd6c3d0000 - 0x00007ffd6c3fd000 	C:\Windows\SYSTEM32\IPHLPAPI.DLL
0x00007ffd6edc0000 - 0x00007ffd6edc9000 	C:\Windows\System32\NSI.dll
0x00007ffd68240000 - 0x00007ffd68259000 	C:\Windows\SYSTEM32\dhcpcsvc6.DLL
0x00007ffd67d30000 - 0x00007ffd67d4f000 	C:\Windows\SYSTEM32\dhcpcsvc.DLL
0x00007ffd6c450000 - 0x00007ffd6c549000 	C:\Windows\SYSTEM32\DNSAPI.dll
0x00007ffd5cb20000 - 0x00007ffd5cb2e000 	C:\Program Files\Microsoft\jdk-17.0.8.7-hotspot\bin\sunmscapi.dll
0x00007ffd6e080000 - 0x00007ffd6e1e6000 	C:\Windows\System32\CRYPT32.dll
0x00007ffd6d1f0000 - 0x00007ffd6d21e000 	C:\Windows\SYSTEM32\ncrypt.dll
0x00007ffd6d1b0000 - 0x00007ffd6d1e7000 	C:\Windows\SYSTEM32\NTASN1.dll
0x00007ffd5e1a0000 - 0x00007ffd5e1a8000 	C:\Windows\system32\wshunix.dll
0x00007ffd5f190000 - 0x00007ffd5f19a000 	C:\Windows\System32\rasadhlp.dll
0x00007ffd66ed0000 - 0x00007ffd66f53000 	C:\Windows\System32\fwpuclnt.dll
0x00007ffd5f0a0000 - 0x00007ffd5f0b7000 	C:\Windows\system32\napinsp.dll
0x00007ffd5efc0000 - 0x00007ffd5efdb000 	C:\Windows\system32\pnrpnsp.dll
0x00007ffd5eeb0000 - 0x00007ffd5eec1000 	C:\Windows\System32\winrnr.dll
0x00007ffd3acd0000 - 0x00007ffd3ace5000 	C:\Windows\system32\wshbth.dll
0x00007ffd58770000 - 0x00007ffd58791000 	C:\Windows\system32\nlansp_c.dll

dbghelp: loaded successfully - version: 4.0.5 - missing functions: none
symbol engine: initialized successfully - sym options: 0x614 - pdb path: .;C:\Program Files\Microsoft\jdk-17.0.8.7-hotspot\bin;C:\Windows\SYSTEM32;C:\Windows\WinSxS\amd64_microsoft.windows.common-controls_6595b64144ccf1df_6.0.22621.2506_none_270c5ae97388e100;C:\Program Files\Microsoft\jdk-17.0.8.7-hotspot\bin\server;C:\Users\shrey\.gradle\native\68d5fa5c4cc2d200863cafc0d521ce42e7d3e7ee720ec0a83991735586a16f82\windows-amd64;C:\Users\shrey\.gradle\native\e376f236ea51e6404a007f0833ffe2c6e607c4080706a723a18a27aeea778392\windows-amd64

VM Arguments:
jvm_args: -XX:MaxMetaspaceSize=512m --add-opens=java.base/java.util=ALL-UNNAMED --add-opens=java.base/java.lang=ALL-UNNAMED --add-opens=java.base/java.lang.invoke=ALL-UNNAMED --add-opens=java.prefs/java.util.prefs=ALL-UNNAMED --add-opens=java.base/java.nio.charset=ALL-UNNAMED --add-opens=java.base/java.net=ALL-UNNAMED --add-opens=java.base/java.util.concurrent.atomic=ALL-UNNAMED -Xmx2048m -Dfile.encoding=windows-1252 -Duser.country=IN -Duser.language=en -Duser.variant -javaagent:C:\Users\shrey\.gradle\wrapper\dists\gradle-8.3-all\6en3ugtfdg5xnpx44z4qbwgas\gradle-8.3\lib\agents\gradle-instrumentation-agent-8.3.jar 
java_command: org.gradle.launcher.daemon.bootstrap.GradleDaemon 8.3
java_class_path (initial): C:\Users\shrey\.gradle\wrapper\dists\gradle-8.3-all\6en3ugtfdg5xnpx44z4qbwgas\gradle-8.3\lib\gradle-launcher-8.3.jar
Launcher Type: SUN_STANDARD

[Global flags]
     intx CICompilerCount                          = 2                                         {product} {ergonomic}
   size_t CompressedClassSpaceSize                 = 436207616                                 {product} {ergonomic}
     uint ConcGCThreads                            = 1                                         {product} {ergonomic}
     uint G1ConcRefinementThreads                  = 2                                         {product} {ergonomic}
   size_t G1HeapRegionSize                         = 1048576                                   {product} {ergonomic}
    uintx GCDrainStackTargetSize                   = 64                                        {product} {ergonomic}
   size_t InitialHeapSize                          = 132120576                                 {product} {ergonomic}
   size_t MarkStackSize                            = 4194304                                   {product} {ergonomic}
   size_t MaxHeapSize                              = 2147483648                                {product} {command line}
   size_t MaxMetaspaceSize                         = 536870912                                 {product} {command line}
   size_t MaxNewSize                               = 1287651328                                {product} {ergonomic}
   size_t MinHeapDeltaBytes                        = 1048576                                   {product} {ergonomic}
   size_t MinHeapSize                              = 8388608                                   {product} {ergonomic}
    uintx NonNMethodCodeHeapSize                   = 5826188                                {pd product} {ergonomic}
    uintx NonProfiledCodeHeapSize                  = 122916026                              {pd product} {ergonomic}
    uintx ProfiledCodeHeapSize                     = 122916026                              {pd product} {ergonomic}
    uintx ReservedCodeCacheSize                    = 251658240                              {pd product} {ergonomic}
     bool SegmentedCodeCache                       = true                                      {product} {ergonomic}
   size_t SoftMaxHeapSize                          = 2147483648                             {manageable} {ergonomic}
     bool UseCompressedClassPointers               = true                           {product lp64_product} {ergonomic}
     bool UseCompressedOops                        = true                           {product lp64_product} {ergonomic}
     bool UseG1GC                                  = true                                      {product} {ergonomic}
     bool UseLargePagesIndividualAllocation        = false                                  {pd product} {ergonomic}

Logging:
Log output configuration:
 #0: stdout all=warning uptime,level,tags
 #1: stderr all=off uptime,level,tags

Environment Variables:
JAVA_HOME=C:\Program Files\Microsoft\jdk-17.0.8.7-hotspot\
CLASSPATH=C:\Users\shrey\Desktop\washir-main\android\\gradle\wrapper\gradle-wrapper.jar
PATH=C:\Users\shrey\Desktop\washir-main\node_modules\.bin;C:\Users\shrey\Desktop\washir-main\node_modules\.bin;C:\Users\shrey\Desktop\node_modules\.bin;C:\Users\shrey\node_modules\.bin;C:\Users\node_modules\.bin;C:\node_modules\.bin;C:\Program Files\nodejs\node_modules\npm\node_modules\@npmcli\run-script\lib\node-gyp-bin;C:\Users\shrey\Desktop\washir-main\node_modules\.bin;C:\Users\shrey\Desktop\node_modules\.bin;C:\Users\shrey\node_modules\.bin;C:\Users\node_modules\.bin;C:\node_modules\.bin;C:\Program Files\nodejs\node_modules\npm\node_modules\@npmcli\run-script\lib\node-gyp-bin;C:\Program Files\Microsoft\jdk-17.0.8.7-hotspot\bin;C:\Windows\system32;C:\Windows;C:\Windows\System32\Wbem;C:\Windows\System32\WindowsPowerShell\v1.0\;C:\Windows\System32\OpenSSH\;C:\ProgramData\chocolatey\bin;C:\Program Files\nodejs\;C:\Users\shrey\AppData\Local\Android\Sdk\platform-tools;C:\Program Files\Git\cmd;C:\Users\shrey\AppData\Local\Microsoft\WindowsApps;C:\Users\shrey\AppData\Local\Programs\Microsoft VS Code\bin;C:\Users\shrey\AppData\Roaming\npm;
USERNAME=shrey
LANG=en_US.UTF-8
OS=Windows_NT
PROCESSOR_IDENTIFIER=Intel64 Family 6 Model 122 Stepping 8, GenuineIntel
TMP=C:\Users\shrey\AppData\Local\Temp
TEMP=C:\Users\shrey\AppData\Local\Temp



---------------  S Y S T E M  ---------------

OS:
 Windows 11 , 64 bit Build 22621 (10.0.22621.2506)
OS uptime: 3 days 23:02 hours
Hyper-V role detected

CPU: total 2 (initial active 2) (2 cores per cpu, 1 threads per core) family 6 model 122 stepping 8 microcode 0x1c, cx8, cmov, fxsr, mmx, 3dnowpref, sse, sse2, sse3, ssse3, sse4.1, sse4.2, popcnt, tsc, tscinvbit, aes, erms, clmul, sha, clflush, clflushopt, hv
Processor Information for all 2 processors :
  Max Mhz: 1101, Current Mhz: 1101, Mhz Limit: 1101

Memory: 4k page, system-wide physical 8014M (287M free)
TotalPageFile size 14926M (AvailPageFile size 4653M)
current process WorkingSet (physical memory assigned to process): 498M, peak: 515M
current process commit charge ("private bytes"): 547M, peak: 549M

vm_info: OpenJDK 64-Bit Server VM (17.0.8+7-LTS) for windows-amd64 JRE (17.0.8+7-LTS), built on Jul  7 2023 17:21:55 by "MicrosoftCorporation" with MS VC++ 16.10 / 16.11 (VS2019)

END.
