#
# A fatal error has been detected by the Java Runtime Environment:
#
#  EXCEPTION_ACCESS_VIOLATION (0xc0000005) at pc=0x00007ffd60fee0a9, pid=8368, tid=6892
#
# JRE version: OpenJDK Runtime Environment Microsoft-8035246 (17.0.8+7) (build 17.0.8+7-LTS)
# Java VM: OpenJDK 64-Bit Server VM Microsoft-8035246 (17.0.8+7-LTS, mixed mode, sharing, tiered, compressed oops, compressed class ptrs, g1 gc, windows-amd64)
# Problematic frame:
# V  [jvm.dll+0x2be0a9]
#
# No core dump will be written. Minidumps are not enabled by default on client versions of Windows
#
# If you would like to submit a bug report, please visit:
#   https://github.com/microsoft/openjdk/issues
#

---------------  S U M M A R Y ------------

Command Line: -XX:MaxMetaspaceSize=512m --add-opens=java.base/java.util=ALL-UNNAMED --add-opens=java.base/java.lang=ALL-UNNAMED --add-opens=java.base/java.lang.invoke=ALL-UNNAMED --add-opens=java.prefs/java.util.prefs=ALL-UNNAMED --add-opens=java.base/java.nio.charset=ALL-UNNAMED --add-opens=java.base/java.net=ALL-UNNAMED --add-opens=java.base/java.util.concurrent.atomic=ALL-UNNAMED -Xmx2048m -Dfile.encoding=windows-1252 -Duser.country=IN -Duser.language=en -Duser.variant -javaagent:C:\Users\shrey\.gradle\wrapper\dists\gradle-8.3-all\6en3ugtfdg5xnpx44z4qbwgas\gradle-8.3\lib\agents\gradle-instrumentation-agent-8.3.jar org.gradle.launcher.daemon.bootstrap.GradleDaemon 8.3

Host: Intel(R) Celeron(R) N4020 CPU @ 1.10GHz, 2 cores, 7G,  Windows 11 , 64 bit Build 22621 (10.0.22621.2506)
Time: Fri Jan 12 11:20:46 2024 India Standard Time elapsed time: 107.609315 seconds (0d 0h 1m 47s)

---------------  T H R E A D  ---------------

Current thread (0x000001ba302ff8c0):  JavaThread "C2 CompilerThread0" daemon [_thread_in_native, id=6892, stack(0x000000527ac00000,0x000000527ad00000)]


Current CompileTask:
C2: 107609 15433       4       org.gradle.cache.internal.ExclusiveCacheAccessingWorker$1::call (10 bytes)

Stack: [0x000000527ac00000,0x000000527ad00000],  sp=0x000000527acfb9e0,  free space=1006k
Native frames: (J=compiled Java code, j=interpreted, Vv=VM code, C=native code)
V  [jvm.dll+0x2be0a9]
V  [jvm.dll+0x21ba8b]
V  [jvm.dll+0x21944b]
V  [jvm.dll+0x1a56b6]
V  [jvm.dll+0x2291ea]
V  [jvm.dll+0x22724c]
V  [jvm.dll+0x7efd0c]
V  [jvm.dll+0x7ea13a]
V  [jvm.dll+0x67ad85]
C  [ucrtbase.dll+0x29363]
C  [KERNEL32.DLL+0x1257d]
C  [ntdll.dll+0x5aa58]


siginfo: EXCEPTION_ACCESS_VIOLATION (0xc0000005), reading address 0x0000000000000028


Register to memory mapping:

RIP=0x00007ffd60fee0a9 jvm.dll
RAX=0x000001ba5b156020 points into unknown readable memory: 0x0000000000000000 | 00 00 00 00 00 00 00 00
RBX=0x000000000000180d is an unknown value
RCX=0x0 is NULL
RDX=0x0 is NULL
RSP=0x000000527acfb9e0 is pointing into the stack for thread: 0x000001ba302ff8c0
RBP=0x000000527acfba50 is pointing into the stack for thread: 0x000001ba302ff8c0
RSI=0x0 is NULL
RDI=0x0000000000000048 is an unknown value
R8 =0x000000000000ffe0 is an unknown value
R9 =0x0 is NULL
R10=0x00007ffdd6ef0000 VCRUNTIME140.dll
R11=0x000001ba5b156040 points into unknown readable memory: 0x0000000000000000 | 00 00 00 00 00 00 00 00
R12=0x0000000000000050 is an unknown value
R13=0x0 is NULL
R14=0x0 is NULL
R15=0x000000527acfec00 is pointing into the stack for thread: 0x000001ba302ff8c0


Registers:
RAX=0x000001ba5b156020, RBX=0x000000000000180d, RCX=0x0000000000000000, RDX=0x0000000000000000
RSP=0x000000527acfb9e0, RBP=0x000000527acfba50, RSI=0x0000000000000000, RDI=0x0000000000000048
R8 =0x000000000000ffe0, R9 =0x0000000000000000, R10=0x00007ffdd6ef0000, R11=0x000001ba5b156040
R12=0x0000000000000050, R13=0x0000000000000000, R14=0x0000000000000000, R15=0x000000527acfec00
RIP=0x00007ffd60fee0a9, EFLAGS=0x0000000000010202

Top of Stack: (sp=0x000000527acfb9e0)
0x000000527acfb9e0:   000000000000180d 0000000000000000
0x000000527acfb9f0:   000000527acfec00 00007ffd60f538d1
0x000000527acfba00:   000001ba302fdb70 00007ffd00002000
0x000000527acfba10:   000001ba5b156020 000001ba00000000
0x000000527acfba20:   0000000000000002 000001ba50c19650
0x000000527acfba30:   0000000000000002 000001ba302fdb70
0x000000527acfba40:   0000000000000000 0000000000000000
0x000000527acfba50:   000001ba302d3510 000001ba12c22b30
0x000000527acfba60:   0000000000000048 00007ffd61674c08
0x000000527acfba70:   000000527acfbb80 00007ffd60f4ba8b
0x000000527acfba80:   000000527acfec00 00007ffd61674c08
0x000000527acfba90:   000000527acfec00 000000527acfbb80
0x000000527acfbaa0:   0000005200000000 000000527acff760
0x000000527acfbab0:   000000520000000f 000000527acfec00
0x000000527acfbac0:   000000527acfbc30 00007ffd00000000
0x000000527acfbad0:   000001ba00000100 00007ffd61674c08 

Instructions: (pc=0x00007ffd60fee0a9)
0x00007ffd60fedfa9:   3b d0 75 0b ff c1 41 3b c9 7c dc 48 8b c2 c3 33
0x00007ffd60fedfb9:   c0 c3 cc cc cc cc cc 48 89 5c 24 18 55 56 57 41
0x00007ffd60fedfc9:   55 41 57 48 8b ec 48 83 ec 70 65 48 8b 04 25 58
0x00007ffd60fedfd9:   00 00 00 48 8b f2 44 8b 05 d2 8b 90 00 4c 8b f9
0x00007ffd60fedfe9:   4a 8b 1c c0 b8 50 00 00 00 80 3c 18 00 75 05 e8
0x00007ffd60fedff9:   8b 6f 5d 00 b8 20 00 00 00 48 8b 04 18 48 8b 98
0x00007ffd60fee009:   38 02 00 00 48 89 5d b0 c7 45 b8 04 00 00 00 48
0x00007ffd60fee019:   8b 43 18 48 83 f8 df 76 18 4c 8d 05 37 a9 65 00
0x00007ffd60fee029:   ba 20 00 00 00 48 8b cb e8 5a eb de ff 48 8b 43
0x00007ffd60fee039:   18 48 8d 48 20 48 3b 4b 20 76 11 45 33 c0 48 8b
0x00007ffd60fee049:   cb 41 8d 50 20 e8 fd e8 de ff eb 04 48 89 4b 18
0x00007ffd60fee059:   44 8b 45 b8 33 d2 49 c1 e0 03 48 8b c8 48 89 45
0x00007ffd60fee069:   c0 e8 e3 80 5d 00 45 33 ed 48 8d 4d d0 44 89 6d
0x00007ffd60fee079:   c8 e8 01 59 56 00 41 8b 9f 40 02 00 00 41 2b 9f
0x00007ffd60fee089:   68 02 00 00 44 89 6d f0 3b 5d b8 72 0b 8b d3 48
0x00007ffd60fee099:   8d 4d b0 e8 6f b3 39 00 48 8b 45 c0 4c 89 2c d8
0x00007ffd60fee0a9:   8b 7e 28 8b df c1 eb 05 3b 5d d0 72 0b 8b d3 48
0x00007ffd60fee0b9:   8d 4d d0 e8 1f 59 56 00 48 8b 45 d8 83 e7 1f 48
0x00007ffd60fee0c9:   8d 14 98 40 0f b6 cf 41 b8 01 00 00 00 41 d3 e0
0x00007ffd60fee0d9:   8b 0a 8b c1 41 0b c0 89 02 41 85 c8 75 21 8b 5d
0x00007ffd60fee0e9:   c8 8d 43 01 89 45 c8 3b 5d b8 72 0b 8b d3 48 8d
0x00007ffd60fee0f9:   4d b0 e8 10 b3 39 00 48 8b 45 c0 48 89 34 d8 44
0x00007ffd60fee109:   39 6d c8 0f 86 77 01 00 00 4c 89 a4 24 a0 00 00
0x00007ffd60fee119:   00 4c 89 b4 24 a8 00 00 00 48 8b 45 c0 41 8b cd
0x00007ffd60fee129:   48 8b 34 c8 8b 46 2c 25 ff 1f 00 00 3d 04 10 00
0x00007ffd60fee139:   00 0f 85 a7 00 00 00 bb 01 00 00 00 39 5e 18 76
0x00007ffd60fee149:   39 66 0f 1f 44 00 00 48 8b 46 08 8b cb 48 8b 14
0x00007ffd60fee159:   c8 48 85 d2 74 1d 48 83 7a 10 00 74 16 80 7a 2c
0x00007ffd60fee169:   84 74 10 e8 7f 7e ee ff 48 8b d0 49 8b cf e8 a4
0x00007ffd60fee179:   61 f6 ff ff c3 3b 5e 18 72 cd 48 8b 5e 10 8b 46
0x00007ffd60fee189:   20 4c 8d 34 c3 49 3b de 73 54 48 8b 3b 8b 47 2c
0x00007ffd60fee199:   83 e0 03 3c 03 75 2e 48 8b 07 48 8b cf ff 90 88 


Stack slot to memory mapping:
stack at sp + 0 slots: 0x000000000000180d is an unknown value
stack at sp + 1 slots: 0x0 is NULL
stack at sp + 2 slots: 0x000000527acfec00 is pointing into the stack for thread: 0x000001ba302ff8c0
stack at sp + 3 slots: 0x00007ffd60f538d1 jvm.dll
stack at sp + 4 slots: 0x000001ba302fdb70 points into unknown readable memory: 0x0000000000000006 | 06 00 00 00 00 00 00 00
stack at sp + 5 slots: 0x00007ffd00002000 is an unknown value
stack at sp + 6 slots: 0x000001ba5b156020 points into unknown readable memory: 0x0000000000000000 | 00 00 00 00 00 00 00 00
stack at sp + 7 slots: 0x000001ba00000000 is an unknown value


---------------  P R O C E S S  ---------------

Threads class SMR info:
_java_thread_list=0x000001ba5b1fbb30, length=67, elements={
0x000001ba12c0b850, 0x000001ba302df500, 0x000001ba302e0380, 0x000001ba302f7b40,
0x000001ba302f9780, 0x000001ba302fc150, 0x000001ba302feb20, 0x000001ba302ff8c0,
0x000001ba3035fe40, 0x000001ba30482fb0, 0x000001ba304fd850, 0x000001ba30584160,
0x000001ba51111040, 0x000001ba510fe4d0, 0x000001ba50699990, 0x000001ba51dfc640,
0x000001ba509870c0, 0x000001ba51499df0, 0x000001ba5149a300, 0x000001ba514993d0,
0x000001ba514998e0, 0x000001ba5149a810, 0x000001ba514984a0, 0x000001ba514989b0,
0x000001ba51497570, 0x000001ba51497a80, 0x000001ba51497f90, 0x000001ba51498ec0,
0x000001ba5245b860, 0x000001ba52459a00, 0x000001ba5245dbd0, 0x000001ba5245bd70,
0x000001ba5245a420, 0x000001ba5245b350, 0x000001ba524580b0, 0x000001ba524585c0,
0x000001ba5245c280, 0x000001ba52458ad0, 0x000001ba524594f0, 0x000001ba52458fe0,
0x000001ba52459f10, 0x000001ba5245cca0, 0x000001ba533b9b20, 0x000001ba533bc3a0,
0x000001ba533bc8b0, 0x000001ba533bb470, 0x000001ba533baf60, 0x000001ba533ba540,
0x000001ba533bcdc0, 0x000001ba533bd7e0, 0x000001ba533b8bf0, 0x000001ba533bf130,
0x000001ba533b9610, 0x000001ba5aa0c0f0, 0x000001ba5aa09d80, 0x000001ba5aa0a7a0,
0x000001ba5aa0b6d0, 0x000001ba5aa0acb0, 0x000001ba5aa0cb10, 0x000001ba5aa0da40,
0x000001ba5aa102c0, 0x000001ba5aa0f390, 0x000001ba5aa09870, 0x000001ba5aa0a290,
0x000001ba5aa0d020, 0x000001ba5aa0b1c0, 0x000001ba5aa0ee80
}

Java Threads: ( => current thread )
  0x000001ba12c0b850 JavaThread "main" [_thread_blocked, id=4624, stack(0x0000005279f00000,0x000000527a000000)]
  0x000001ba302df500 JavaThread "Reference Handler" daemon [_thread_blocked, id=16732, stack(0x000000527a600000,0x000000527a700000)]
  0x000001ba302e0380 JavaThread "Finalizer" daemon [_thread_blocked, id=12976, stack(0x000000527a700000,0x000000527a800000)]
  0x000001ba302f7b40 JavaThread "Signal Dispatcher" daemon [_thread_blocked, id=12612, stack(0x000000527a800000,0x000000527a900000)]
  0x000001ba302f9780 JavaThread "Attach Listener" daemon [_thread_blocked, id=17356, stack(0x000000527a900000,0x000000527aa00000)]
  0x000001ba302fc150 JavaThread "Service Thread" daemon [_thread_blocked, id=10860, stack(0x000000527aa00000,0x000000527ab00000)]
  0x000001ba302feb20 JavaThread "Monitor Deflation Thread" daemon [_thread_blocked, id=2076, stack(0x000000527ab00000,0x000000527ac00000)]
=>0x000001ba302ff8c0 JavaThread "C2 CompilerThread0" daemon [_thread_in_native, id=6892, stack(0x000000527ac00000,0x000000527ad00000)]
  0x000001ba3035fe40 JavaThread "C1 CompilerThread0" daemon [_thread_blocked, id=9852, stack(0x000000527ad00000,0x000000527ae00000)]
  0x000001ba30482fb0 JavaThread "Sweeper thread" daemon [_thread_blocked, id=17648, stack(0x000000527ae00000,0x000000527af00000)]
  0x000001ba304fd850 JavaThread "Common-Cleaner" daemon [_thread_blocked, id=13996, stack(0x000000527af00000,0x000000527b000000)]
  0x000001ba30584160 JavaThread "Notification Thread" daemon [_thread_blocked, id=16648, stack(0x000000527b000000,0x000000527b100000)]
  0x000001ba51111040 JavaThread "Daemon health stats" [_thread_blocked, id=6896, stack(0x000000527b300000,0x000000527b400000)]
  0x000001ba510fe4d0 JavaThread "Incoming local TCP Connector on port 53804" [_thread_in_native, id=16320, stack(0x000000527b400000,0x000000527b500000)]
  0x000001ba50699990 JavaThread "Daemon periodic checks" [_thread_blocked, id=6060, stack(0x000000527b500000,0x000000527b600000)]
  0x000001ba51dfc640 JavaThread "Daemon" [_thread_blocked, id=2192, stack(0x000000527b600000,0x000000527b700000)]
  0x000001ba509870c0 JavaThread "Handler for socket connection from /127.0.0.1:53804 to /127.0.0.1:53805" [_thread_in_native, id=6348, stack(0x000000527b700000,0x000000527b800000)]
  0x000001ba51499df0 JavaThread "Cancel handler" [_thread_blocked, id=8920, stack(0x000000527b800000,0x000000527b900000)]
  0x000001ba5149a300 JavaThread "Daemon worker" [_thread_blocked, id=16460, stack(0x000000527b900000,0x000000527ba00000)]
  0x000001ba514993d0 JavaThread "Asynchronous log dispatcher for DefaultDaemonConnection: socket connection from /127.0.0.1:53804 to /127.0.0.1:53805" [_thread_blocked, id=17332, stack(0x000000527ba00000,0x000000527bb00000)]
  0x000001ba514998e0 JavaThread "Stdin handler" [_thread_blocked, id=18292, stack(0x000000527bb00000,0x000000527bc00000)]
  0x000001ba5149a810 JavaThread "Daemon client event forwarder" [_thread_blocked, id=12292, stack(0x000000527bc00000,0x000000527bd00000)]
  0x000001ba514984a0 JavaThread "Cache worker for journal cache (C:\Users\shrey\.gradle\caches\journal-1)" [_thread_blocked, id=13788, stack(0x000000527bd00000,0x000000527be00000)]
  0x000001ba514989b0 JavaThread "File lock request listener" [_thread_in_native, id=11100, stack(0x000000527be00000,0x000000527bf00000)]
  0x000001ba51497570 JavaThread "Cache worker for file hash cache (C:\Users\shrey\.gradle\caches\8.3\fileHashes)" [_thread_blocked, id=10020, stack(0x000000527bf00000,0x000000527c000000)]
  0x000001ba51497a80 JavaThread "File watcher server" daemon [_thread_in_native, id=9980, stack(0x000000527c000000,0x000000527c100000)]
  0x000001ba51497f90 JavaThread "File watcher consumer" daemon [_thread_blocked, id=1820, stack(0x000000527c100000,0x000000527c200000)]
  0x000001ba51498ec0 JavaThread "Cache worker for checksums cache (C:\Users\shrey\Desktop\washir-main\android\.gradle\8.3\checksums)" [_thread_blocked, id=14372, stack(0x000000527c200000,0x000000527c300000)]
  0x000001ba5245b860 JavaThread "Cache worker for file hash cache (C:\Users\shrey\Desktop\washir-main\android\.gradle\8.3\fileHashes)" [_thread_blocked, id=8152, stack(0x000000527c300000,0x000000527c400000)]
  0x000001ba52459a00 JavaThread "Cache worker for cache directory md-supplier (C:\Users\shrey\.gradle\caches\8.3\md-supplier)" [_thread_blocked, id=17824, stack(0x000000527c400000,0x000000527c500000)]
  0x000001ba5245dbd0 JavaThread "Cache worker for file content cache (C:\Users\shrey\.gradle\caches\8.3\fileContent)" [_thread_blocked, id=12016, stack(0x000000527c500000,0x000000527c600000)]
  0x000001ba5245bd70 JavaThread "Cache worker for cache directory md-rule (C:\Users\shrey\.gradle\caches\8.3\md-rule)" [_thread_blocked, id=14240, stack(0x000000527c700000,0x000000527c800000)]
  0x000001ba5245a420 JavaThread "Cache worker for execution history cache (C:\Users\shrey\.gradle\caches\8.3\executionHistory)" [_thread_blocked, id=12012, stack(0x000000527c800000,0x000000527c900000)]
  0x000001ba5245b350 JavaThread "jar transforms" [_thread_blocked, id=15204, stack(0x000000527c900000,0x000000527ca00000)]
  0x000001ba524580b0 JavaThread "jar transforms Thread 2" [_thread_blocked, id=17936, stack(0x000000527ca00000,0x000000527cb00000)]
  0x000001ba524585c0 JavaThread "Cache worker for kotlin-dsl (C:\Users\shrey\.gradle\caches\8.3\kotlin-dsl)" [_thread_blocked, id=2864, stack(0x000000527cb00000,0x000000527cc00000)]
  0x000001ba5245c280 JavaThread "Unconstrained build operations" [_thread_blocked, id=9760, stack(0x000000527ce00000,0x000000527cf00000)]
  0x000001ba52458ad0 JavaThread "Cache worker for dependencies-accessors (C:\Users\shrey\Desktop\washir-main\android\.gradle\8.3\dependencies-accessors)" [_thread_blocked, id=4076, stack(0x000000527cf00000,0x000000527d000000)]
  0x000001ba524594f0 JavaThread "Cache worker for Build Output Cleanup Cache (C:\Users\shrey\Desktop\washir-main\node_modules\@react-native\gradle-plugin\.gradle\buildOutputCleanup)" [_thread_blocked, id=14140, stack(0x000000527d000000,0x000000527d100000)]
  0x000001ba52458fe0 JavaThread "Unconstrained build operations Thread 2" [_thread_blocked, id=1512, stack(0x000000527d100000,0x000000527d200000)]
  0x000001ba52459f10 JavaThread "Memory manager" [_thread_blocked, id=13540, stack(0x000000527d200000,0x000000527d300000)]
  0x000001ba5245cca0 JavaThread "Cache worker for Build Output Cleanup Cache (C:\Users\shrey\Desktop\washir-main\android\.gradle\buildOutputCleanup)" [_thread_blocked, id=16468, stack(0x000000527d300000,0x000000527d400000)]
  0x000001ba533b9b20 JavaThread "ForkJoinPool.commonPool-worker-1" daemon [_thread_blocked, id=9256, stack(0x000000527d400000,0x000000527d500000)]
  0x000001ba533bc3a0 JavaThread "included builds" [_thread_blocked, id=7956, stack(0x000000527d500000,0x000000527d600000)]
  0x000001ba533bc8b0 JavaThread "Execution worker" [_thread_blocked, id=11208, stack(0x000000527d600000,0x000000527d700000)]
  0x000001ba533bb470 JavaThread "Cache worker for execution history cache (C:\Users\shrey\Desktop\washir-main\node_modules\@react-native\gradle-plugin\.gradle\8.3\executionHistory)" [_thread_blocked, id=7456, stack(0x000000527d700000,0x000000527d800000)]
  0x000001ba533baf60 JavaThread "Unconstrained build operations Thread 3" [_thread_in_Java, id=4596, stack(0x000000527d800000,0x000000527d900000)]
  0x000001ba533ba540 JavaThread "Unconstrained build operations Thread 4" [_thread_blocked, id=15440, stack(0x000000527d900000,0x000000527da00000)]
  0x000001ba533bcdc0 JavaThread "Unconstrained build operations Thread 5" [_thread_blocked, id=7316, stack(0x000000527da00000,0x000000527db00000)]
  0x000001ba533bd7e0 JavaThread "Unconstrained build operations Thread 6" [_thread_blocked, id=5448, stack(0x0000005279d00000,0x0000005279e00000)]
  0x000001ba533b8bf0 JavaThread "Unconstrained build operations Thread 7" [_thread_blocked, id=8848, stack(0x0000005279e00000,0x0000005279f00000)]
  0x000001ba533bf130 JavaThread "Unconstrained build operations Thread 8" [_thread_blocked, id=9876, stack(0x000000527db00000,0x000000527dc00000)]
  0x000001ba533b9610 JavaThread "Unconstrained build operations Thread 9" [_thread_blocked, id=12156, stack(0x000000527dc00000,0x000000527dd00000)]
  0x000001ba5aa0c0f0 JavaThread "pool-3-thread-1" [_thread_blocked, id=14540, stack(0x000000527dd00000,0x000000527de00000)]
  0x000001ba5aa09d80 JavaThread "build event listener" [_thread_blocked, id=10944, stack(0x000000527de00000,0x000000527df00000)]
  0x000001ba5aa0a7a0 JavaThread "Unconstrained build operations Thread 10" [_thread_blocked, id=11416, stack(0x000000527df00000,0x000000527e000000)]
  0x000001ba5aa0b6d0 JavaThread "Unconstrained build operations Thread 11" [_thread_blocked, id=17132, stack(0x000000527e000000,0x000000527e100000)]
  0x000001ba5aa0acb0 JavaThread "Unconstrained build operations Thread 12" [_thread_blocked, id=6164, stack(0x000000527e100000,0x000000527e200000)]
  0x000001ba5aa0cb10 JavaThread "Unconstrained build operations Thread 13" [_thread_blocked, id=6236, stack(0x000000527e200000,0x000000527e300000)]
  0x000001ba5aa0da40 JavaThread "Unconstrained build operations Thread 14" [_thread_blocked, id=2064, stack(0x000000527e300000,0x000000527e400000)]
  0x000001ba5aa102c0 JavaThread "Unconstrained build operations Thread 15" [_thread_blocked, id=12544, stack(0x000000527e400000,0x000000527e500000)]
  0x000001ba5aa0f390 JavaThread "Unconstrained build operations Thread 16" [_thread_blocked, id=13064, stack(0x000000527e500000,0x000000527e600000)]
  0x000001ba5aa09870 JavaThread "Unconstrained build operations Thread 17" [_thread_blocked, id=8288, stack(0x000000527e600000,0x000000527e700000)]
  0x000001ba5aa0a290 JavaThread "Unconstrained build operations Thread 18" [_thread_blocked, id=15792, stack(0x000000527e700000,0x000000527e800000)]
  0x000001ba5aa0d020 JavaThread "Unconstrained build operations Thread 19" [_thread_blocked, id=17392, stack(0x000000527e800000,0x000000527e900000)]
  0x000001ba5aa0b1c0 JavaThread "Unconstrained build operations Thread 20" [_thread_blocked, id=11312, stack(0x000000527e900000,0x000000527ea00000)]
  0x000001ba5aa0ee80 JavaThread "Cache worker for execution history cache (C:\Users\shrey\Desktop\washir-main\android\.gradle\8.3\executionHistory)" [_thread_blocked, id=10260, stack(0x000000527ea00000,0x000000527eb00000)]

Other Threads:
  0x000001ba302d9590 VMThread "VM Thread" [stack: 0x000000527a500000,0x000000527a600000] [id=11648]
  0x000001ba3065bc00 WatcherThread [stack: 0x000000527b100000,0x000000527b200000] [id=12952]
  0x000001ba12c646a0 GCTaskThread "GC Thread#0" [stack: 0x000000527a000000,0x000000527a100000] [id=15616]
  0x000001ba30666e70 GCTaskThread "GC Thread#1" [stack: 0x000000527b200000,0x000000527b300000] [id=12136]
  0x000001ba12c755f0 ConcurrentGCThread "G1 Main Marker" [stack: 0x000000527a100000,0x000000527a200000] [id=14500]
  0x000001ba12c767a0 ConcurrentGCThread "G1 Conc#0" [stack: 0x000000527a200000,0x000000527a300000] [id=18032]
  0x000001ba12cb67f0 ConcurrentGCThread "G1 Refine#0" [stack: 0x000000527a300000,0x000000527a400000] [id=9028]
  0x000001ba51f55120 ConcurrentGCThread "G1 Refine#1" [stack: 0x000000527c600000,0x000000527c700000] [id=8436]
  0x000001ba12cb7220 ConcurrentGCThread "G1 Service" [stack: 0x000000527a400000,0x000000527a500000] [id=11016]

Threads with active compile tasks:
C2 CompilerThread0   107713 15433       4       org.gradle.cache.internal.ExclusiveCacheAccessingWorker$1::call (10 bytes)

VM state: not at safepoint (normal execution)

VM Mutex/Monitor currently owned by a thread: None

Heap address: 0x0000000080000000, size: 2048 MB, Compressed Oops mode: 32-bit

CDS archive(s) mapped at: [0x000001ba31000000-0x000001ba31bd0000-0x000001ba31bd0000), size 12386304, SharedBaseAddress: 0x000001ba31000000, ArchiveRelocationMode: 1.
Compressed class space mapped at: 0x000001ba32000000-0x000001ba4c000000, reserved size: 436207616
Narrow klass base: 0x000001ba31000000, Narrow klass shift: 0, Narrow klass range: 0x100000000

GC Precious Log:
 CPUs: 2 total, 2 available
 Memory: 8014M
 Large Page Support: Disabled
 NUMA Support: Disabled
 Compressed Oops: Enabled (32-bit)
 Heap Region Size: 1M
 Heap Min Capacity: 8M
 Heap Initial Capacity: 126M
 Heap Max Capacity: 2G
 Pre-touch: Disabled
 Parallel Workers: 2
 Concurrent Workers: 1
 Concurrent Refinement Workers: 2
 Periodic GC: Disabled

Heap:
 garbage-first heap   total 239616K, used 193312K [0x0000000080000000, 0x0000000100000000)
  region size 1024K, 29 young (29696K), 5 survivors (5120K)
 Metaspace       used 103090K, committed 104192K, reserved 557056K
  class space    used 14175K, committed 14656K, reserved 425984K

Heap Regions: E=young(eden), S=young(survivor), O=old, HS=humongous(starts), HC=humongous(continues), CS=collection set, F=free, OA=open archive, CA=closed archive, TAMS=top-at-mark-start (previous, next)
|   0|0x0000000080000000, 0x0000000080100000, 0x0000000080100000|100%| O|  |TAMS 0x0000000080100000, 0x0000000080000000| Untracked 
|   1|0x0000000080100000, 0x0000000080200000, 0x0000000080200000|100%| O|  |TAMS 0x0000000080200000, 0x0000000080100000| Untracked 
|   2|0x0000000080200000, 0x0000000080300000, 0x0000000080300000|100%|HS|  |TAMS 0x0000000080300000, 0x0000000080200000| Complete 
|   3|0x0000000080300000, 0x0000000080400000, 0x0000000080400000|100%|HC|  |TAMS 0x0000000080400000, 0x0000000080300000| Complete 
|   4|0x0000000080400000, 0x0000000080500000, 0x0000000080500000|100%|HC|  |TAMS 0x0000000080500000, 0x0000000080400000| Complete 
|   5|0x0000000080500000, 0x0000000080600000, 0x0000000080600000|100%|HC|  |TAMS 0x0000000080600000, 0x0000000080500000| Complete 
|   6|0x0000000080600000, 0x0000000080700000, 0x0000000080700000|100%| O|  |TAMS 0x0000000080700000, 0x0000000080600000| Untracked 
|   7|0x0000000080700000, 0x0000000080800000, 0x0000000080800000|100%| O|  |TAMS 0x0000000080800000, 0x0000000080700000| Untracked 
|   8|0x0000000080800000, 0x0000000080900000, 0x0000000080900000|100%| O|  |TAMS 0x0000000080900000, 0x0000000080800000| Untracked 
|   9|0x0000000080900000, 0x0000000080a00000, 0x0000000080a00000|100%| O|  |TAMS 0x0000000080a00000, 0x0000000080900000| Untracked 
|  10|0x0000000080a00000, 0x0000000080b00000, 0x0000000080b00000|100%| O|  |TAMS 0x0000000080b00000, 0x0000000080a00000| Untracked 
|  11|0x0000000080b00000, 0x0000000080c00000, 0x0000000080c00000|100%| O|  |TAMS 0x0000000080c00000, 0x0000000080b00000| Untracked 
|  12|0x0000000080c00000, 0x0000000080d00000, 0x0000000080d00000|100%| O|  |TAMS 0x0000000080d00000, 0x0000000080c00000| Untracked 
|  13|0x0000000080d00000, 0x0000000080e00000, 0x0000000080e00000|100%| O|  |TAMS 0x0000000080e00000, 0x0000000080d00000| Untracked 
|  14|0x0000000080e00000, 0x0000000080f00000, 0x0000000080f00000|100%| O|  |TAMS 0x0000000080f00000, 0x0000000080e00000| Untracked 
|  15|0x0000000080f00000, 0x0000000081000000, 0x0000000081000000|100%| O|  |TAMS 0x0000000081000000, 0x0000000080f00000| Untracked 
|  16|0x0000000081000000, 0x0000000081100000, 0x0000000081100000|100%| O|  |TAMS 0x0000000081100000, 0x0000000081000000| Untracked 
|  17|0x0000000081100000, 0x0000000081200000, 0x0000000081200000|100%| O|  |TAMS 0x0000000081200000, 0x0000000081100000| Untracked 
|  18|0x0000000081200000, 0x0000000081300000, 0x0000000081300000|100%| O|  |TAMS 0x0000000081300000, 0x0000000081200000| Untracked 
|  19|0x0000000081300000, 0x0000000081400000, 0x0000000081400000|100%| O|  |TAMS 0x0000000081400000, 0x0000000081300000| Untracked 
|  20|0x0000000081400000, 0x0000000081500000, 0x0000000081500000|100%| O|  |TAMS 0x0000000081500000, 0x0000000081400000| Untracked 
|  21|0x0000000081500000, 0x0000000081600000, 0x0000000081600000|100%| O|  |TAMS 0x0000000081600000, 0x0000000081500000| Untracked 
|  22|0x0000000081600000, 0x0000000081700000, 0x0000000081700000|100%| O|  |TAMS 0x0000000081700000, 0x0000000081600000| Untracked 
|  23|0x0000000081700000, 0x0000000081800000, 0x0000000081800000|100%| O|  |TAMS 0x0000000081800000, 0x0000000081700000| Untracked 
|  24|0x0000000081800000, 0x0000000081900000, 0x0000000081900000|100%| O|  |TAMS 0x0000000081900000, 0x0000000081800000| Untracked 
|  25|0x0000000081900000, 0x0000000081a00000, 0x0000000081a00000|100%| O|  |TAMS 0x0000000081a00000, 0x0000000081900000| Untracked 
|  26|0x0000000081a00000, 0x0000000081b00000, 0x0000000081b00000|100%| O|  |TAMS 0x0000000081b00000, 0x0000000081a00000| Untracked 
|  27|0x0000000081b00000, 0x0000000081c00000, 0x0000000081c00000|100%| O|  |TAMS 0x0000000081c00000, 0x0000000081b00000| Untracked 
|  28|0x0000000081c00000, 0x0000000081d00000, 0x0000000081d00000|100%| O|  |TAMS 0x0000000081d00000, 0x0000000081c00000| Untracked 
|  29|0x0000000081d00000, 0x0000000081e00000, 0x0000000081e00000|100%|HS|  |TAMS 0x0000000081e00000, 0x0000000081d00000| Complete 
|  30|0x0000000081e00000, 0x0000000081f00000, 0x0000000081f00000|100%|HC|  |TAMS 0x0000000081f00000, 0x0000000081e00000| Complete 
|  31|0x0000000081f00000, 0x0000000082000000, 0x0000000082000000|100%|HS|  |TAMS 0x0000000082000000, 0x0000000081f00000| Complete 
|  32|0x0000000082000000, 0x0000000082100000, 0x0000000082100000|100%|HC|  |TAMS 0x0000000082100000, 0x0000000082000000| Complete 
|  33|0x0000000082100000, 0x0000000082200000, 0x0000000082200000|100%| O|  |TAMS 0x0000000082200000, 0x0000000082100000| Untracked 
|  34|0x0000000082200000, 0x0000000082300000, 0x0000000082300000|100%| O|  |TAMS 0x0000000082300000, 0x0000000082200000| Untracked 
|  35|0x0000000082300000, 0x0000000082400000, 0x0000000082400000|100%| O|  |TAMS 0x0000000082400000, 0x0000000082300000| Untracked 
|  36|0x0000000082400000, 0x0000000082500000, 0x0000000082500000|100%| O|  |TAMS 0x0000000082500000, 0x0000000082400000| Untracked 
|  37|0x0000000082500000, 0x0000000082600000, 0x0000000082600000|100%| O|  |TAMS 0x0000000082600000, 0x0000000082500000| Untracked 
|  38|0x0000000082600000, 0x0000000082700000, 0x0000000082700000|100%| O|  |TAMS 0x0000000082700000, 0x0000000082600000| Untracked 
|  39|0x0000000082700000, 0x0000000082800000, 0x0000000082800000|100%| O|  |TAMS 0x0000000082800000, 0x0000000082700000| Untracked 
|  40|0x0000000082800000, 0x0000000082900000, 0x0000000082900000|100%|HS|  |TAMS 0x0000000082900000, 0x0000000082800000| Complete 
|  41|0x0000000082900000, 0x0000000082a00000, 0x0000000082a00000|100%|HC|  |TAMS 0x0000000082a00000, 0x0000000082900000| Complete 
|  42|0x0000000082a00000, 0x0000000082b00000, 0x0000000082b00000|100%|HC|  |TAMS 0x0000000082b00000, 0x0000000082a00000| Complete 
|  43|0x0000000082b00000, 0x0000000082c00000, 0x0000000082c00000|100%|HC|  |TAMS 0x0000000082c00000, 0x0000000082b00000| Complete 
|  44|0x0000000082c00000, 0x0000000082d00000, 0x0000000082d00000|100%| O|  |TAMS 0x0000000082d00000, 0x0000000082c00000| Untracked 
|  45|0x0000000082d00000, 0x0000000082e00000, 0x0000000082e00000|100%| O|  |TAMS 0x0000000082e00000, 0x0000000082d00000| Untracked 
|  46|0x0000000082e00000, 0x0000000082f00000, 0x0000000082f00000|100%| O|  |TAMS 0x0000000082f00000, 0x0000000082e00000| Untracked 
|  47|0x0000000082f00000, 0x0000000083000000, 0x0000000083000000|100%| O|  |TAMS 0x0000000083000000, 0x0000000082f00000| Untracked 
|  48|0x0000000083000000, 0x0000000083100000, 0x0000000083100000|100%| O|  |TAMS 0x0000000083100000, 0x0000000083000000| Untracked 
|  49|0x0000000083100000, 0x0000000083200000, 0x0000000083200000|100%| O|  |TAMS 0x0000000083200000, 0x0000000083100000| Untracked 
|  50|0x0000000083200000, 0x0000000083300000, 0x0000000083300000|100%|HS|  |TAMS 0x0000000083300000, 0x0000000083200000| Complete 
|  51|0x0000000083300000, 0x0000000083400000, 0x0000000083400000|100%|HC|  |TAMS 0x0000000083400000, 0x0000000083300000| Complete 
|  52|0x0000000083400000, 0x0000000083500000, 0x0000000083500000|100%|HC|  |TAMS 0x0000000083500000, 0x0000000083400000| Complete 
|  53|0x0000000083500000, 0x0000000083600000, 0x0000000083600000|100%|HC|  |TAMS 0x0000000083600000, 0x0000000083500000| Complete 
|  54|0x0000000083600000, 0x0000000083700000, 0x0000000083700000|100%| O|  |TAMS 0x0000000083700000, 0x0000000083600000| Untracked 
|  55|0x0000000083700000, 0x0000000083800000, 0x0000000083800000|100%| O|  |TAMS 0x0000000083800000, 0x0000000083700000| Untracked 
|  56|0x0000000083800000, 0x0000000083900000, 0x0000000083900000|100%| O|  |TAMS 0x0000000083900000, 0x0000000083800000| Untracked 
|  57|0x0000000083900000, 0x0000000083a00000, 0x0000000083a00000|100%| O|  |TAMS 0x0000000083a00000, 0x0000000083900000| Untracked 
|  58|0x0000000083a00000, 0x0000000083b00000, 0x0000000083b00000|100%| O|  |TAMS 0x0000000083b00000, 0x0000000083a00000| Untracked 
|  59|0x0000000083b00000, 0x0000000083c00000, 0x0000000083c00000|100%| O|  |TAMS 0x0000000083c00000, 0x0000000083b00000| Untracked 
|  60|0x0000000083c00000, 0x0000000083d00000, 0x0000000083d00000|100%| O|  |TAMS 0x0000000083d00000, 0x0000000083c00000| Untracked 
|  61|0x0000000083d00000, 0x0000000083e00000, 0x0000000083e00000|100%| O|  |TAMS 0x0000000083e00000, 0x0000000083d00000| Untracked 
|  62|0x0000000083e00000, 0x0000000083f00000, 0x0000000083f00000|100%| O|  |TAMS 0x0000000083f00000, 0x0000000083e00000| Untracked 
|  63|0x0000000083f00000, 0x0000000084000000, 0x0000000084000000|100%| O|  |TAMS 0x0000000084000000, 0x0000000083f00000| Untracked 
|  64|0x0000000084000000, 0x0000000084100000, 0x0000000084100000|100%| O|  |TAMS 0x0000000084100000, 0x0000000084000000| Untracked 
|  65|0x0000000084100000, 0x0000000084200000, 0x0000000084200000|100%|HS|  |TAMS 0x0000000084200000, 0x0000000084100000| Complete 
|  66|0x0000000084200000, 0x0000000084300000, 0x0000000084300000|100%|HS|  |TAMS 0x0000000084300000, 0x0000000084200000| Complete 
|  67|0x0000000084300000, 0x0000000084400000, 0x0000000084400000|100%|HS|  |TAMS 0x0000000084400000, 0x0000000084300000| Complete 
|  68|0x0000000084400000, 0x0000000084500000, 0x0000000084500000|100%| O|  |TAMS 0x0000000084500000, 0x0000000084400000| Untracked 
|  69|0x0000000084500000, 0x0000000084600000, 0x0000000084600000|100%| O|  |TAMS 0x0000000084600000, 0x0000000084500000| Untracked 
|  70|0x0000000084600000, 0x0000000084700000, 0x0000000084700000|100%|HS|  |TAMS 0x0000000084700000, 0x0000000084600000| Complete 
|  71|0x0000000084700000, 0x0000000084800000, 0x0000000084800000|100%| O|  |TAMS 0x0000000084800000, 0x0000000084700000| Untracked 
|  72|0x0000000084800000, 0x0000000084900000, 0x0000000084900000|100%| O|  |TAMS 0x0000000084900000, 0x0000000084800000| Untracked 
|  73|0x0000000084900000, 0x0000000084a00000, 0x0000000084a00000|100%| O|  |TAMS 0x0000000084a00000, 0x0000000084900000| Untracked 
|  74|0x0000000084a00000, 0x0000000084b00000, 0x0000000084b00000|100%| O|  |TAMS 0x0000000084b00000, 0x0000000084a00000| Untracked 
|  75|0x0000000084b00000, 0x0000000084c00000, 0x0000000084c00000|100%| O|  |TAMS 0x0000000084c00000, 0x0000000084b00000| Untracked 
|  76|0x0000000084c00000, 0x0000000084d00000, 0x0000000084d00000|100%| O|  |TAMS 0x0000000084d00000, 0x0000000084c00000| Untracked 
|  77|0x0000000084d00000, 0x0000000084e00000, 0x0000000084e00000|100%| O|  |TAMS 0x0000000084e00000, 0x0000000084d00000| Untracked 
|  78|0x0000000084e00000, 0x0000000084f00000, 0x0000000084f00000|100%| O|  |TAMS 0x0000000084f00000, 0x0000000084e00000| Untracked 
|  79|0x0000000084f00000, 0x0000000085000000, 0x0000000085000000|100%| O|  |TAMS 0x0000000085000000, 0x0000000084f00000| Untracked 
|  80|0x0000000085000000, 0x0000000085100000, 0x0000000085100000|100%| O|  |TAMS 0x0000000085100000, 0x0000000085000000| Untracked 
|  81|0x0000000085100000, 0x0000000085200000, 0x0000000085200000|100%| O|  |TAMS 0x0000000085200000, 0x0000000085100000| Untracked 
|  82|0x0000000085200000, 0x0000000085300000, 0x0000000085300000|100%| O|  |TAMS 0x0000000085300000, 0x0000000085200000| Untracked 
|  83|0x0000000085300000, 0x0000000085400000, 0x0000000085400000|100%| O|  |TAMS 0x0000000085400000, 0x0000000085300000| Untracked 
|  84|0x0000000085400000, 0x0000000085500000, 0x0000000085500000|100%| O|  |TAMS 0x0000000085500000, 0x0000000085400000| Untracked 
|  85|0x0000000085500000, 0x0000000085600000, 0x0000000085600000|100%| O|  |TAMS 0x0000000085600000, 0x0000000085500000| Untracked 
|  86|0x0000000085600000, 0x0000000085700000, 0x0000000085700000|100%| O|  |TAMS 0x0000000085700000, 0x0000000085600000| Untracked 
|  87|0x0000000085700000, 0x0000000085800000, 0x0000000085800000|100%| O|  |TAMS 0x0000000085800000, 0x0000000085700000| Untracked 
|  88|0x0000000085800000, 0x0000000085900000, 0x0000000085900000|100%| O|  |TAMS 0x0000000085900000, 0x0000000085800000| Untracked 
|  89|0x0000000085900000, 0x0000000085a00000, 0x0000000085a00000|100%| O|  |TAMS 0x0000000085a00000, 0x0000000085900000| Untracked 
|  90|0x0000000085a00000, 0x0000000085b00000, 0x0000000085b00000|100%| O|  |TAMS 0x0000000085b00000, 0x0000000085a00000| Untracked 
|  91|0x0000000085b00000, 0x0000000085c00000, 0x0000000085c00000|100%| O|  |TAMS 0x0000000085c00000, 0x0000000085b00000| Untracked 
|  92|0x0000000085c00000, 0x0000000085d00000, 0x0000000085d00000|100%| O|  |TAMS 0x0000000085d00000, 0x0000000085c00000| Untracked 
|  93|0x0000000085d00000, 0x0000000085e00000, 0x0000000085e00000|100%| O|  |TAMS 0x0000000085e00000, 0x0000000085d00000| Untracked 
|  94|0x0000000085e00000, 0x0000000085f00000, 0x0000000085f00000|100%| O|  |TAMS 0x0000000085f00000, 0x0000000085e00000| Untracked 
|  95|0x0000000085f00000, 0x0000000086000000, 0x0000000086000000|100%| O|  |TAMS 0x0000000086000000, 0x0000000085f00000| Untracked 
|  96|0x0000000086000000, 0x0000000086100000, 0x0000000086100000|100%|HS|  |TAMS 0x0000000086100000, 0x0000000086000000| Complete 
|  97|0x0000000086100000, 0x0000000086200000, 0x0000000086200000|100%| O|  |TAMS 0x0000000086200000, 0x0000000086100000| Untracked 
|  98|0x0000000086200000, 0x0000000086300000, 0x0000000086300000|100%| O|  |TAMS 0x0000000086300000, 0x0000000086200000| Untracked 
|  99|0x0000000086300000, 0x0000000086400000, 0x0000000086400000|100%| O|  |TAMS 0x0000000086400000, 0x0000000086300000| Untracked 
| 100|0x0000000086400000, 0x0000000086500000, 0x0000000086500000|100%| O|  |TAMS 0x0000000086500000, 0x0000000086400000| Untracked 
| 101|0x0000000086500000, 0x0000000086600000, 0x0000000086600000|100%| O|  |TAMS 0x0000000086600000, 0x0000000086500000| Untracked 
| 102|0x0000000086600000, 0x0000000086700000, 0x0000000086700000|100%| O|  |TAMS 0x0000000086700000, 0x0000000086600000| Untracked 
| 103|0x0000000086700000, 0x0000000086800000, 0x0000000086800000|100%| O|  |TAMS 0x0000000086800000, 0x0000000086700000| Untracked 
| 104|0x0000000086800000, 0x0000000086900000, 0x0000000086900000|100%| O|  |TAMS 0x0000000086900000, 0x0000000086800000| Untracked 
| 105|0x0000000086900000, 0x0000000086a00000, 0x0000000086a00000|100%| O|  |TAMS 0x0000000086a00000, 0x0000000086900000| Untracked 
| 106|0x0000000086a00000, 0x0000000086b00000, 0x0000000086b00000|100%| O|  |TAMS 0x0000000086b00000, 0x0000000086a00000| Untracked 
| 107|0x0000000086b00000, 0x0000000086c00000, 0x0000000086c00000|100%| O|  |TAMS 0x0000000086c00000, 0x0000000086b00000| Untracked 
| 108|0x0000000086c00000, 0x0000000086d00000, 0x0000000086d00000|100%|HS|  |TAMS 0x0000000086d00000, 0x0000000086c00000| Complete 
| 109|0x0000000086d00000, 0x0000000086e00000, 0x0000000086e00000|100%|HS|  |TAMS 0x0000000086e00000, 0x0000000086d00000| Complete 
| 110|0x0000000086e00000, 0x0000000086f00000, 0x0000000086f00000|100%| O|  |TAMS 0x0000000086f00000, 0x0000000086e00000| Untracked 
| 111|0x0000000086f00000, 0x0000000087000000, 0x0000000087000000|100%|HS|  |TAMS 0x0000000087000000, 0x0000000086f00000| Complete 
| 112|0x0000000087000000, 0x0000000087100000, 0x0000000087100000|100%|HC|  |TAMS 0x0000000087100000, 0x0000000087000000| Complete 
| 113|0x0000000087100000, 0x0000000087200000, 0x0000000087200000|100%|HS|  |TAMS 0x0000000087200000, 0x0000000087100000| Complete 
| 114|0x0000000087200000, 0x0000000087300000, 0x0000000087300000|100%| O|  |TAMS 0x0000000087300000, 0x0000000087200000| Untracked 
| 115|0x0000000087300000, 0x0000000087400000, 0x0000000087400000|100%| O|  |TAMS 0x0000000087400000, 0x0000000087300000| Untracked 
| 116|0x0000000087400000, 0x0000000087500000, 0x0000000087500000|100%| O|  |TAMS 0x0000000087500000, 0x0000000087400000| Untracked 
| 117|0x0000000087500000, 0x0000000087600000, 0x0000000087600000|100%| O|  |TAMS 0x0000000087600000, 0x0000000087500000| Untracked 
| 118|0x0000000087600000, 0x0000000087700000, 0x0000000087700000|100%| O|  |TAMS 0x0000000087700000, 0x0000000087600000| Untracked 
| 119|0x0000000087700000, 0x0000000087800000, 0x0000000087800000|100%| O|  |TAMS 0x0000000087800000, 0x0000000087700000| Untracked 
| 120|0x0000000087800000, 0x0000000087900000, 0x0000000087900000|100%| O|  |TAMS 0x0000000087900000, 0x0000000087800000| Untracked 
| 121|0x0000000087900000, 0x0000000087a00000, 0x0000000087a00000|100%| O|  |TAMS 0x0000000087a00000, 0x0000000087900000| Untracked 
| 122|0x0000000087a00000, 0x0000000087b00000, 0x0000000087b00000|100%| O|  |TAMS 0x0000000087a00000, 0x0000000087a00000| Untracked 
| 123|0x0000000087b00000, 0x0000000087c00000, 0x0000000087c00000|100%| O|  |TAMS 0x0000000087c00000, 0x0000000087b00000| Untracked 
| 124|0x0000000087c00000, 0x0000000087d00000, 0x0000000087d00000|100%| O|  |TAMS 0x0000000087d00000, 0x0000000087c00000| Untracked 
| 125|0x0000000087d00000, 0x0000000087e00000, 0x0000000087e00000|100%| O|  |TAMS 0x0000000087e00000, 0x0000000087d00000| Untracked 
| 126|0x0000000087e00000, 0x0000000087f00000, 0x0000000087f00000|100%| O|  |TAMS 0x0000000087f00000, 0x0000000087e00000| Untracked 
| 127|0x0000000087f00000, 0x0000000088000000, 0x0000000088000000|100%| O|  |TAMS 0x0000000088000000, 0x0000000087f00000| Untracked 
| 128|0x0000000088000000, 0x0000000088100000, 0x0000000088100000|100%| O|  |TAMS 0x0000000088100000, 0x0000000088000000| Untracked 
| 129|0x0000000088100000, 0x0000000088200000, 0x0000000088200000|100%| O|  |TAMS 0x0000000088200000, 0x0000000088100000| Untracked 
| 130|0x0000000088200000, 0x0000000088300000, 0x0000000088300000|100%| O|  |TAMS 0x00000000882af400, 0x0000000088200000| Untracked 
| 131|0x0000000088300000, 0x0000000088400000, 0x0000000088400000|100%|HS|  |TAMS 0x0000000088400000, 0x0000000088300000| Complete 
| 132|0x0000000088400000, 0x0000000088500000, 0x0000000088500000|100%| O|  |TAMS 0x0000000088400000, 0x0000000088400000| Untracked 
| 133|0x0000000088500000, 0x0000000088600000, 0x0000000088600000|100%| O|  |TAMS 0x0000000088500000, 0x0000000088500000| Untracked 
| 134|0x0000000088600000, 0x0000000088700000, 0x0000000088700000|100%| O|  |TAMS 0x0000000088600000, 0x0000000088600000| Untracked 
| 135|0x0000000088700000, 0x0000000088800000, 0x0000000088800000|100%| O|  |TAMS 0x0000000088700000, 0x0000000088700000| Untracked 
| 136|0x0000000088800000, 0x0000000088900000, 0x0000000088900000|100%| O|  |TAMS 0x0000000088800000, 0x0000000088800000| Untracked 
| 137|0x0000000088900000, 0x0000000088a00000, 0x0000000088a00000|100%| O|  |TAMS 0x0000000088900000, 0x0000000088900000| Untracked 
| 138|0x0000000088a00000, 0x0000000088b00000, 0x0000000088b00000|100%| O|  |TAMS 0x0000000088a00000, 0x0000000088a00000| Untracked 
| 139|0x0000000088b00000, 0x0000000088c00000, 0x0000000088c00000|100%| O|  |TAMS 0x0000000088b00000, 0x0000000088b00000| Untracked 
| 140|0x0000000088c00000, 0x0000000088d00000, 0x0000000088d00000|100%| O|  |TAMS 0x0000000088c00000, 0x0000000088c00000| Untracked 
| 141|0x0000000088d00000, 0x0000000088e00000, 0x0000000088e00000|100%| O|  |TAMS 0x0000000088d00000, 0x0000000088d00000| Untracked 
| 142|0x0000000088e00000, 0x0000000088f00000, 0x0000000088f00000|100%| O|  |TAMS 0x0000000088e00000, 0x0000000088e00000| Untracked 
| 143|0x0000000088f00000, 0x0000000089000000, 0x0000000089000000|100%| O|  |TAMS 0x0000000088f00000, 0x0000000088f00000| Untracked 
| 144|0x0000000089000000, 0x0000000089100000, 0x0000000089100000|100%| O|  |TAMS 0x0000000089000000, 0x0000000089000000| Untracked 
| 145|0x0000000089100000, 0x0000000089200000, 0x0000000089200000|100%| O|  |TAMS 0x0000000089100000, 0x0000000089100000| Untracked 
| 146|0x0000000089200000, 0x0000000089300000, 0x0000000089300000|100%| O|  |TAMS 0x0000000089200000, 0x0000000089200000| Untracked 
| 147|0x0000000089300000, 0x0000000089400000, 0x0000000089400000|100%| O|  |TAMS 0x0000000089300000, 0x0000000089300000| Untracked 
| 148|0x0000000089400000, 0x0000000089500000, 0x0000000089500000|100%| O|  |TAMS 0x0000000089400000, 0x0000000089400000| Untracked 
| 149|0x0000000089500000, 0x0000000089600000, 0x0000000089600000|100%| O|  |TAMS 0x0000000089500000, 0x0000000089500000| Untracked 
| 150|0x0000000089600000, 0x0000000089700000, 0x0000000089700000|100%| O|  |TAMS 0x0000000089600000, 0x0000000089600000| Untracked 
| 151|0x0000000089700000, 0x0000000089800000, 0x0000000089800000|100%| O|  |TAMS 0x0000000089700000, 0x0000000089700000| Untracked 
| 152|0x0000000089800000, 0x0000000089900000, 0x0000000089900000|100%| O|  |TAMS 0x0000000089800000, 0x0000000089800000| Untracked 
| 153|0x0000000089900000, 0x0000000089a00000, 0x0000000089a00000|100%| O|  |TAMS 0x0000000089900000, 0x0000000089900000| Untracked 
| 154|0x0000000089a00000, 0x0000000089b00000, 0x0000000089b00000|100%| O|  |TAMS 0x0000000089a00000, 0x0000000089a00000| Untracked 
| 155|0x0000000089b00000, 0x0000000089bc8200, 0x0000000089c00000| 78%| O|  |TAMS 0x0000000089b00000, 0x0000000089b00000| Untracked 
| 156|0x0000000089c00000, 0x0000000089d00000, 0x0000000089d00000|100%| O|  |TAMS 0x0000000089c00000, 0x0000000089c00000| Untracked 
| 157|0x0000000089d00000, 0x0000000089e00000, 0x0000000089e00000|100%| O|  |TAMS 0x0000000089d00000, 0x0000000089d00000| Untracked 
| 158|0x0000000089e00000, 0x0000000089f00000, 0x0000000089f00000|100%| O|  |TAMS 0x0000000089e00000, 0x0000000089e00000| Untracked 
| 159|0x0000000089f00000, 0x000000008a000000, 0x000000008a000000|100%| O|  |TAMS 0x0000000089f00000, 0x0000000089f00000| Untracked 
| 160|0x000000008a000000, 0x000000008a100000, 0x000000008a100000|100%| O|  |TAMS 0x000000008a000000, 0x000000008a000000| Untracked 
| 161|0x000000008a100000, 0x000000008a100000, 0x000000008a200000|  0%| F|  |TAMS 0x000000008a100000, 0x000000008a100000| Untracked 
| 162|0x000000008a200000, 0x000000008a200000, 0x000000008a300000|  0%| F|  |TAMS 0x000000008a200000, 0x000000008a200000| Untracked 
| 163|0x000000008a300000, 0x000000008a300000, 0x000000008a400000|  0%| F|  |TAMS 0x000000008a300000, 0x000000008a300000| Untracked 
| 164|0x000000008a400000, 0x000000008a400000, 0x000000008a500000|  0%| F|  |TAMS 0x000000008a400000, 0x000000008a400000| Untracked 
| 165|0x000000008a500000, 0x000000008a500000, 0x000000008a600000|  0%| F|  |TAMS 0x000000008a500000, 0x000000008a500000| Untracked 
| 166|0x000000008a600000, 0x000000008a600000, 0x000000008a700000|  0%| F|  |TAMS 0x000000008a600000, 0x000000008a600000| Untracked 
| 167|0x000000008a700000, 0x000000008a700000, 0x000000008a800000|  0%| F|  |TAMS 0x000000008a700000, 0x000000008a700000| Untracked 
| 168|0x000000008a800000, 0x000000008a800000, 0x000000008a900000|  0%| F|  |TAMS 0x000000008a800000, 0x000000008a800000| Untracked 
| 169|0x000000008a900000, 0x000000008a900000, 0x000000008aa00000|  0%| F|  |TAMS 0x000000008a900000, 0x000000008a900000| Untracked 
| 170|0x000000008aa00000, 0x000000008aa00000, 0x000000008ab00000|  0%| F|  |TAMS 0x000000008aa00000, 0x000000008aa00000| Untracked 
| 171|0x000000008ab00000, 0x000000008ab00000, 0x000000008ac00000|  0%| F|  |TAMS 0x000000008ab00000, 0x000000008ab00000| Untracked 
| 172|0x000000008ac00000, 0x000000008ac00000, 0x000000008ad00000|  0%| F|  |TAMS 0x000000008ac00000, 0x000000008ac00000| Untracked 
| 173|0x000000008ad00000, 0x000000008ad00000, 0x000000008ae00000|  0%| F|  |TAMS 0x000000008ad00000, 0x000000008ad00000| Untracked 
| 174|0x000000008ae00000, 0x000000008ae00000, 0x000000008af00000|  0%| F|  |TAMS 0x000000008ae00000, 0x000000008ae00000| Untracked 
| 175|0x000000008af00000, 0x000000008af00000, 0x000000008b000000|  0%| F|  |TAMS 0x000000008af00000, 0x000000008af00000| Untracked 
| 176|0x000000008b000000, 0x000000008b000000, 0x000000008b100000|  0%| F|  |TAMS 0x000000008b000000, 0x000000008b000000| Untracked 
| 177|0x000000008b100000, 0x000000008b100000, 0x000000008b200000|  0%| F|  |TAMS 0x000000008b100000, 0x000000008b100000| Untracked 
| 178|0x000000008b200000, 0x000000008b200000, 0x000000008b300000|  0%| F|  |TAMS 0x000000008b200000, 0x000000008b200000| Untracked 
| 179|0x000000008b300000, 0x000000008b300000, 0x000000008b400000|  0%| F|  |TAMS 0x000000008b300000, 0x000000008b300000| Untracked 
| 180|0x000000008b400000, 0x000000008b400000, 0x000000008b500000|  0%| F|  |TAMS 0x000000008b400000, 0x000000008b400000| Untracked 
| 181|0x000000008b500000, 0x000000008b500000, 0x000000008b600000|  0%| F|  |TAMS 0x000000008b500000, 0x000000008b500000| Untracked 
| 182|0x000000008b600000, 0x000000008b600000, 0x000000008b700000|  0%| F|  |TAMS 0x000000008b600000, 0x000000008b600000| Untracked 
| 183|0x000000008b700000, 0x000000008b700000, 0x000000008b800000|  0%| F|  |TAMS 0x000000008b700000, 0x000000008b700000| Untracked 
| 184|0x000000008b800000, 0x000000008b800000, 0x000000008b900000|  0%| F|  |TAMS 0x000000008b800000, 0x000000008b800000| Untracked 
| 185|0x000000008b900000, 0x000000008b900000, 0x000000008ba00000|  0%| F|  |TAMS 0x000000008b900000, 0x000000008b900000| Untracked 
| 186|0x000000008ba00000, 0x000000008ba00000, 0x000000008bb00000|  0%| F|  |TAMS 0x000000008ba00000, 0x000000008ba00000| Untracked 
| 187|0x000000008bb00000, 0x000000008bb00000, 0x000000008bc00000|  0%| F|  |TAMS 0x000000008bb00000, 0x000000008bb00000| Untracked 
| 188|0x000000008bc00000, 0x000000008bc00000, 0x000000008bd00000|  0%| F|  |TAMS 0x000000008bc00000, 0x000000008bc00000| Untracked 
| 189|0x000000008bd00000, 0x000000008bd00000, 0x000000008be00000|  0%| F|  |TAMS 0x000000008bd00000, 0x000000008bd00000| Untracked 
| 190|0x000000008be00000, 0x000000008be00000, 0x000000008bf00000|  0%| F|  |TAMS 0x000000008be00000, 0x000000008be00000| Untracked 
| 191|0x000000008bf00000, 0x000000008c000000, 0x000000008c000000|100%| S|CS|TAMS 0x000000008bf00000, 0x000000008bf00000| Complete 
| 192|0x000000008c000000, 0x000000008c100000, 0x000000008c100000|100%| S|CS|TAMS 0x000000008c000000, 0x000000008c000000| Complete 
| 193|0x000000008c100000, 0x000000008c200000, 0x000000008c200000|100%| S|CS|TAMS 0x000000008c100000, 0x000000008c100000| Complete 
| 194|0x000000008c200000, 0x000000008c300000, 0x000000008c300000|100%| S|CS|TAMS 0x000000008c200000, 0x000000008c200000| Complete 
| 195|0x000000008c300000, 0x000000008c400000, 0x000000008c400000|100%| S|CS|TAMS 0x000000008c300000, 0x000000008c300000| Complete 
| 196|0x000000008c400000, 0x000000008c400000, 0x000000008c500000|  0%| F|  |TAMS 0x000000008c400000, 0x000000008c400000| Untracked 
| 197|0x000000008c500000, 0x000000008c500000, 0x000000008c600000|  0%| F|  |TAMS 0x000000008c500000, 0x000000008c500000| Untracked 
| 198|0x000000008c600000, 0x000000008c600000, 0x000000008c700000|  0%| F|  |TAMS 0x000000008c600000, 0x000000008c600000| Untracked 
| 199|0x000000008c700000, 0x000000008c700000, 0x000000008c800000|  0%| F|  |TAMS 0x000000008c700000, 0x000000008c700000| Untracked 
| 200|0x000000008c800000, 0x000000008c800000, 0x000000008c900000|  0%| F|  |TAMS 0x000000008c800000, 0x000000008c800000| Untracked 
| 201|0x000000008c900000, 0x000000008c900000, 0x000000008ca00000|  0%| F|  |TAMS 0x000000008c900000, 0x000000008c900000| Untracked 
| 202|0x000000008ca00000, 0x000000008ca00000, 0x000000008cb00000|  0%| F|  |TAMS 0x000000008ca00000, 0x000000008ca00000| Untracked 
| 203|0x000000008cb00000, 0x000000008cb00000, 0x000000008cc00000|  0%| F|  |TAMS 0x000000008cb00000, 0x000000008cb00000| Untracked 
| 204|0x000000008cc00000, 0x000000008cc00000, 0x000000008cd00000|  0%| F|  |TAMS 0x000000008cc00000, 0x000000008cc00000| Untracked 
| 205|0x000000008cd00000, 0x000000008cd00000, 0x000000008ce00000|  0%| F|  |TAMS 0x000000008cd00000, 0x000000008cd00000| Untracked 
| 206|0x000000008ce00000, 0x000000008ce00000, 0x000000008cf00000|  0%| F|  |TAMS 0x000000008ce00000, 0x000000008ce00000| Untracked 
| 207|0x000000008cf00000, 0x000000008cf00000, 0x000000008d000000|  0%| F|  |TAMS 0x000000008cf00000, 0x000000008cf00000| Untracked 
| 208|0x000000008d000000, 0x000000008d000000, 0x000000008d100000|  0%| F|  |TAMS 0x000000008d000000, 0x000000008d000000| Untracked 
| 209|0x000000008d100000, 0x000000008d100000, 0x000000008d200000|  0%| F|  |TAMS 0x000000008d100000, 0x000000008d100000| Untracked 
| 210|0x000000008d200000, 0x000000008d2c45f8, 0x000000008d300000| 76%| E|  |TAMS 0x000000008d200000, 0x000000008d200000| Complete 
| 211|0x000000008d300000, 0x000000008d400000, 0x000000008d400000|100%| E|CS|TAMS 0x000000008d300000, 0x000000008d300000| Complete 
| 212|0x000000008d400000, 0x000000008d500000, 0x000000008d500000|100%| E|CS|TAMS 0x000000008d400000, 0x000000008d400000| Complete 
| 213|0x000000008d500000, 0x000000008d600000, 0x000000008d600000|100%| E|CS|TAMS 0x000000008d500000, 0x000000008d500000| Complete 
| 214|0x000000008d600000, 0x000000008d700000, 0x000000008d700000|100%| E|CS|TAMS 0x000000008d600000, 0x000000008d600000| Complete 
| 215|0x000000008d700000, 0x000000008d800000, 0x000000008d800000|100%| E|CS|TAMS 0x000000008d700000, 0x000000008d700000| Complete 
| 216|0x000000008d800000, 0x000000008d900000, 0x000000008d900000|100%| E|CS|TAMS 0x000000008d800000, 0x000000008d800000| Complete 
| 217|0x000000008d900000, 0x000000008da00000, 0x000000008da00000|100%| E|CS|TAMS 0x000000008d900000, 0x000000008d900000| Complete 
| 218|0x000000008da00000, 0x000000008db00000, 0x000000008db00000|100%| E|CS|TAMS 0x000000008da00000, 0x000000008da00000| Complete 
| 219|0x000000008db00000, 0x000000008dc00000, 0x000000008dc00000|100%| E|CS|TAMS 0x000000008db00000, 0x000000008db00000| Complete 
| 220|0x000000008dc00000, 0x000000008dd00000, 0x000000008dd00000|100%| E|CS|TAMS 0x000000008dc00000, 0x000000008dc00000| Complete 
| 221|0x000000008dd00000, 0x000000008de00000, 0x000000008de00000|100%| E|CS|TAMS 0x000000008dd00000, 0x000000008dd00000| Complete 
| 222|0x000000008de00000, 0x000000008df00000, 0x000000008df00000|100%| E|CS|TAMS 0x000000008de00000, 0x000000008de00000| Complete 
| 223|0x000000008df00000, 0x000000008e000000, 0x000000008e000000|100%| E|CS|TAMS 0x000000008df00000, 0x000000008df00000| Complete 
| 224|0x000000008e000000, 0x000000008e100000, 0x000000008e100000|100%| E|CS|TAMS 0x000000008e000000, 0x000000008e000000| Complete 
| 225|0x000000008e100000, 0x000000008e200000, 0x000000008e200000|100%| E|CS|TAMS 0x000000008e100000, 0x000000008e100000| Complete 
| 226|0x000000008e200000, 0x000000008e300000, 0x000000008e300000|100%| E|CS|TAMS 0x000000008e200000, 0x000000008e200000| Complete 
| 227|0x000000008e300000, 0x000000008e400000, 0x000000008e400000|100%| E|CS|TAMS 0x000000008e300000, 0x000000008e300000| Complete 
| 228|0x000000008e400000, 0x000000008e500000, 0x000000008e500000|100%| E|CS|TAMS 0x000000008e400000, 0x000000008e400000| Complete 
| 229|0x000000008e500000, 0x000000008e600000, 0x000000008e600000|100%| E|CS|TAMS 0x000000008e500000, 0x000000008e500000| Complete 
| 230|0x000000008e600000, 0x000000008e700000, 0x000000008e700000|100%| E|CS|TAMS 0x000000008e600000, 0x000000008e600000| Complete 
| 231|0x000000008e700000, 0x000000008e800000, 0x000000008e800000|100%| E|CS|TAMS 0x000000008e700000, 0x000000008e700000| Complete 
| 232|0x000000008e800000, 0x000000008e900000, 0x000000008e900000|100%| E|CS|TAMS 0x000000008e800000, 0x000000008e800000| Complete 
| 233|0x000000008e900000, 0x000000008ea00000, 0x000000008ea00000|100%| E|CS|TAMS 0x000000008e900000, 0x000000008e900000| Complete 

Card table byte_map: [0x000001ba29700000,0x000001ba29b00000] _byte_map_base: 0x000001ba29300000

Marking Bits (Prev, Next): (CMBitMap*) 0x000001ba12c64d00, (CMBitMap*) 0x000001ba12c64cc0
 Prev Bits: [0x000001ba2bf00000, 0x000001ba2df00000)
 Next Bits: [0x000001ba29f00000, 0x000001ba2bf00000)

Polling page: 0x000001ba10aa0000

Metaspace:

Usage:
  Non-class:     86.83 MB used.
      Class:     13.84 MB used.
       Both:    100.67 MB used.

Virtual space:
  Non-class space:      128.00 MB reserved,      87.44 MB ( 68%) committed,  2 nodes.
      Class space:      416.00 MB reserved,      14.31 MB (  3%) committed,  1 nodes.
             Both:      544.00 MB reserved,     101.75 MB ( 19%) committed. 

Chunk freelists:
   Non-Class:  7.66 MB
       Class:  1.73 MB
        Both:  9.39 MB

MaxMetaspaceSize: 512.00 MB
CompressedClassSpaceSize: 416.00 MB
Initial GC threshold: 21.00 MB
Current GC threshold: 153.06 MB
CDS: on
MetaspaceReclaimPolicy: balanced
 - commit_granule_bytes: 65536.
 - commit_granule_words: 8192.
 - virtual_space_node_default_size: 8388608.
 - enlarge_chunks_in_place: 1.
 - new_chunks_are_fully_committed: 0.
 - uncommit_free_chunks: 1.
 - use_allocation_guard: 0.
 - handle_deallocations: 1.


Internal statistics:

num_allocs_failed_limit: 9.
num_arena_births: 1342.
num_arena_deaths: 0.
num_vsnodes_births: 3.
num_vsnodes_deaths: 0.
num_space_committed: 1627.
num_space_uncommitted: 0.
num_chunks_returned_to_freelist: 9.
num_chunks_taken_from_freelist: 5922.
num_chunk_merges: 9.
num_chunk_splits: 3811.
num_chunks_enlarged: 2396.
num_inconsistent_stats: 0.

CodeHeap 'non-profiled nmethods': size=120064Kb used=8127Kb max_used=8127Kb free=111936Kb
 bounds [0x000001ba221c0000, 0x000001ba229b0000, 0x000001ba29700000]
CodeHeap 'profiled nmethods': size=120000Kb used=25732Kb max_used=26082Kb free=94267Kb
 bounds [0x000001ba1a700000, 0x000001ba1c080000, 0x000001ba21c30000]
CodeHeap 'non-nmethods': size=5696Kb used=2393Kb max_used=2451Kb free=3302Kb
 bounds [0x000001ba21c30000, 0x000001ba21eb0000, 0x000001ba221c0000]
 total_blobs=14027 nmethods=13095 adapters=845
 compilation: enabled
              stopped_count=0, restarted_count=0
 full_count=0

Compilation events (20 events):
Event: 107.242 Thread 0x000001ba3035fe40 15426       3       java.util.concurrent.ArrayBlockingQueue::enqueue (53 bytes)
Event: 107.243 Thread 0x000001ba3035fe40 nmethod 15426 0x000001ba1acb3410 code [0x000001ba1acb3600, 0x000001ba1acb3c08]
Event: 107.429 Thread 0x000001ba302ff8c0 nmethod 15422 0x000001ba229a4810 code [0x000001ba229a4c80, 0x000001ba229a9998]
Event: 107.430 Thread 0x000001ba302ff8c0 15423       4       java.util.concurrent.locks.AbstractQueuedSynchronizer$ConditionObject::doSignal (54 bytes)
Event: 107.440 Thread 0x000001ba302ff8c0 nmethod 15423 0x000001ba229aca10 code [0x000001ba229acba0, 0x000001ba229ad188]
Event: 107.440 Thread 0x000001ba302ff8c0 15427   !   4       org.gradle.internal.serialize.kryo.KryoBackedDecoder::readLong (15 bytes)
Event: 107.447 Thread 0x000001ba302ff8c0 nmethod 15427 0x000001ba229ad390 code [0x000001ba229ad540, 0x000001ba229ada68]
Event: 107.447 Thread 0x000001ba302ff8c0 15424   !   4       org.gradle.internal.concurrent.ExecutorPolicy$CatchAndRecordFailures::onExecute (29 bytes)
Event: 107.450 Thread 0x000001ba302ff8c0 nmethod 15424 0x000001ba229adf10 code [0x000001ba229ae0a0, 0x000001ba229ae218]
Event: 107.450 Thread 0x000001ba302ff8c0 15428       4       org.gradle.internal.snapshot.FileSystemLocationSnapshot$$Lambda$478/0x000001ba3242e408::apply (10 bytes)
Event: 107.451 Thread 0x000001ba302ff8c0 nmethod 15428 0x000001ba229ae390 code [0x000001ba229ae520, 0x000001ba229ae618]
Event: 107.458 Thread 0x000001ba302ff8c0 15429       4       java.nio.file.attribute.FileTime::toMillis (98 bytes)
Event: 107.459 Thread 0x000001ba302ff8c0 nmethod 15429 0x000001ba229ae710 code [0x000001ba229ae880, 0x000001ba229ae9b8]
Event: 107.469 Thread 0x000001ba302ff8c0 15430   !   4       java.util.concurrent.FutureTask::run (123 bytes)
Event: 107.478 Thread 0x000001ba302ff8c0 nmethod 15430 0x000001ba229aeb10 code [0x000001ba229aecc0, 0x000001ba229af268]
Event: 107.478 Thread 0x000001ba302ff8c0 15431       4       java.util.concurrent.FutureTask::finishCompletion (71 bytes)
Event: 107.482 Thread 0x000001ba302ff8c0 nmethod 15431 0x000001ba229af610 code [0x000001ba229af7a0, 0x000001ba229af9c8]
Event: 107.496 Thread 0x000001ba302ff8c0 15432       4       sun.security.provider.MD5::implCompress (13 bytes)
Event: 107.498 Thread 0x000001ba302ff8c0 nmethod 15432 0x000001ba229afb10 code [0x000001ba229afc80, 0x000001ba229afd78]
Event: 107.501 Thread 0x000001ba302ff8c0 15433       4       org.gradle.cache.internal.ExclusiveCacheAccessingWorker$1::call (10 bytes)

GC Heap History (20 events):
Event: 88.528 GC heap before
{Heap before GC invocations=52 (full 0):
 garbage-first heap   total 219136K, used 134144K [0x0000000080000000, 0x0000000100000000)
  region size 1024K, 10 young (10240K), 8 survivors (8192K)
 Metaspace       used 91359K, committed 92352K, reserved 557056K
  class space    used 12779K, committed 13248K, reserved 425984K
}
Event: 88.551 GC heap after
{Heap after GC invocations=53 (full 0):
 garbage-first heap   total 219136K, used 133564K [0x0000000080000000, 0x0000000100000000)
  region size 1024K, 1 young (1024K), 1 survivors (1024K)
 Metaspace       used 91359K, committed 92352K, reserved 557056K
  class space    used 12779K, committed 13248K, reserved 425984K
}
Event: 90.472 GC heap before
{Heap before GC invocations=53 (full 0):
 garbage-first heap   total 219136K, used 177596K [0x0000000080000000, 0x0000000100000000)
  region size 1024K, 43 young (44032K), 1 survivors (1024K)
 Metaspace       used 92935K, committed 93952K, reserved 557056K
  class space    used 12980K, committed 13440K, reserved 425984K
}
Event: 90.494 GC heap after
{Heap after GC invocations=54 (full 0):
 garbage-first heap   total 219136K, used 141824K [0x0000000080000000, 0x0000000100000000)
  region size 1024K, 6 young (6144K), 6 survivors (6144K)
 Metaspace       used 92935K, committed 93952K, reserved 557056K
  class space    used 12980K, committed 13440K, reserved 425984K
}
Event: 93.029 GC heap before
{Heap before GC invocations=55 (full 0):
 garbage-first heap   total 239616K, used 176640K [0x0000000080000000, 0x0000000100000000)
  region size 1024K, 40 young (40960K), 6 survivors (6144K)
 Metaspace       used 96604K, committed 97664K, reserved 557056K
  class space    used 13500K, committed 13952K, reserved 425984K
}
Event: 93.052 GC heap after
{Heap after GC invocations=56 (full 0):
 garbage-first heap   total 239616K, used 144055K [0x0000000080000000, 0x0000000100000000)
  region size 1024K, 2 young (2048K), 2 survivors (2048K)
 Metaspace       used 96604K, committed 97664K, reserved 557056K
  class space    used 13500K, committed 13952K, reserved 425984K
}
Event: 93.444 GC heap before
{Heap before GC invocations=56 (full 0):
 garbage-first heap   total 239616K, used 153271K [0x0000000080000000, 0x0000000100000000)
  region size 1024K, 11 young (11264K), 2 survivors (2048K)
 Metaspace       used 97292K, committed 98368K, reserved 557056K
  class space    used 13593K, committed 14080K, reserved 425984K
}
Event: 93.467 GC heap after
{Heap after GC invocations=57 (full 0):
 garbage-first heap   total 239616K, used 144124K [0x0000000080000000, 0x0000000100000000)
  region size 1024K, 1 young (1024K), 1 survivors (1024K)
 Metaspace       used 97292K, committed 98368K, reserved 557056K
  class space    used 13593K, committed 14080K, reserved 425984K
}
Event: 96.024 GC heap before
{Heap before GC invocations=57 (full 0):
 garbage-first heap   total 239616K, used 195324K [0x0000000080000000, 0x0000000100000000)
  region size 1024K, 51 young (52224K), 1 survivors (1024K)
 Metaspace       used 98899K, committed 99968K, reserved 557056K
  class space    used 13802K, committed 14272K, reserved 425984K
}
Event: 96.050 GC heap after
{Heap after GC invocations=58 (full 0):
 garbage-first heap   total 239616K, used 149998K [0x0000000080000000, 0x0000000100000000)
  region size 1024K, 7 young (7168K), 7 survivors (7168K)
 Metaspace       used 98899K, committed 99968K, reserved 557056K
  class space    used 13802K, committed 14272K, reserved 425984K
}
Event: 98.696 GC heap before
{Heap before GC invocations=58 (full 0):
 garbage-first heap   total 239616K, used 196078K [0x0000000080000000, 0x0000000100000000)
  region size 1024K, 52 young (53248K), 7 survivors (7168K)
 Metaspace       used 99304K, committed 100352K, reserved 557056K
  class space    used 13824K, committed 14272K, reserved 425984K
}
Event: 98.730 GC heap after
{Heap after GC invocations=59 (full 0):
 garbage-first heap   total 239616K, used 154948K [0x0000000080000000, 0x0000000100000000)
  region size 1024K, 5 young (5120K), 5 survivors (5120K)
 Metaspace       used 99304K, committed 100352K, reserved 557056K
  class space    used 13824K, committed 14272K, reserved 425984K
}
Event: 100.112 GC heap before
{Heap before GC invocations=59 (full 0):
 garbage-first heap   total 239616K, used 196932K [0x0000000080000000, 0x0000000100000000)
  region size 1024K, 47 young (48128K), 5 survivors (5120K)
 Metaspace       used 100312K, committed 101440K, reserved 557056K
  class space    used 13910K, committed 14400K, reserved 425984K
}
Event: 100.144 GC heap after
{Heap after GC invocations=60 (full 0):
 garbage-first heap   total 239616K, used 160674K [0x0000000080000000, 0x0000000100000000)
  region size 1024K, 6 young (6144K), 6 survivors (6144K)
 Metaspace       used 100312K, committed 101440K, reserved 557056K
  class space    used 13910K, committed 14400K, reserved 425984K
}
Event: 102.720 GC heap before
{Heap before GC invocations=60 (full 0):
 garbage-first heap   total 239616K, used 204706K [0x0000000080000000, 0x0000000100000000)
  region size 1024K, 44 young (45056K), 6 survivors (6144K)
 Metaspace       used 102216K, committed 103296K, reserved 557056K
  class space    used 14078K, committed 14592K, reserved 425984K
}
Event: 102.749 GC heap after
{Heap after GC invocations=61 (full 0):
 garbage-first heap   total 239616K, used 164237K [0x0000000080000000, 0x0000000100000000)
  region size 1024K, 5 young (5120K), 5 survivors (5120K)
 Metaspace       used 102216K, committed 103296K, reserved 557056K
  class space    used 14078K, committed 14592K, reserved 425984K
}
Event: 104.558 GC heap before
{Heap before GC invocations=61 (full 0):
 garbage-first heap   total 239616K, used 200077K [0x0000000080000000, 0x0000000100000000)
  region size 1024K, 41 young (41984K), 5 survivors (5120K)
 Metaspace       used 102578K, committed 103680K, reserved 557056K
  class space    used 14083K, committed 14592K, reserved 425984K
}
Event: 104.579 GC heap after
{Heap after GC invocations=62 (full 0):
 garbage-first heap   total 239616K, used 165609K [0x0000000080000000, 0x0000000100000000)
  region size 1024K, 2 young (2048K), 2 survivors (2048K)
 Metaspace       used 102578K, committed 103680K, reserved 557056K
  class space    used 14083K, committed 14592K, reserved 425984K
}
Event: 106.805 GC heap before
{Heap before GC invocations=62 (full 0):
 garbage-first heap   total 239616K, used 201449K [0x0000000080000000, 0x0000000100000000)
  region size 1024K, 38 young (38912K), 2 survivors (2048K)
 Metaspace       used 103089K, committed 104192K, reserved 557056K
  class space    used 14175K, committed 14656K, reserved 425984K
}
Event: 106.824 GC heap after
{Heap after GC invocations=63 (full 0):
 garbage-first heap   total 239616K, used 169760K [0x0000000080000000, 0x0000000100000000)
  region size 1024K, 5 young (5120K), 5 survivors (5120K)
 Metaspace       used 103089K, committed 104192K, reserved 557056K
  class space    used 14175K, committed 14656K, reserved 425984K
}

Dll operation events (14 events):
Event: 0.017 Loaded shared library C:\Program Files\Microsoft\jdk-17.0.8.7-hotspot\bin\java.dll
Event: 0.053 Loaded shared library C:\Program Files\Microsoft\jdk-17.0.8.7-hotspot\bin\jsvml.dll
Event: 0.197 Loaded shared library C:\Program Files\Microsoft\jdk-17.0.8.7-hotspot\bin\zip.dll
Event: 0.210 Loaded shared library C:\Program Files\Microsoft\jdk-17.0.8.7-hotspot\bin\instrument.dll
Event: 0.219 Loaded shared library C:\Program Files\Microsoft\jdk-17.0.8.7-hotspot\bin\net.dll
Event: 0.221 Loaded shared library C:\Program Files\Microsoft\jdk-17.0.8.7-hotspot\bin\nio.dll
Event: 0.230 Loaded shared library C:\Program Files\Microsoft\jdk-17.0.8.7-hotspot\bin\zip.dll
Event: 1.036 Loaded shared library C:\Program Files\Microsoft\jdk-17.0.8.7-hotspot\bin\jimage.dll
Event: 1.392 Loaded shared library C:\Program Files\Microsoft\jdk-17.0.8.7-hotspot\bin\verify.dll
Event: 2.072 Loaded shared library C:\Users\shrey\.gradle\native\68d5fa5c4cc2d200863cafc0d521ce42e7d3e7ee720ec0a83991735586a16f82\windows-amd64\native-platform.dll
Event: 2.174 Loaded shared library C:\Users\shrey\.gradle\native\e376f236ea51e6404a007f0833ffe2c6e607c4080706a723a18a27aeea778392\windows-amd64\native-platform-file-events.dll
Event: 5.839 Loaded shared library C:\Program Files\Microsoft\jdk-17.0.8.7-hotspot\bin\management.dll
Event: 5.850 Loaded shared library C:\Program Files\Microsoft\jdk-17.0.8.7-hotspot\bin\management_ext.dll
Event: 7.469 Loaded shared library C:\Program Files\Microsoft\jdk-17.0.8.7-hotspot\bin\sunmscapi.dll

Deoptimization events (20 events):
Event: 105.192 Thread 0x000001ba533bc8b0 Uncommon trap: trap_request=0xffffffde fr.pc=0x000001ba227d70ec relative=0x000000000000428c
Event: 105.192 Thread 0x000001ba533bc8b0 Uncommon trap: reason=class_check action=maybe_recompile pc=0x000001ba227d70ec method=org.gradle.internal.snapshot.impl.AbstractValueProcessor.processValue(Ljava/lang/Object;Lorg/gradle/internal/snapshot/impl/AbstractValueProcessor$ValueVisitor;)Ljava/lan
Event: 105.192 Thread 0x000001ba533bc8b0 DEOPT PACKING pc=0x000001ba227d70ec sp=0x000000527d6fc920
Event: 105.192 Thread 0x000001ba533bc8b0 DEOPT UNPACKING pc=0x000001ba21c8699d sp=0x000000527d6fc910 mode 2
Event: 105.679 Thread 0x000001ba533baf60 Uncommon trap: trap_request=0xffffff45 fr.pc=0x000001ba2295ef80 relative=0x0000000000000d80
Event: 105.679 Thread 0x000001ba533baf60 Uncommon trap: reason=unstable_if action=reinterpret pc=0x000001ba2295ef80 method=org.gradle.api.internal.artifacts.transform.TransformingAsyncArtifactListener$TransformedArtifact.finalizeValue()Lorg/gradle/internal/Try; @ 130 c2
Event: 105.679 Thread 0x000001ba533baf60 DEOPT PACKING pc=0x000001ba2295ef80 sp=0x000000527d8fec40
Event: 105.679 Thread 0x000001ba533baf60 DEOPT UNPACKING pc=0x000001ba21c8699d sp=0x000000527d8fec08 mode 2
Event: 106.502 Thread 0x000001ba533bc8b0 Uncommon trap: trap_request=0xfffffff4 fr.pc=0x000001ba22984878 relative=0x00000000000000d8
Event: 106.502 Thread 0x000001ba533bc8b0 Uncommon trap: reason=null_check action=make_not_entrant pc=0x000001ba22984878 method=org.gradle.tooling.internal.provider.runner.ClientBuildEventGenerator$Disabled.accept(Lorg/gradle/internal/operations/BuildOperationDescriptor;)Lorg/gradle/tooling/inter
Event: 106.503 Thread 0x000001ba533bc8b0 DEOPT PACKING pc=0x000001ba22984878 sp=0x000000527d6fb360
Event: 106.503 Thread 0x000001ba533bc8b0 DEOPT UNPACKING pc=0x000001ba21c8699d sp=0x000000527d6fb2e8 mode 2
Event: 107.207 Thread 0x000001ba533baf60 Uncommon trap: trap_request=0xffffff45 fr.pc=0x000001ba22994880 relative=0x00000000000006c0
Event: 107.207 Thread 0x000001ba533baf60 Uncommon trap: reason=unstable_if action=reinterpret pc=0x000001ba22994880 method=java.util.concurrent.ArrayBlockingQueue.enqueue(Ljava/lang/Object;)V @ 25 c2
Event: 107.207 Thread 0x000001ba533baf60 DEOPT PACKING pc=0x000001ba22994880 sp=0x000000527d8fb4d0
Event: 107.207 Thread 0x000001ba533baf60 DEOPT UNPACKING pc=0x000001ba21c8699d sp=0x000000527d8fb4a0 mode 2
Event: 107.207 Thread 0x000001ba51497570 Uncommon trap: trap_request=0xffffff45 fr.pc=0x000001ba22995614 relative=0x0000000000000654
Event: 107.207 Thread 0x000001ba51497570 Uncommon trap: reason=unstable_if action=reinterpret pc=0x000001ba22995614 method=java.util.concurrent.ArrayBlockingQueue.dequeue()Ljava/lang/Object; @ 32 c2
Event: 107.207 Thread 0x000001ba51497570 DEOPT PACKING pc=0x000001ba22995614 sp=0x000000527bffed90
Event: 107.207 Thread 0x000001ba51497570 DEOPT UNPACKING pc=0x000001ba21c8699d sp=0x000000527bffed70 mode 2

Classes unloaded (0 events):
No events

Classes redefined (0 events):
No events

Internal exceptions (20 events):
Event: 96.110 Thread 0x000001ba5149a300 Exception <a 'java/lang/IncompatibleClassChangeError'{0x000000008e9cfed8}: Found class java.lang.Object, but interface was expected> (0x000000008e9cfed8) 
thrown [s\src\hotspot\share\interpreter\linkResolver.cpp, line 826]
Event: 96.483 Thread 0x000001ba5149a300 Exception <a 'sun/nio/fs/WindowsException'{0x000000008df5ed78}> (0x000000008df5ed78) 
thrown [s\src\hotspot\share\prims\jni.cpp, line 516]
Event: 96.483 Thread 0x000001ba5149a300 Exception <a 'sun/nio/fs/WindowsException'{0x000000008df603b8}> (0x000000008df603b8) 
thrown [s\src\hotspot\share\prims\jni.cpp, line 516]
Event: 96.483 Thread 0x000001ba5149a300 Exception <a 'sun/nio/fs/WindowsException'{0x000000008df61a48}> (0x000000008df61a48) 
thrown [s\src\hotspot\share\prims\jni.cpp, line 516]
Event: 96.483 Thread 0x000001ba5149a300 Exception <a 'sun/nio/fs/WindowsException'{0x000000008df630d8}> (0x000000008df630d8) 
thrown [s\src\hotspot\share\prims\jni.cpp, line 516]
Event: 100.363 Thread 0x000001ba5149a300 Exception <a 'java/lang/NoSuchMethodError'{0x000000008e308f78}: static Lcom/android/build/gradle/internal/profile/ProjectData;.<clinit>()V> (0x000000008e308f78) 
thrown [s\src\hotspot\share\prims\jni.cpp, line 1107]
Event: 100.391 Thread 0x000001ba5149a300 Exception <a 'java/lang/NoSuchMethodError'{0x000000008e385ff8}: static Lcom/android/build/gradle/internal/profile/TaskMetadata;.<clinit>()V> (0x000000008e385ff8) 
thrown [s\src\hotspot\share\prims\jni.cpp, line 1107]
Event: 100.689 Thread 0x000001ba5149a300 Exception <a 'sun/nio/fs/WindowsException'{0x000000008dff5f30}> (0x000000008dff5f30) 
thrown [s\src\hotspot\share\prims\jni.cpp, line 516]
Event: 100.865 Thread 0x000001ba533bc3a0 Exception <a 'java/lang/NoSuchMethodError'{0x000000008d907190}: 'void java.lang.invoke.DirectMethodHandle$Holder.invokeStatic(java.lang.Object, java.lang.Object, java.lang.Object, java.lang.Object, int, java.lang.Object, java.lang.Object)'> (0x000000008d907190) 
thrown [s\src\hotspot\share\interpreter\linkResolver.cpp, line 759]
Event: 101.131 Thread 0x000001ba533bc3a0 Exception <a 'java/lang/NoSuchMethodError'{0x000000008d8691e0}: 'java.lang.Object java.lang.invoke.DirectMethodHandle$Holder.invokeSpecialIFC(java.lang.Object, java.lang.Object, java.lang.Object)'> (0x000000008d8691e0) 
thrown [s\src\hotspot\share\interpreter\linkResolver.cpp, line 759]
Event: 101.240 Thread 0x000001ba5aa0a7a0 Implicit null exception at 0x000001ba228434ac to 0x000001ba228434f4
Event: 102.202 Thread 0x000001ba533bc3a0 Exception <a 'java/lang/NoSuchMethodError'{0x000000008cc961e8}: 'void java.lang.invoke.DirectMethodHandle$Holder.invokeVirtual(java.lang.Object, java.lang.Object)'> (0x000000008cc961e8) 
thrown [s\src\hotspot\share\interpreter\linkResolver.cpp, line 759]
Event: 104.986 Thread 0x000001ba533bc8b0 Exception <a 'java/lang/ClassNotFoundException'{0x000000008e0a27b0}: groovy/util/FileTreeBuilderBeanInfo> (0x000000008e0a27b0) 
thrown [s\src\hotspot\share\classfile\systemDictionary.cpp, line 256]
Event: 104.988 Thread 0x000001ba533bc8b0 Exception <a 'java/lang/ClassNotFoundException'{0x000000008df03318}: groovy/util/FileTreeBuilderCustomizer> (0x000000008df03318) 
thrown [s\src\hotspot\share\classfile\systemDictionary.cpp, line 256]
Event: 105.010 Thread 0x000001ba533bc8b0 Exception <a 'java/lang/ClassNotFoundException'{0x000000008df41250}: java/io/BufferedWriterBeanInfo> (0x000000008df41250) 
thrown [s\src\hotspot\share\classfile\systemDictionary.cpp, line 256]
Event: 105.010 Thread 0x000001ba533bc8b0 Exception <a 'java/lang/ClassNotFoundException'{0x000000008df46638}: java/io/WriterBeanInfo> (0x000000008df46638) 
thrown [s\src\hotspot\share\classfile\systemDictionary.cpp, line 256]
Event: 105.011 Thread 0x000001ba533bc8b0 Exception <a 'java/lang/ClassNotFoundException'{0x000000008df4b9e8}: java/io/WriterCustomizer> (0x000000008df4b9e8) 
thrown [s\src\hotspot\share\classfile\systemDictionary.cpp, line 256]
Event: 105.011 Thread 0x000001ba533bc8b0 Exception <a 'java/lang/ClassNotFoundException'{0x000000008df59ca0}: java/io/BufferedWriterCustomizer> (0x000000008df59ca0) 
thrown [s\src\hotspot\share\classfile\systemDictionary.cpp, line 256]
Event: 105.192 Thread 0x000001ba533bc8b0 Exception <a 'java/lang/NoSuchMethodError'{0x000000008de16ae0}: static Lcom/android/build/api/variant/BuildConfigField;.<clinit>()V> (0x000000008de16ae0) 
thrown [s\src\hotspot\share\prims\jni.cpp, line 1107]
Event: 106.502 Thread 0x000001ba533bc8b0 Implicit null exception at 0x000001ba229847db to 0x000001ba2298486c

VM Operations (20 events):
Event: 101.300 Executing VM operation: HandshakeAllThreads
Event: 101.300 Executing VM operation: HandshakeAllThreads done
Event: 101.304 Executing VM operation: HandshakeAllThreads
Event: 101.304 Executing VM operation: HandshakeAllThreads done
Event: 102.310 Executing VM operation: Cleanup
Event: 102.310 Executing VM operation: Cleanup done
Event: 102.720 Executing VM operation: G1CollectForAllocation
Event: 102.750 Executing VM operation: G1CollectForAllocation done
Event: 103.755 Executing VM operation: Cleanup
Event: 103.772 Executing VM operation: Cleanup done
Event: 104.557 Executing VM operation: G1CollectForAllocation
Event: 104.580 Executing VM operation: G1CollectForAllocation done
Event: 104.758 Executing VM operation: HandshakeAllThreads
Event: 104.833 Executing VM operation: HandshakeAllThreads done
Event: 105.438 Executing VM operation: ICBufferFull
Event: 105.451 Executing VM operation: ICBufferFull done
Event: 106.466 Executing VM operation: Cleanup
Event: 106.466 Executing VM operation: Cleanup done
Event: 106.805 Executing VM operation: G1CollectForAllocation
Event: 106.824 Executing VM operation: G1CollectForAllocation done

Events (20 events):
Event: 104.030 Thread 0x000001ba5aa0a290 Thread added: 0x000001ba5aa0a290
Event: 104.060 Thread 0x000001ba5aa0d020 Thread added: 0x000001ba5aa0d020
Event: 104.112 Thread 0x000001ba5aa0b1c0 Thread added: 0x000001ba5aa0b1c0
Event: 104.737 Thread 0x000001ba5aa0ee80 Thread added: 0x000001ba5aa0ee80
Event: 105.009 loading class java/io/BufferedWriterBeanInfo
Event: 105.009 loading class java/io/BufferedWriterBeanInfo done
Event: 105.010 loading class java/io/BufferedWriterBeanInfo
Event: 105.010 loading class java/io/BufferedWriterBeanInfo done
Event: 105.010 loading class java/io/WriterBeanInfo
Event: 105.010 loading class java/io/WriterBeanInfo done
Event: 105.010 loading class java/io/WriterBeanInfo
Event: 105.010 loading class java/io/WriterBeanInfo done
Event: 105.010 loading class java/io/WriterCustomizer
Event: 105.010 loading class java/io/WriterCustomizer done
Event: 105.011 loading class java/io/WriterCustomizer
Event: 105.011 loading class java/io/WriterCustomizer done
Event: 105.011 loading class java/io/BufferedWriterCustomizer
Event: 105.011 loading class java/io/BufferedWriterCustomizer done
Event: 105.011 loading class java/io/BufferedWriterCustomizer
Event: 105.011 loading class java/io/BufferedWriterCustomizer done


Dynamic libraries:
0x00007ff6dbf20000 - 0x00007ff6dbf2e000 	C:\Program Files\Microsoft\jdk-17.0.8.7-hotspot\bin\java.exe
0x00007ffde9af0000 - 0x00007ffde9d07000 	C:\Windows\SYSTEM32\ntdll.dll
0x00007ffde90c0000 - 0x00007ffde9184000 	C:\Windows\System32\KERNEL32.DLL
0x00007ffde6e60000 - 0x00007ffde7206000 	C:\Windows\System32\KERNELBASE.dll
0x00007ffde76a0000 - 0x00007ffde77b1000 	C:\Windows\System32\ucrtbase.dll
0x00007ffdd6ef0000 - 0x00007ffdd6f0b000 	C:\Program Files\Microsoft\jdk-17.0.8.7-hotspot\bin\VCRUNTIME140.dll
0x00007ffdd7980000 - 0x00007ffdd7997000 	C:\Program Files\Microsoft\jdk-17.0.8.7-hotspot\bin\jli.dll
0x00007ffde8a10000 - 0x00007ffde8bbe000 	C:\Windows\System32\USER32.dll
0x00007ffde7280000 - 0x00007ffde72a6000 	C:\Windows\System32\win32u.dll
0x00007ffdcf490000 - 0x00007ffdcf723000 	C:\Windows\WinSxS\amd64_microsoft.windows.common-controls_6595b64144ccf1df_6.0.22621.2506_none_270c5ae97388e100\COMCTL32.dll
0x00007ffde7d10000 - 0x00007ffde7d39000 	C:\Windows\System32\GDI32.dll
0x00007ffde9190000 - 0x00007ffde9237000 	C:\Windows\System32\msvcrt.dll
0x00007ffde72b0000 - 0x00007ffde73c8000 	C:\Windows\System32\gdi32full.dll
0x00007ffde7600000 - 0x00007ffde769a000 	C:\Windows\System32\msvcp_win.dll
0x00007ffde85a0000 - 0x00007ffde85d1000 	C:\Windows\System32\IMM32.DLL
0x00007ffdd84e0000 - 0x00007ffdd84ec000 	C:\Program Files\Microsoft\jdk-17.0.8.7-hotspot\bin\vcruntime140_1.dll
0x00007ffdb2c90000 - 0x00007ffdb2d1d000 	C:\Program Files\Microsoft\jdk-17.0.8.7-hotspot\bin\msvcp140.dll
0x00007ffd60d30000 - 0x00007ffd61995000 	C:\Program Files\Microsoft\jdk-17.0.8.7-hotspot\bin\server\jvm.dll
0x00007ffde9410000 - 0x00007ffde94c1000 	C:\Windows\System32\ADVAPI32.dll
0x00007ffde8650000 - 0x00007ffde86f5000 	C:\Windows\System32\sechost.dll
0x00007ffde9990000 - 0x00007ffde9aa7000 	C:\Windows\System32\RPCRT4.dll
0x00007ffde6b80000 - 0x00007ffde6bcd000 	C:\Windows\SYSTEM32\POWRPROF.dll
0x00007ffde3870000 - 0x00007ffde3879000 	C:\Windows\SYSTEM32\WSOCK32.dll
0x00007ffde9890000 - 0x00007ffde9901000 	C:\Windows\System32\WS2_32.dll
0x00007ffdda420000 - 0x00007ffdda454000 	C:\Windows\SYSTEM32\WINMM.dll
0x00007ffdd87b0000 - 0x00007ffdd87ba000 	C:\Windows\SYSTEM32\VERSION.dll
0x00007ffde6b60000 - 0x00007ffde6b73000 	C:\Windows\SYSTEM32\UMPDC.dll
0x00007ffde5e20000 - 0x00007ffde5e38000 	C:\Windows\SYSTEM32\kernel.appcore.dll
0x00007ffdd7ef0000 - 0x00007ffdd7efa000 	C:\Program Files\Microsoft\jdk-17.0.8.7-hotspot\bin\jimage.dll
0x00007ffde46b0000 - 0x00007ffde48e3000 	C:\Windows\SYSTEM32\DBGHELP.DLL
0x00007ffde94d0000 - 0x00007ffde9859000 	C:\Windows\System32\combase.dll
0x00007ffde9240000 - 0x00007ffde9317000 	C:\Windows\System32\OLEAUT32.dll
0x00007ffdd8940000 - 0x00007ffdd8972000 	C:\Windows\SYSTEM32\dbgcore.DLL
0x00007ffde77c0000 - 0x00007ffde783a000 	C:\Windows\System32\bcryptPrimitives.dll
0x00007ffdbfeb0000 - 0x00007ffdbfebe000 	C:\Program Files\Microsoft\jdk-17.0.8.7-hotspot\bin\instrument.dll
0x00007ffdd48b0000 - 0x00007ffdd48d5000 	C:\Program Files\Microsoft\jdk-17.0.8.7-hotspot\bin\java.dll
0x00007ffda82f0000 - 0x00007ffda83c7000 	C:\Program Files\Microsoft\jdk-17.0.8.7-hotspot\bin\jsvml.dll
0x00007ffde7d40000 - 0x00007ffde859a000 	C:\Windows\System32\SHELL32.dll
0x00007ffde4d30000 - 0x00007ffde5626000 	C:\Windows\SYSTEM32\windows.storage.dll
0x00007ffde4bf0000 - 0x00007ffde4d2e000 	C:\Windows\SYSTEM32\wintypes.dll
0x00007ffde8fc0000 - 0x00007ffde90b3000 	C:\Windows\System32\SHCORE.dll
0x00007ffde8ea0000 - 0x00007ffde8efe000 	C:\Windows\System32\shlwapi.dll
0x00007ffde6d90000 - 0x00007ffde6db6000 	C:\Windows\SYSTEM32\profapi.dll
0x00007ffdbfa00000 - 0x00007ffdbfa18000 	C:\Program Files\Microsoft\jdk-17.0.8.7-hotspot\bin\zip.dll
0x00007ffdd6c20000 - 0x00007ffdd6c39000 	C:\Program Files\Microsoft\jdk-17.0.8.7-hotspot\bin\net.dll
0x00007ffddaf10000 - 0x00007ffddb047000 	C:\Windows\SYSTEM32\WINHTTP.dll
0x00007ffde62a0000 - 0x00007ffde6309000 	C:\Windows\system32\mswsock.dll
0x00007ffdd5690000 - 0x00007ffdd56a6000 	C:\Program Files\Microsoft\jdk-17.0.8.7-hotspot\bin\nio.dll
0x00007ffdd6fb0000 - 0x00007ffdd6fc0000 	C:\Program Files\Microsoft\jdk-17.0.8.7-hotspot\bin\verify.dll
0x00007ffdd9f10000 - 0x00007ffdd9f37000 	C:\Users\shrey\.gradle\native\68d5fa5c4cc2d200863cafc0d521ce42e7d3e7ee720ec0a83991735586a16f82\windows-amd64\native-platform.dll
0x00007ffd7b560000 - 0x00007ffd7b6a4000 	C:\Users\shrey\.gradle\native\e376f236ea51e6404a007f0833ffe2c6e607c4080706a723a18a27aeea778392\windows-amd64\native-platform-file-events.dll
0x00007ffdd1330000 - 0x00007ffdd1339000 	C:\Program Files\Microsoft\jdk-17.0.8.7-hotspot\bin\management.dll
0x00007ffdc0430000 - 0x00007ffdc043b000 	C:\Program Files\Microsoft\jdk-17.0.8.7-hotspot\bin\management_ext.dll
0x00007ffde9870000 - 0x00007ffde9878000 	C:\Windows\System32\PSAPI.DLL
0x00007ffde6540000 - 0x00007ffde655b000 	C:\Windows\SYSTEM32\CRYPTSP.dll
0x00007ffde5d80000 - 0x00007ffde5db5000 	C:\Windows\system32\rsaenh.dll
0x00007ffde63b0000 - 0x00007ffde63dc000 	C:\Windows\SYSTEM32\USERENV.dll
0x00007ffde6720000 - 0x00007ffde6748000 	C:\Windows\SYSTEM32\bcrypt.dll
0x00007ffde6530000 - 0x00007ffde653c000 	C:\Windows\SYSTEM32\CRYPTBASE.dll
0x00007ffde5920000 - 0x00007ffde594d000 	C:\Windows\SYSTEM32\IPHLPAPI.DLL
0x00007ffde8fb0000 - 0x00007ffde8fb9000 	C:\Windows\System32\NSI.dll
0x00007ffddaef0000 - 0x00007ffddaf09000 	C:\Windows\SYSTEM32\dhcpcsvc6.DLL
0x00007ffddaed0000 - 0x00007ffddaeef000 	C:\Windows\SYSTEM32\dhcpcsvc.DLL
0x00007ffde5950000 - 0x00007ffde5a49000 	C:\Windows\SYSTEM32\DNSAPI.dll
0x00007ffdbea00000 - 0x00007ffdbea0e000 	C:\Program Files\Microsoft\jdk-17.0.8.7-hotspot\bin\sunmscapi.dll
0x00007ffde73d0000 - 0x00007ffde7536000 	C:\Windows\System32\CRYPT32.dll
0x00007ffde66f0000 - 0x00007ffde671d000 	C:\Windows\SYSTEM32\ncrypt.dll
0x00007ffde66b0000 - 0x00007ffde66e7000 	C:\Windows\SYSTEM32\NTASN1.dll
0x00007ffdd85e0000 - 0x00007ffdd85e8000 	C:\Windows\system32\wshunix.dll
0x00007ffd9d8e0000 - 0x00007ffd9d8f7000 	C:\Windows\system32\napinsp.dll
0x00007ffd9d8c0000 - 0x00007ffd9d8db000 	C:\Windows\system32\pnrpnsp.dll
0x00007ffd9d8a0000 - 0x00007ffd9d8b1000 	C:\Windows\System32\winrnr.dll
0x00007ffdb51a0000 - 0x00007ffdb51b5000 	C:\Windows\system32\wshbth.dll
0x00007ffd9d870000 - 0x00007ffd9d891000 	C:\Windows\system32\nlansp_c.dll
0x00007ffdd34d0000 - 0x00007ffdd34da000 	C:\Windows\System32\rasadhlp.dll
0x00007ffdda140000 - 0x00007ffdda1c3000 	C:\Windows\System32\fwpuclnt.dll

dbghelp: loaded successfully - version: 4.0.5 - missing functions: none
symbol engine: initialized successfully - sym options: 0x614 - pdb path: .;C:\Program Files\Microsoft\jdk-17.0.8.7-hotspot\bin;C:\Windows\SYSTEM32;C:\Windows\WinSxS\amd64_microsoft.windows.common-controls_6595b64144ccf1df_6.0.22621.2506_none_270c5ae97388e100;C:\Program Files\Microsoft\jdk-17.0.8.7-hotspot\bin\server;C:\Users\shrey\.gradle\native\68d5fa5c4cc2d200863cafc0d521ce42e7d3e7ee720ec0a83991735586a16f82\windows-amd64;C:\Users\shrey\.gradle\native\e376f236ea51e6404a007f0833ffe2c6e607c4080706a723a18a27aeea778392\windows-amd64

VM Arguments:
jvm_args: -XX:MaxMetaspaceSize=512m --add-opens=java.base/java.util=ALL-UNNAMED --add-opens=java.base/java.lang=ALL-UNNAMED --add-opens=java.base/java.lang.invoke=ALL-UNNAMED --add-opens=java.prefs/java.util.prefs=ALL-UNNAMED --add-opens=java.base/java.nio.charset=ALL-UNNAMED --add-opens=java.base/java.net=ALL-UNNAMED --add-opens=java.base/java.util.concurrent.atomic=ALL-UNNAMED -Xmx2048m -Dfile.encoding=windows-1252 -Duser.country=IN -Duser.language=en -Duser.variant -javaagent:C:\Users\shrey\.gradle\wrapper\dists\gradle-8.3-all\6en3ugtfdg5xnpx44z4qbwgas\gradle-8.3\lib\agents\gradle-instrumentation-agent-8.3.jar 
java_command: org.gradle.launcher.daemon.bootstrap.GradleDaemon 8.3
java_class_path (initial): C:\Users\shrey\.gradle\wrapper\dists\gradle-8.3-all\6en3ugtfdg5xnpx44z4qbwgas\gradle-8.3\lib\gradle-launcher-8.3.jar
Launcher Type: SUN_STANDARD

[Global flags]
     intx CICompilerCount                          = 2                                         {product} {ergonomic}
   size_t CompressedClassSpaceSize                 = 436207616                                 {product} {ergonomic}
     uint ConcGCThreads                            = 1                                         {product} {ergonomic}
     uint G1ConcRefinementThreads                  = 2                                         {product} {ergonomic}
   size_t G1HeapRegionSize                         = 1048576                                   {product} {ergonomic}
    uintx GCDrainStackTargetSize                   = 64                                        {product} {ergonomic}
   size_t InitialHeapSize                          = 132120576                                 {product} {ergonomic}
   size_t MarkStackSize                            = 4194304                                   {product} {ergonomic}
   size_t MaxHeapSize                              = 2147483648                                {product} {command line}
   size_t MaxMetaspaceSize                         = 536870912                                 {product} {command line}
   size_t MaxNewSize                               = 1287651328                                {product} {ergonomic}
   size_t MinHeapDeltaBytes                        = 1048576                                   {product} {ergonomic}
   size_t MinHeapSize                              = 8388608                                   {product} {ergonomic}
    uintx NonNMethodCodeHeapSize                   = 5826188                                {pd product} {ergonomic}
    uintx NonProfiledCodeHeapSize                  = 122916026                              {pd product} {ergonomic}
    uintx ProfiledCodeHeapSize                     = 122916026                              {pd product} {ergonomic}
    uintx ReservedCodeCacheSize                    = 251658240                              {pd product} {ergonomic}
     bool SegmentedCodeCache                       = true                                      {product} {ergonomic}
   size_t SoftMaxHeapSize                          = 2147483648                             {manageable} {ergonomic}
     bool UseCompressedClassPointers               = true                           {product lp64_product} {ergonomic}
     bool UseCompressedOops                        = true                           {product lp64_product} {ergonomic}
     bool UseG1GC                                  = true                                      {product} {ergonomic}
     bool UseLargePagesIndividualAllocation        = false                                  {pd product} {ergonomic}

Logging:
Log output configuration:
 #0: stdout all=warning uptime,level,tags
 #1: stderr all=off uptime,level,tags

Environment Variables:
JAVA_HOME=C:\Program Files\Microsoft\jdk-17.0.8.7-hotspot\
CLASSPATH=C:\Users\shrey\Desktop\washir-main\android\\gradle\wrapper\gradle-wrapper.jar
PATH=C:\Users\shrey\Desktop\washir-main\node_modules\.bin;C:\Users\shrey\Desktop\washir-main\node_modules\.bin;C:\Users\shrey\Desktop\node_modules\.bin;C:\Users\shrey\node_modules\.bin;C:\Users\node_modules\.bin;C:\node_modules\.bin;C:\Program Files\nodejs\node_modules\npm\node_modules\@npmcli\run-script\lib\node-gyp-bin;C:\Users\shrey\Desktop\washir-main\node_modules\.bin;C:\Users\shrey\Desktop\node_modules\.bin;C:\Users\shrey\node_modules\.bin;C:\Users\node_modules\.bin;C:\node_modules\.bin;C:\Program Files\nodejs\node_modules\npm\node_modules\@npmcli\run-script\lib\node-gyp-bin;C:\Program Files\Microsoft\jdk-17.0.8.7-hotspot\bin;C:\Windows\system32;C:\Windows;C:\Windows\System32\Wbem;C:\Windows\System32\WindowsPowerShell\v1.0\;C:\Windows\System32\OpenSSH\;C:\ProgramData\chocolatey\bin;C:\Program Files\nodejs\;C:\Users\shrey\AppData\Local\Android\Sdk\platform-tools;C:\Program Files\Git\cmd;C:\Users\shrey\AppData\Local\Microsoft\WindowsApps;C:\Users\shrey\AppData\Local\Programs\Microsoft VS Code\bin;C:\Users\shrey\AppData\Roaming\npm;
USERNAME=shrey
LANG=en_US.UTF-8
OS=Windows_NT
PROCESSOR_IDENTIFIER=Intel64 Family 6 Model 122 Stepping 8, GenuineIntel
TMP=C:\Users\shrey\AppData\Local\Temp
TEMP=C:\Users\shrey\AppData\Local\Temp



---------------  S Y S T E M  ---------------

OS:
 Windows 11 , 64 bit Build 22621 (10.0.22621.2506)
OS uptime: 2 days 23:15 hours
Hyper-V role detected

CPU: total 2 (initial active 2) (2 cores per cpu, 1 threads per core) family 6 model 122 stepping 8 microcode 0x1c, cx8, cmov, fxsr, mmx, 3dnowpref, sse, sse2, sse3, ssse3, sse4.1, sse4.2, popcnt, tsc, tscinvbit, aes, erms, clmul, sha, clflush, clflushopt, hv
Processor Information for all 2 processors :
  Max Mhz: 1101, Current Mhz: 1101, Mhz Limit: 1101

Memory: 4k page, system-wide physical 8014M (369M free)
TotalPageFile size 14386M (AvailPageFile size 2412M)
current process WorkingSet (physical memory assigned to process): 520M, peak: 527M
current process commit charge ("private bytes"): 550M, peak: 558M

vm_info: OpenJDK 64-Bit Server VM (17.0.8+7-LTS) for windows-amd64 JRE (17.0.8+7-LTS), built on Jul  7 2023 17:21:55 by "MicrosoftCorporation" with MS VC++ 16.10 / 16.11 (VS2019)

END.
